[ 2017-03-30T00:00:09+08:00 ] 127.0.0.1 /myblog/Home/Cate/index/cateName/php.html
INFO: [ app_init ] --START--
INFO: Run Behavior\BuildLiteBehavior [ RunTime:0.000000s ]
INFO: [ app_init ] --END-- [ RunTime:0.001000s ]
INFO: [ app_begin ] --START--
INFO: Run Behavior\ReadHtmlCacheBehavior [ RunTime:0.000000s ]
INFO: [ app_begin ] --END-- [ RunTime:0.000000s ]
SQL: SHOW COLUMNS FROM `cate` [ RunTime:0.0040s ]
SQL: SHOW COLUMNS FROM `article` [ RunTime:0.0040s ]
SQL: SELECT `name`,`article_sum` FROM `cate`  [ RunTime:0.0010s ]
SQL: SELECT * FROM `cate` WHERE ( name = 'php' )  [ RunTime:0.0010s ]
SQL: SELECT * FROM `article` WHERE ( id>0 ) ORDER BY `click_sum` asc LIMIT 7   [ RunTime:0.0020s ]
SQL: SHOW COLUMNS FROM `comments` [ RunTime:0.0040s ]
SQL: SELECT * FROM `comments` WHERE ( id>0 ) ORDER BY `com_time` desc LIMIT 5   [ RunTime:0.0000s ]
SQL: SELECT COUNT(*) AS tp_count FROM `article` WHERE ( id>= 1 and category = 'php' ) LIMIT 1   [ RunTime:0.0010s ]
SQL: SELECT * FROM `article` WHERE ( id>= 1 and category = 'php' ) ORDER BY `create_time` desc LIMIT 0,4   [ RunTime:0.0000s ]
INFO: [ view_parse ] --START--
INFO: [ template_filter ] --START--
INFO: Run Behavior\ContentReplaceBehavior [ RunTime:0.000000s ]
INFO: [ template_filter ] --END-- [ RunTime:0.000000s ]
INFO: Run Behavior\ParseTemplateBehavior [ RunTime:0.025001s ]
INFO: [ view_parse ] --END-- [ RunTime:0.026001s ]
INFO: [ view_filter ] --START--
INFO: Run Behavior\WriteHtmlCacheBehavior [ RunTime:0.001000s ]
INFO: [ view_filter ] --END-- [ RunTime:0.001000s ]
INFO: [ app_end ] --START--
INFO: Run Behavior\ShowPageTraceBehavior [ RunTime:0.001000s ]
INFO: [ app_end ] --END-- [ RunTime:0.001000s ]

[ 2017-03-30T00:00:09+08:00 ] 127.0.0.1 /myblog/Home/Index/verifyShow.html
INFO: [ app_init ] --START--
INFO: Run Behavior\BuildLiteBehavior [ RunTime:0.000000s ]
INFO: [ app_init ] --END-- [ RunTime:0.000000s ]
INFO: [ app_begin ] --START--
INFO: Run Behavior\ReadHtmlCacheBehavior [ RunTime:0.001000s ]
INFO: [ app_begin ] --END-- [ RunTime:0.001000s ]
INFO: [ app_end ] --START--
INFO: Run Behavior\ShowPageTraceBehavior [ RunTime:0.001000s ]
INFO: [ app_end ] --END-- [ RunTime:0.001000s ]

[ 2017-03-30T00:00:39+08:00 ] 127.0.0.1 /myblog/Home/Cate/index/cateName/php.html
INFO: [ app_init ] --START--
INFO: Run Behavior\BuildLiteBehavior [ RunTime:0.000000s ]
INFO: [ app_init ] --END-- [ RunTime:0.001000s ]
INFO: [ app_begin ] --START--
INFO: Run Behavior\ReadHtmlCacheBehavior [ RunTime:0.001000s ]
INFO: [ app_begin ] --END-- [ RunTime:0.001000s ]
SQL: SHOW COLUMNS FROM `cate` [ RunTime:0.1070s ]
SQL: SHOW COLUMNS FROM `article` [ RunTime:0.0050s ]
SQL: SELECT `name`,`article_sum` FROM `cate`  [ RunTime:0.0000s ]
SQL: SELECT * FROM `cate` WHERE ( name = 'php' )  [ RunTime:0.0010s ]
SQL: SELECT * FROM `article` WHERE ( id>0 ) ORDER BY `click_sum` asc LIMIT 7   [ RunTime:0.0010s ]
SQL: SHOW COLUMNS FROM `comments` [ RunTime:0.0050s ]
SQL: SELECT * FROM `comments` WHERE ( id>0 ) ORDER BY `com_time` desc LIMIT 5   [ RunTime:0.0010s ]
SQL: SELECT COUNT(*) AS tp_count FROM `article` WHERE ( id>= 1 and category = 'php' ) LIMIT 1   [ RunTime:0.0000s ]
SQL: SELECT * FROM `article` WHERE ( id>= 1 and category = 'php' ) ORDER BY `create_time` desc LIMIT 0,4   [ RunTime:0.0010s ]
INFO: [ view_parse ] --START--
INFO: [ template_filter ] --START--
INFO: Run Behavior\ContentReplaceBehavior [ RunTime:0.001000s ]
INFO: [ template_filter ] --END-- [ RunTime:0.001000s ]
INFO: Run Behavior\ParseTemplateBehavior [ RunTime:0.025001s ]
INFO: [ view_parse ] --END-- [ RunTime:0.025001s ]
INFO: [ view_filter ] --START--
INFO: Run Behavior\WriteHtmlCacheBehavior [ RunTime:0.001000s ]
INFO: [ view_filter ] --END-- [ RunTime:0.001000s ]
INFO: [ app_end ] --START--
INFO: Run Behavior\ShowPageTraceBehavior [ RunTime:0.001000s ]
INFO: [ app_end ] --END-- [ RunTime:0.001000s ]

[ 2017-03-30T00:00:39+08:00 ] 127.0.0.1 /myblog/Home/Index/verifyShow.html
INFO: [ app_init ] --START--
INFO: Run Behavior\BuildLiteBehavior [ RunTime:0.000000s ]
INFO: [ app_init ] --END-- [ RunTime:0.001000s ]
INFO: [ app_begin ] --START--
INFO: Run Behavior\ReadHtmlCacheBehavior [ RunTime:0.001000s ]
INFO: [ app_begin ] --END-- [ RunTime:0.001000s ]
INFO: [ app_end ] --START--
INFO: Run Behavior\ShowPageTraceBehavior [ RunTime:0.001000s ]
INFO: [ app_end ] --END-- [ RunTime:0.001000s ]

[ 2017-03-30T00:00:44+08:00 ] 127.0.0.1 /myblog/Home/Dairy/index.html
INFO: [ app_init ] --START--
INFO: Run Behavior\BuildLiteBehavior [ RunTime:0.000000s ]
INFO: [ app_init ] --END-- [ RunTime:0.000000s ]
INFO: [ app_begin ] --START--
INFO: Run Behavior\ReadHtmlCacheBehavior [ RunTime:0.001000s ]
INFO: [ app_begin ] --END-- [ RunTime:0.001000s ]
SQL: SHOW COLUMNS FROM `cate` [ RunTime:0.0040s ]
SQL: SHOW COLUMNS FROM `article` [ RunTime:0.0030s ]
SQL: SHOW COLUMNS FROM `comments` [ RunTime:0.0030s ]
SQL: SELECT `name`,`article_sum` FROM `cate`  [ RunTime:0.0000s ]
SQL: SELECT * FROM `article` WHERE ( id>0 ) ORDER BY `click_sum` asc LIMIT 7   [ RunTime:0.0000s ]
INFO: [ view_parse ] --START--
INFO: [ template_filter ] --START--
INFO: Run Behavior\ContentReplaceBehavior [ RunTime:0.000000s ]
INFO: [ template_filter ] --END-- [ RunTime:0.000000s ]
INFO: Run Behavior\ParseTemplateBehavior [ RunTime:0.020002s ]
INFO: [ view_parse ] --END-- [ RunTime:0.020002s ]
INFO: [ view_filter ] --START--
INFO: Run Behavior\WriteHtmlCacheBehavior [ RunTime:0.001000s ]
INFO: [ view_filter ] --END-- [ RunTime:0.001000s ]
INFO: [ app_end ] --START--
INFO: Run Behavior\ShowPageTraceBehavior [ RunTime:0.001000s ]
INFO: [ app_end ] --END-- [ RunTime:0.001000s ]

[ 2017-03-30T00:00:44+08:00 ] 127.0.0.1 /myblog/Home/Index/verifyShow.html
INFO: [ app_init ] --START--
INFO: Run Behavior\BuildLiteBehavior [ RunTime:0.000000s ]
INFO: [ app_init ] --END-- [ RunTime:0.001000s ]
INFO: [ app_begin ] --START--
INFO: Run Behavior\ReadHtmlCacheBehavior [ RunTime:0.001000s ]
INFO: [ app_begin ] --END-- [ RunTime:0.001000s ]
INFO: [ app_end ] --START--
INFO: Run Behavior\ShowPageTraceBehavior [ RunTime:0.001000s ]
INFO: [ app_end ] --END-- [ RunTime:0.001000s ]

[ 2017-03-30T00:01:53+08:00 ] 127.0.0.1 /myblog/Home/Dairy/index.html
INFO: [ app_init ] --START--
INFO: Run Behavior\BuildLiteBehavior [ RunTime:0.000000s ]
INFO: [ app_init ] --END-- [ RunTime:0.001001s ]
INFO: [ app_begin ] --START--
INFO: Run Behavior\ReadHtmlCacheBehavior [ RunTime:0.000000s ]
INFO: [ app_begin ] --END-- [ RunTime:0.000000s ]
SQL: SHOW COLUMNS FROM `cate` [ RunTime:0.0030s ]
SQL: SHOW COLUMNS FROM `article` [ RunTime:0.0030s ]
SQL: SHOW COLUMNS FROM `comments` [ RunTime:0.0040s ]
SQL: SELECT `name`,`article_sum` FROM `cate`  [ RunTime:0.0000s ]
SQL: SELECT * FROM `article` WHERE ( id>0 ) ORDER BY `click_sum` asc LIMIT 7   [ RunTime:0.0010s ]
INFO: [ view_parse ] --START--
INFO: [ template_filter ] --START--
INFO: Run Behavior\ContentReplaceBehavior [ RunTime:0.000000s ]
INFO: [ template_filter ] --END-- [ RunTime:0.001000s ]
INFO: Run Behavior\ParseTemplateBehavior [ RunTime:0.020001s ]
INFO: [ view_parse ] --END-- [ RunTime:0.020001s ]
INFO: [ view_filter ] --START--
INFO: Run Behavior\WriteHtmlCacheBehavior [ RunTime:0.001000s ]
INFO: [ view_filter ] --END-- [ RunTime:0.001000s ]
INFO: [ app_end ] --START--
INFO: Run Behavior\ShowPageTraceBehavior [ RunTime:0.002000s ]
INFO: [ app_end ] --END-- [ RunTime:0.002000s ]

[ 2017-03-30T00:01:54+08:00 ] 127.0.0.1 /myblog/Home/Index/verifyShow.html
INFO: [ app_init ] --START--
INFO: Run Behavior\BuildLiteBehavior [ RunTime:0.000000s ]
INFO: [ app_init ] --END-- [ RunTime:0.000000s ]
INFO: [ app_begin ] --START--
INFO: Run Behavior\ReadHtmlCacheBehavior [ RunTime:0.001000s ]
INFO: [ app_begin ] --END-- [ RunTime:0.001000s ]
INFO: [ app_end ] --START--
INFO: Run Behavior\ShowPageTraceBehavior [ RunTime:0.002000s ]
INFO: [ app_end ] --END-- [ RunTime:0.002000s ]

[ 2017-03-30T00:02:47+08:00 ] 127.0.0.1 /myblog/Home/Dairy/index.html
INFO: [ app_init ] --START--
INFO: Run Behavior\BuildLiteBehavior [ RunTime:0.000000s ]
INFO: [ app_init ] --END-- [ RunTime:0.000000s ]
INFO: [ app_begin ] --START--
INFO: Run Behavior\ReadHtmlCacheBehavior [ RunTime:0.000000s ]
INFO: [ app_begin ] --END-- [ RunTime:0.000000s ]
SQL: SHOW COLUMNS FROM `cate` [ RunTime:0.0000s ]
SQL: SHOW COLUMNS FROM `article` [ RunTime:0.0156s ]
SQL: SHOW COLUMNS FROM `comments` [ RunTime:0.0000s ]
SQL: SELECT `name`,`article_sum` FROM `cate`  [ RunTime:0.0000s ]
SQL: SELECT * FROM `article` WHERE ( id>0 ) ORDER BY `click_sum` asc LIMIT 7   [ RunTime:0.0000s ]
INFO: [ view_parse ] --START--
INFO: [ template_filter ] --START--
INFO: Run Behavior\ContentReplaceBehavior [ RunTime:0.000000s ]
INFO: [ template_filter ] --END-- [ RunTime:0.000000s ]
INFO: Run Behavior\ParseTemplateBehavior [ RunTime:0.015600s ]
INFO: [ view_parse ] --END-- [ RunTime:0.015600s ]
INFO: [ view_filter ] --START--
INFO: Run Behavior\WriteHtmlCacheBehavior [ RunTime:0.000000s ]
INFO: [ view_filter ] --END-- [ RunTime:0.000000s ]
INFO: [ app_end ] --START--
INFO: Run Behavior\ShowPageTraceBehavior [ RunTime:0.000000s ]
INFO: [ app_end ] --END-- [ RunTime:0.000000s ]

[ 2017-03-30T00:02:47+08:00 ] 127.0.0.1 /myblog/Home/Index/verifyShow.html
INFO: [ app_init ] --START--
INFO: Run Behavior\BuildLiteBehavior [ RunTime:0.000000s ]
INFO: [ app_init ] --END-- [ RunTime:0.000000s ]
INFO: [ app_begin ] --START--
INFO: Run Behavior\ReadHtmlCacheBehavior [ RunTime:0.000000s ]
INFO: [ app_begin ] --END-- [ RunTime:0.000000s ]
INFO: [ app_end ] --START--
INFO: Run Behavior\ShowPageTraceBehavior [ RunTime:0.000000s ]
INFO: [ app_end ] --END-- [ RunTime:0.000000s ]

[ 2017-03-30T00:02:54+08:00 ] 127.0.0.1 /myblog/Home/Dairy/index.html
INFO: [ app_init ] --START--
INFO: Run Behavior\BuildLiteBehavior [ RunTime:0.000000s ]
INFO: [ app_init ] --END-- [ RunTime:0.000000s ]
INFO: [ app_begin ] --START--
INFO: Run Behavior\ReadHtmlCacheBehavior [ RunTime:0.000000s ]
INFO: [ app_begin ] --END-- [ RunTime:0.000000s ]
SQL: SHOW COLUMNS FROM `cate` [ RunTime:0.0156s ]
SQL: SHOW COLUMNS FROM `article` [ RunTime:0.0000s ]
SQL: SHOW COLUMNS FROM `comments` [ RunTime:0.0000s ]
SQL: SELECT `name`,`article_sum` FROM `cate`  [ RunTime:0.0000s ]
SQL: SELECT * FROM `article` WHERE ( id>0 ) ORDER BY `click_sum` asc LIMIT 7   [ RunTime:0.0000s ]
INFO: [ view_parse ] --START--
INFO: [ template_filter ] --START--
INFO: Run Behavior\ContentReplaceBehavior [ RunTime:0.000000s ]
INFO: [ template_filter ] --END-- [ RunTime:0.000000s ]
INFO: Run Behavior\ParseTemplateBehavior [ RunTime:0.015600s ]
INFO: [ view_parse ] --END-- [ RunTime:0.015600s ]
INFO: [ view_filter ] --START--
INFO: Run Behavior\WriteHtmlCacheBehavior [ RunTime:0.000000s ]
INFO: [ view_filter ] --END-- [ RunTime:0.000000s ]
INFO: [ app_end ] --START--
INFO: Run Behavior\ShowPageTraceBehavior [ RunTime:0.000000s ]
INFO: [ app_end ] --END-- [ RunTime:0.000000s ]

[ 2017-03-30T00:02:54+08:00 ] 127.0.0.1 /myblog/Home/Index/verifyShow.html
INFO: [ app_init ] --START--
INFO: Run Behavior\BuildLiteBehavior [ RunTime:0.000000s ]
INFO: [ app_init ] --END-- [ RunTime:0.000000s ]
INFO: [ app_begin ] --START--
INFO: Run Behavior\ReadHtmlCacheBehavior [ RunTime:0.000000s ]
INFO: [ app_begin ] --END-- [ RunTime:0.000000s ]
INFO: [ app_end ] --START--
INFO: Run Behavior\ShowPageTraceBehavior [ RunTime:0.000000s ]
INFO: [ app_end ] --END-- [ RunTime:0.000000s ]

[ 2017-03-30T00:03:10+08:00 ] 127.0.0.1 /myblog/Home/Index/index.html
INFO: [ app_init ] --START--
INFO: Run Behavior\BuildLiteBehavior [ RunTime:0.000000s ]
INFO: [ app_init ] --END-- [ RunTime:0.000000s ]
INFO: [ app_begin ] --START--
INFO: Run Behavior\ReadHtmlCacheBehavior [ RunTime:0.000000s ]
INFO: [ app_begin ] --END-- [ RunTime:0.000000s ]
SQL: SHOW COLUMNS FROM `cate` [ RunTime:0.0156s ]
SQL: SELECT `name`,`article_sum` FROM `cate`  [ RunTime:0.0000s ]
SQL: SHOW COLUMNS FROM `article` [ RunTime:0.0000s ]
SQL: SELECT * FROM `article` WHERE ( id>0 ) ORDER BY `create_time` desc LIMIT 7   [ RunTime:0.0000s ]
SQL: SELECT * FROM `article` WHERE ( id>0 ) ORDER BY `click_sum` asc LIMIT 7   [ RunTime:0.0000s ]
SQL: SHOW COLUMNS FROM `comments` [ RunTime:0.0000s ]
SQL: SELECT * FROM `comments` WHERE ( id>0 ) ORDER BY `com_time` desc LIMIT 5   [ RunTime:0.0156s ]
INFO: [ view_parse ] --START--
INFO: [ template_filter ] --START--
INFO: Run Behavior\ContentReplaceBehavior [ RunTime:0.000000s ]
INFO: [ template_filter ] --END-- [ RunTime:0.000000s ]
INFO: Run Behavior\ParseTemplateBehavior [ RunTime:0.015600s ]
INFO: [ view_parse ] --END-- [ RunTime:0.015600s ]
INFO: [ view_filter ] --START--
INFO: Run Behavior\WriteHtmlCacheBehavior [ RunTime:0.000000s ]
INFO: [ view_filter ] --END-- [ RunTime:0.000000s ]
INFO: [ app_end ] --START--
INFO: Run Behavior\ShowPageTraceBehavior [ RunTime:0.000000s ]
INFO: [ app_end ] --END-- [ RunTime:0.000000s ]

[ 2017-03-30T00:03:10+08:00 ] 127.0.0.1 /myblog/Home/Index/verifyShow.html
INFO: [ app_init ] --START--
INFO: Run Behavior\BuildLiteBehavior [ RunTime:0.000000s ]
INFO: [ app_init ] --END-- [ RunTime:0.000000s ]
INFO: [ app_begin ] --START--
INFO: Run Behavior\ReadHtmlCacheBehavior [ RunTime:0.000000s ]
INFO: [ app_begin ] --END-- [ RunTime:0.000000s ]
INFO: [ app_end ] --START--
INFO: Run Behavior\ShowPageTraceBehavior [ RunTime:0.000000s ]
INFO: [ app_end ] --END-- [ RunTime:0.000000s ]

[ 2017-03-30T00:04:25+08:00 ] 127.0.0.1 /myblog/Home/Index/index.html
INFO: [ app_init ] --START--
INFO: Run Behavior\BuildLiteBehavior [ RunTime:0.000000s ]
INFO: [ app_init ] --END-- [ RunTime:0.000000s ]
INFO: [ app_begin ] --START--
INFO: Run Behavior\ReadHtmlCacheBehavior [ RunTime:0.000000s ]
INFO: [ app_begin ] --END-- [ RunTime:0.000000s ]
SQL: SHOW COLUMNS FROM `cate` [ RunTime:0.0000s ]
SQL: SELECT `name`,`article_sum` FROM `cate`  [ RunTime:0.0000s ]
SQL: SHOW COLUMNS FROM `article` [ RunTime:0.0000s ]
SQL: SELECT * FROM `article` WHERE ( id>0 ) ORDER BY `create_time` desc LIMIT 7   [ RunTime:0.0000s ]
SQL: SELECT * FROM `article` WHERE ( id>0 ) ORDER BY `click_sum` asc LIMIT 7   [ RunTime:0.0000s ]
SQL: SHOW COLUMNS FROM `comments` [ RunTime:0.0000s ]
SQL: SELECT * FROM `comments` WHERE ( id>0 ) ORDER BY `com_time` desc LIMIT 5   [ RunTime:0.0000s ]
INFO: [ view_parse ] --START--
INFO: [ template_filter ] --START--
INFO: Run Behavior\ContentReplaceBehavior [ RunTime:0.000000s ]
INFO: [ template_filter ] --END-- [ RunTime:0.000000s ]
INFO: Run Behavior\ParseTemplateBehavior [ RunTime:0.031200s ]
INFO: [ view_parse ] --END-- [ RunTime:0.031200s ]
INFO: [ view_filter ] --START--
INFO: Run Behavior\WriteHtmlCacheBehavior [ RunTime:0.000000s ]
INFO: [ view_filter ] --END-- [ RunTime:0.000000s ]
INFO: [ app_end ] --START--
INFO: Run Behavior\ShowPageTraceBehavior [ RunTime:0.000000s ]
INFO: [ app_end ] --END-- [ RunTime:0.000000s ]

[ 2017-03-30T00:04:25+08:00 ] 127.0.0.1 /myblog/Home/Index/verifyShow.html
INFO: [ app_init ] --START--
INFO: Run Behavior\BuildLiteBehavior [ RunTime:0.000000s ]
INFO: [ app_init ] --END-- [ RunTime:0.000000s ]
INFO: [ app_begin ] --START--
INFO: Run Behavior\ReadHtmlCacheBehavior [ RunTime:0.000000s ]
INFO: [ app_begin ] --END-- [ RunTime:0.000000s ]
INFO: [ app_end ] --START--
INFO: Run Behavior\ShowPageTraceBehavior [ RunTime:0.000000s ]
INFO: [ app_end ] --END-- [ RunTime:0.000000s ]

[ 2017-03-30T00:04:25+08:00 ] 127.0.0.1 /myblog/Home/Index/index.html
INFO: [ app_init ] --START--
INFO: Run Behavior\BuildLiteBehavior [ RunTime:0.000000s ]
INFO: [ app_init ] --END-- [ RunTime:0.000000s ]
INFO: [ app_begin ] --START--
INFO: Run Behavior\ReadHtmlCacheBehavior [ RunTime:0.000000s ]
INFO: [ app_begin ] --END-- [ RunTime:0.000000s ]
SQL: SHOW COLUMNS FROM `cate` [ RunTime:0.0000s ]
SQL: SELECT `name`,`article_sum` FROM `cate`  [ RunTime:0.0000s ]
SQL: SHOW COLUMNS FROM `article` [ RunTime:0.0156s ]
SQL: SELECT * FROM `article` WHERE ( id>0 ) ORDER BY `create_time` desc LIMIT 7   [ RunTime:0.0000s ]
SQL: SELECT * FROM `article` WHERE ( id>0 ) ORDER BY `click_sum` asc LIMIT 7   [ RunTime:0.0000s ]
SQL: SHOW COLUMNS FROM `comments` [ RunTime:0.0000s ]
SQL: SELECT * FROM `comments` WHERE ( id>0 ) ORDER BY `com_time` desc LIMIT 5   [ RunTime:0.0000s ]
INFO: [ view_parse ] --START--
INFO: [ template_filter ] --START--
INFO: Run Behavior\ContentReplaceBehavior [ RunTime:0.000000s ]
INFO: [ template_filter ] --END-- [ RunTime:0.000000s ]
INFO: Run Behavior\ParseTemplateBehavior [ RunTime:0.015600s ]
INFO: [ view_parse ] --END-- [ RunTime:0.015600s ]
INFO: [ view_filter ] --START--
INFO: Run Behavior\WriteHtmlCacheBehavior [ RunTime:0.000000s ]
INFO: [ view_filter ] --END-- [ RunTime:0.000000s ]
INFO: [ app_end ] --START--
INFO: Run Behavior\ShowPageTraceBehavior [ RunTime:0.000000s ]
INFO: [ app_end ] --END-- [ RunTime:0.000000s ]

[ 2017-03-30T00:04:25+08:00 ] 127.0.0.1 /myblog/Home/Index/verifyShow.html
INFO: [ app_init ] --START--
INFO: Run Behavior\BuildLiteBehavior [ RunTime:0.000000s ]
INFO: [ app_init ] --END-- [ RunTime:0.000000s ]
INFO: [ app_begin ] --START--
INFO: Run Behavior\ReadHtmlCacheBehavior [ RunTime:0.000000s ]
INFO: [ app_begin ] --END-- [ RunTime:0.000000s ]
INFO: [ app_end ] --START--
INFO: Run Behavior\ShowPageTraceBehavior [ RunTime:0.000000s ]
INFO: [ app_end ] --END-- [ RunTime:0.000000s ]

[ 2017-03-30T00:04:55+08:00 ] 127.0.0.1 /myblog/Home/Index/index.html
INFO: [ app_init ] --START--
INFO: Run Behavior\BuildLiteBehavior [ RunTime:0.000000s ]
INFO: [ app_init ] --END-- [ RunTime:0.000000s ]
INFO: [ app_begin ] --START--
INFO: Run Behavior\ReadHtmlCacheBehavior [ RunTime:0.000000s ]
INFO: [ app_begin ] --END-- [ RunTime:0.000000s ]
SQL: SHOW COLUMNS FROM `cate` [ RunTime:0.0156s ]
SQL: SELECT `name`,`article_sum` FROM `cate`  [ RunTime:0.0000s ]
SQL: SHOW COLUMNS FROM `article` [ RunTime:0.0000s ]
SQL: SELECT * FROM `article` WHERE ( id>0 ) ORDER BY `create_time` desc LIMIT 7   [ RunTime:0.0000s ]
SQL: SELECT * FROM `article` WHERE ( id>0 ) ORDER BY `click_sum` asc LIMIT 7   [ RunTime:0.0000s ]
SQL: SHOW COLUMNS FROM `comments` [ RunTime:0.0000s ]
SQL: SELECT * FROM `comments` WHERE ( id>0 ) ORDER BY `com_time` desc LIMIT 5   [ RunTime:0.0000s ]
INFO: [ view_parse ] --START--
INFO: [ template_filter ] --START--
INFO: Run Behavior\ContentReplaceBehavior [ RunTime:0.000000s ]
INFO: [ template_filter ] --END-- [ RunTime:0.000000s ]
INFO: Run Behavior\ParseTemplateBehavior [ RunTime:0.015600s ]
INFO: [ view_parse ] --END-- [ RunTime:0.015600s ]
INFO: [ view_filter ] --START--
INFO: Run Behavior\WriteHtmlCacheBehavior [ RunTime:0.015600s ]
INFO: [ view_filter ] --END-- [ RunTime:0.015600s ]
INFO: [ app_end ] --START--
INFO: Run Behavior\ShowPageTraceBehavior [ RunTime:0.000000s ]
INFO: [ app_end ] --END-- [ RunTime:0.000000s ]

[ 2017-03-30T00:04:55+08:00 ] 127.0.0.1 /myblog/Home/Index/verifyShow.html
INFO: [ app_init ] --START--
INFO: Run Behavior\BuildLiteBehavior [ RunTime:0.000000s ]
INFO: [ app_init ] --END-- [ RunTime:0.000000s ]
INFO: [ app_begin ] --START--
INFO: Run Behavior\ReadHtmlCacheBehavior [ RunTime:0.000000s ]
INFO: [ app_begin ] --END-- [ RunTime:0.000000s ]
INFO: [ app_end ] --START--
INFO: Run Behavior\ShowPageTraceBehavior [ RunTime:0.000000s ]
INFO: [ app_end ] --END-- [ RunTime:0.000000s ]

[ 2017-03-30T00:05:51+08:00 ] 127.0.0.1 /myblog/Home/Index/index.html
INFO: [ app_init ] --START--
INFO: Run Behavior\BuildLiteBehavior [ RunTime:0.000000s ]
INFO: [ app_init ] --END-- [ RunTime:0.000000s ]
INFO: [ app_begin ] --START--
INFO: Run Behavior\ReadHtmlCacheBehavior [ RunTime:0.015600s ]
INFO: [ app_begin ] --END-- [ RunTime:0.015600s ]
SQL: SHOW COLUMNS FROM `cate` [ RunTime:0.0000s ]
SQL: SELECT `name`,`article_sum` FROM `cate`  [ RunTime:0.0000s ]
SQL: SHOW COLUMNS FROM `article` [ RunTime:0.0000s ]
SQL: SELECT * FROM `article` WHERE ( id>0 ) ORDER BY `create_time` desc LIMIT 7   [ RunTime:0.0000s ]
SQL: SELECT * FROM `article` WHERE ( id>0 ) ORDER BY `click_sum` asc LIMIT 7   [ RunTime:0.0000s ]
SQL: SHOW COLUMNS FROM `comments` [ RunTime:0.0000s ]
SQL: SELECT * FROM `comments` WHERE ( id>0 ) ORDER BY `com_time` desc LIMIT 5   [ RunTime:0.0000s ]
INFO: [ view_parse ] --START--
INFO: [ template_filter ] --START--
INFO: Run Behavior\ContentReplaceBehavior [ RunTime:0.000000s ]
INFO: [ template_filter ] --END-- [ RunTime:0.000000s ]
INFO: Run Behavior\ParseTemplateBehavior [ RunTime:0.015600s ]
INFO: [ view_parse ] --END-- [ RunTime:0.015600s ]
INFO: [ view_filter ] --START--
INFO: Run Behavior\WriteHtmlCacheBehavior [ RunTime:0.000000s ]
INFO: [ view_filter ] --END-- [ RunTime:0.000000s ]
INFO: [ app_end ] --START--
INFO: Run Behavior\ShowPageTraceBehavior [ RunTime:0.000000s ]
INFO: [ app_end ] --END-- [ RunTime:0.000000s ]

[ 2017-03-30T00:05:51+08:00 ] 127.0.0.1 /myblog/Home/Index/verifyShow.html
INFO: [ app_init ] --START--
INFO: Run Behavior\BuildLiteBehavior [ RunTime:0.000000s ]
INFO: [ app_init ] --END-- [ RunTime:0.000000s ]
INFO: [ app_begin ] --START--
INFO: Run Behavior\ReadHtmlCacheBehavior [ RunTime:0.000000s ]
INFO: [ app_begin ] --END-- [ RunTime:0.000000s ]
INFO: [ app_end ] --START--
INFO: Run Behavior\ShowPageTraceBehavior [ RunTime:0.000000s ]
INFO: [ app_end ] --END-- [ RunTime:0.000000s ]

[ 2017-03-30T00:06:37+08:00 ] 127.0.0.1 /myblog/Home/Index/index.html
INFO: [ app_init ] --START--
INFO: Run Behavior\BuildLiteBehavior [ RunTime:0.000000s ]
INFO: [ app_init ] --END-- [ RunTime:0.000000s ]
INFO: [ app_begin ] --START--
INFO: Run Behavior\ReadHtmlCacheBehavior [ RunTime:0.000000s ]
INFO: [ app_begin ] --END-- [ RunTime:0.000000s ]
SQL: SHOW COLUMNS FROM `cate` [ RunTime:0.0000s ]
SQL: SELECT `name`,`article_sum` FROM `cate`  [ RunTime:0.0000s ]
SQL: SHOW COLUMNS FROM `article` [ RunTime:0.0000s ]
SQL: SELECT * FROM `article` WHERE ( id>0 ) ORDER BY `create_time` desc LIMIT 7   [ RunTime:0.0000s ]
SQL: SELECT * FROM `article` WHERE ( id>0 ) ORDER BY `click_sum` asc LIMIT 7   [ RunTime:0.0000s ]
SQL: SHOW COLUMNS FROM `comments` [ RunTime:0.0000s ]
SQL: SELECT * FROM `comments` WHERE ( id>0 ) ORDER BY `com_time` desc LIMIT 5   [ RunTime:0.0000s ]
INFO: [ view_parse ] --START--
INFO: [ template_filter ] --START--
INFO: Run Behavior\ContentReplaceBehavior [ RunTime:0.000000s ]
INFO: [ template_filter ] --END-- [ RunTime:0.000000s ]
INFO: Run Behavior\ParseTemplateBehavior [ RunTime:0.031200s ]
INFO: [ view_parse ] --END-- [ RunTime:0.031200s ]
INFO: [ view_filter ] --START--
INFO: Run Behavior\WriteHtmlCacheBehavior [ RunTime:0.000000s ]
INFO: [ view_filter ] --END-- [ RunTime:0.000000s ]
INFO: [ app_end ] --START--
INFO: Run Behavior\ShowPageTraceBehavior [ RunTime:0.000000s ]
INFO: [ app_end ] --END-- [ RunTime:0.000000s ]

[ 2017-03-30T00:06:37+08:00 ] 127.0.0.1 /myblog/Home/Index/verifyShow.html
INFO: [ app_init ] --START--
INFO: Run Behavior\BuildLiteBehavior [ RunTime:0.000000s ]
INFO: [ app_init ] --END-- [ RunTime:0.000000s ]
INFO: [ app_begin ] --START--
INFO: Run Behavior\ReadHtmlCacheBehavior [ RunTime:0.000000s ]
INFO: [ app_begin ] --END-- [ RunTime:0.000000s ]
INFO: [ app_end ] --START--
INFO: Run Behavior\ShowPageTraceBehavior [ RunTime:0.000000s ]
INFO: [ app_end ] --END-- [ RunTime:0.000000s ]

[ 2017-03-30T00:07:21+08:00 ] 127.0.0.1 /myblog/Home/Index/index.html
INFO: [ app_init ] --START--
INFO: Run Behavior\BuildLiteBehavior [ RunTime:0.000000s ]
INFO: [ app_init ] --END-- [ RunTime:0.000000s ]
INFO: [ app_begin ] --START--
INFO: Run Behavior\ReadHtmlCacheBehavior [ RunTime:0.000000s ]
INFO: [ app_begin ] --END-- [ RunTime:0.000000s ]
SQL: SHOW COLUMNS FROM `cate` [ RunTime:0.0000s ]
SQL: SELECT `name`,`article_sum` FROM `cate`  [ RunTime:0.0156s ]
SQL: SHOW COLUMNS FROM `article` [ RunTime:0.0000s ]
SQL: SELECT * FROM `article` WHERE ( id>0 ) ORDER BY `create_time` desc LIMIT 7   [ RunTime:0.0000s ]
SQL: SELECT * FROM `article` WHERE ( id>0 ) ORDER BY `click_sum` asc LIMIT 7   [ RunTime:0.0000s ]
SQL: SHOW COLUMNS FROM `comments` [ RunTime:0.0000s ]
SQL: SELECT * FROM `comments` WHERE ( id>0 ) ORDER BY `com_time` desc LIMIT 5   [ RunTime:0.0000s ]
INFO: [ view_parse ] --START--
INFO: [ template_filter ] --START--
INFO: Run Behavior\ContentReplaceBehavior [ RunTime:0.000000s ]
INFO: [ template_filter ] --END-- [ RunTime:0.000000s ]
INFO: Run Behavior\ParseTemplateBehavior [ RunTime:0.031200s ]
INFO: [ view_parse ] --END-- [ RunTime:0.031200s ]
INFO: [ view_filter ] --START--
INFO: Run Behavior\WriteHtmlCacheBehavior [ RunTime:0.000000s ]
INFO: [ view_filter ] --END-- [ RunTime:0.000000s ]
INFO: [ app_end ] --START--
INFO: Run Behavior\ShowPageTraceBehavior [ RunTime:0.000000s ]
INFO: [ app_end ] --END-- [ RunTime:0.000000s ]

[ 2017-03-30T00:07:21+08:00 ] 127.0.0.1 /myblog/Home/Index/verifyShow.html
INFO: [ app_init ] --START--
INFO: Run Behavior\BuildLiteBehavior [ RunTime:0.000000s ]
INFO: [ app_init ] --END-- [ RunTime:0.000000s ]
INFO: [ app_begin ] --START--
INFO: Run Behavior\ReadHtmlCacheBehavior [ RunTime:0.000000s ]
INFO: [ app_begin ] --END-- [ RunTime:0.000000s ]
INFO: [ app_end ] --START--
INFO: Run Behavior\ShowPageTraceBehavior [ RunTime:0.000000s ]
INFO: [ app_end ] --END-- [ RunTime:0.000000s ]

[ 2017-03-30T00:07:22+08:00 ] 127.0.0.1 /myblog/Home/Index/index.html
INFO: [ app_init ] --START--
INFO: Run Behavior\BuildLiteBehavior [ RunTime:0.000000s ]
INFO: [ app_init ] --END-- [ RunTime:0.000000s ]
INFO: [ app_begin ] --START--
INFO: Run Behavior\ReadHtmlCacheBehavior [ RunTime:0.000000s ]
INFO: [ app_begin ] --END-- [ RunTime:0.000000s ]
SQL: SHOW COLUMNS FROM `cate` [ RunTime:0.0000s ]
SQL: SELECT `name`,`article_sum` FROM `cate`  [ RunTime:0.0000s ]
SQL: SHOW COLUMNS FROM `article` [ RunTime:0.0000s ]
SQL: SELECT * FROM `article` WHERE ( id>0 ) ORDER BY `create_time` desc LIMIT 7   [ RunTime:0.0000s ]
SQL: SELECT * FROM `article` WHERE ( id>0 ) ORDER BY `click_sum` asc LIMIT 7   [ RunTime:0.0000s ]
SQL: SHOW COLUMNS FROM `comments` [ RunTime:0.0000s ]
SQL: SELECT * FROM `comments` WHERE ( id>0 ) ORDER BY `com_time` desc LIMIT 5   [ RunTime:0.0000s ]
INFO: [ view_parse ] --START--
INFO: [ template_filter ] --START--
INFO: Run Behavior\ContentReplaceBehavior [ RunTime:0.000000s ]
INFO: [ template_filter ] --END-- [ RunTime:0.000000s ]
INFO: Run Behavior\ParseTemplateBehavior [ RunTime:0.031201s ]
INFO: [ view_parse ] --END-- [ RunTime:0.031201s ]
INFO: [ view_filter ] --START--
INFO: Run Behavior\WriteHtmlCacheBehavior [ RunTime:0.000000s ]
INFO: [ view_filter ] --END-- [ RunTime:0.000000s ]
INFO: [ app_end ] --START--
INFO: Run Behavior\ShowPageTraceBehavior [ RunTime:0.000000s ]
INFO: [ app_end ] --END-- [ RunTime:0.000000s ]

[ 2017-03-30T00:07:22+08:00 ] 127.0.0.1 /myblog/Home/Index/verifyShow.html
INFO: [ app_init ] --START--
INFO: Run Behavior\BuildLiteBehavior [ RunTime:0.000000s ]
INFO: [ app_init ] --END-- [ RunTime:0.000000s ]
INFO: [ app_begin ] --START--
INFO: Run Behavior\ReadHtmlCacheBehavior [ RunTime:0.000000s ]
INFO: [ app_begin ] --END-- [ RunTime:0.000000s ]
INFO: [ app_end ] --START--
INFO: Run Behavior\ShowPageTraceBehavior [ RunTime:0.000000s ]
INFO: [ app_end ] --END-- [ RunTime:0.000000s ]

[ 2017-03-30T00:08:11+08:00 ] 127.0.0.1 /myblog/Home/Index/index.html
INFO: [ app_init ] --START--
INFO: Run Behavior\BuildLiteBehavior [ RunTime:0.000000s ]
INFO: [ app_init ] --END-- [ RunTime:0.000000s ]
INFO: [ app_begin ] --START--
INFO: Run Behavior\ReadHtmlCacheBehavior [ RunTime:0.000000s ]
INFO: [ app_begin ] --END-- [ RunTime:0.000000s ]
SQL: SHOW COLUMNS FROM `cate` [ RunTime:0.0000s ]
SQL: SELECT `name`,`article_sum` FROM `cate`  [ RunTime:0.0000s ]
SQL: SHOW COLUMNS FROM `article` [ RunTime:0.0000s ]
SQL: SELECT * FROM `article` WHERE ( id>0 ) ORDER BY `create_time` desc LIMIT 7   [ RunTime:0.0000s ]
SQL: SELECT * FROM `article` WHERE ( id>0 ) ORDER BY `click_sum` asc LIMIT 7   [ RunTime:0.0156s ]
SQL: SHOW COLUMNS FROM `comments` [ RunTime:0.0000s ]
SQL: SELECT * FROM `comments` WHERE ( id>0 ) ORDER BY `com_time` desc LIMIT 5   [ RunTime:0.0000s ]
INFO: [ view_parse ] --START--
INFO: [ template_filter ] --START--
INFO: Run Behavior\ContentReplaceBehavior [ RunTime:0.000000s ]
INFO: [ template_filter ] --END-- [ RunTime:0.000000s ]
INFO: Run Behavior\ParseTemplateBehavior [ RunTime:0.015600s ]
INFO: [ view_parse ] --END-- [ RunTime:0.015600s ]
INFO: [ view_filter ] --START--
INFO: Run Behavior\WriteHtmlCacheBehavior [ RunTime:0.000000s ]
INFO: [ view_filter ] --END-- [ RunTime:0.000000s ]
INFO: [ app_end ] --START--
INFO: Run Behavior\ShowPageTraceBehavior [ RunTime:0.015600s ]
INFO: [ app_end ] --END-- [ RunTime:0.015600s ]

[ 2017-03-30T00:08:11+08:00 ] 127.0.0.1 /myblog/Home/Index/verifyShow.html
INFO: [ app_init ] --START--
INFO: Run Behavior\BuildLiteBehavior [ RunTime:0.000000s ]
INFO: [ app_init ] --END-- [ RunTime:0.000000s ]
INFO: [ app_begin ] --START--
INFO: Run Behavior\ReadHtmlCacheBehavior [ RunTime:0.000000s ]
INFO: [ app_begin ] --END-- [ RunTime:0.000000s ]
INFO: [ app_end ] --START--
INFO: Run Behavior\ShowPageTraceBehavior [ RunTime:0.000000s ]
INFO: [ app_end ] --END-- [ RunTime:0.000000s ]

[ 2017-03-30T00:09:06+08:00 ] 127.0.0.1 /myblog/Home/Index/index.html
INFO: [ app_init ] --START--
INFO: Run Behavior\BuildLiteBehavior [ RunTime:0.000000s ]
INFO: [ app_init ] --END-- [ RunTime:0.000000s ]
INFO: [ app_begin ] --START--
INFO: Run Behavior\ReadHtmlCacheBehavior [ RunTime:0.000000s ]
INFO: [ app_begin ] --END-- [ RunTime:0.000000s ]
SQL: SHOW COLUMNS FROM `cate` [ RunTime:0.0000s ]
SQL: SELECT `name`,`article_sum` FROM `cate`  [ RunTime:0.0000s ]
SQL: SHOW COLUMNS FROM `article` [ RunTime:0.0000s ]
SQL: SELECT * FROM `article` WHERE ( id>0 ) ORDER BY `create_time` desc LIMIT 7   [ RunTime:0.0000s ]
SQL: SELECT * FROM `article` WHERE ( id>0 ) ORDER BY `click_sum` asc LIMIT 7   [ RunTime:0.0000s ]
SQL: SHOW COLUMNS FROM `comments` [ RunTime:0.0000s ]
SQL: SELECT * FROM `comments` WHERE ( id>0 ) ORDER BY `com_time` desc LIMIT 5   [ RunTime:0.0000s ]
INFO: [ view_parse ] --START--
INFO: [ template_filter ] --START--
INFO: Run Behavior\ContentReplaceBehavior [ RunTime:0.000000s ]
INFO: [ template_filter ] --END-- [ RunTime:0.000000s ]
INFO: Run Behavior\ParseTemplateBehavior [ RunTime:0.031200s ]
INFO: [ view_parse ] --END-- [ RunTime:0.031200s ]
INFO: [ view_filter ] --START--
INFO: Run Behavior\WriteHtmlCacheBehavior [ RunTime:0.000000s ]
INFO: [ view_filter ] --END-- [ RunTime:0.000000s ]
INFO: [ app_end ] --START--
INFO: Run Behavior\ShowPageTraceBehavior [ RunTime:0.000000s ]
INFO: [ app_end ] --END-- [ RunTime:0.000000s ]

[ 2017-03-30T00:09:06+08:00 ] 127.0.0.1 /myblog/Home/Index/verifyShow.html
INFO: [ app_init ] --START--
INFO: Run Behavior\BuildLiteBehavior [ RunTime:0.000000s ]
INFO: [ app_init ] --END-- [ RunTime:0.000000s ]
INFO: [ app_begin ] --START--
INFO: Run Behavior\ReadHtmlCacheBehavior [ RunTime:0.000000s ]
INFO: [ app_begin ] --END-- [ RunTime:0.000000s ]
INFO: [ app_end ] --START--
INFO: Run Behavior\ShowPageTraceBehavior [ RunTime:0.000000s ]
INFO: [ app_end ] --END-- [ RunTime:0.000000s ]

[ 2017-03-30T00:09:52+08:00 ] 127.0.0.1 /myblog/Home/Index/index.html
INFO: [ app_init ] --START--
INFO: Run Behavior\BuildLiteBehavior [ RunTime:0.000000s ]
INFO: [ app_init ] --END-- [ RunTime:0.000000s ]
INFO: [ app_begin ] --START--
INFO: Run Behavior\ReadHtmlCacheBehavior [ RunTime:0.000000s ]
INFO: [ app_begin ] --END-- [ RunTime:0.000000s ]
SQL: SHOW COLUMNS FROM `cate` [ RunTime:0.0000s ]
SQL: SELECT `name`,`article_sum` FROM `cate`  [ RunTime:0.0000s ]
SQL: SHOW COLUMNS FROM `article` [ RunTime:0.0000s ]
SQL: SELECT * FROM `article` WHERE ( id>0 ) ORDER BY `create_time` desc LIMIT 7   [ RunTime:0.0000s ]
SQL: SELECT * FROM `article` WHERE ( id>0 ) ORDER BY `click_sum` asc LIMIT 7   [ RunTime:0.0000s ]
SQL: SHOW COLUMNS FROM `comments` [ RunTime:0.0000s ]
SQL: SELECT * FROM `comments` WHERE ( id>0 ) ORDER BY `com_time` desc LIMIT 5   [ RunTime:0.0000s ]
INFO: [ view_parse ] --START--
INFO: [ template_filter ] --START--
INFO: Run Behavior\ContentReplaceBehavior [ RunTime:0.000000s ]
INFO: [ template_filter ] --END-- [ RunTime:0.000000s ]
INFO: Run Behavior\ParseTemplateBehavior [ RunTime:0.015600s ]
INFO: [ view_parse ] --END-- [ RunTime:0.031200s ]
INFO: [ view_filter ] --START--
INFO: Run Behavior\WriteHtmlCacheBehavior [ RunTime:0.000000s ]
INFO: [ view_filter ] --END-- [ RunTime:0.000000s ]
INFO: [ app_end ] --START--
INFO: Run Behavior\ShowPageTraceBehavior [ RunTime:0.000000s ]
INFO: [ app_end ] --END-- [ RunTime:0.000000s ]

[ 2017-03-30T00:09:53+08:00 ] 127.0.0.1 /myblog/Home/Index/verifyShow.html
INFO: [ app_init ] --START--
INFO: Run Behavior\BuildLiteBehavior [ RunTime:0.000000s ]
INFO: [ app_init ] --END-- [ RunTime:0.000000s ]
INFO: [ app_begin ] --START--
INFO: Run Behavior\ReadHtmlCacheBehavior [ RunTime:0.000000s ]
INFO: [ app_begin ] --END-- [ RunTime:0.000000s ]
INFO: [ app_end ] --START--
INFO: Run Behavior\ShowPageTraceBehavior [ RunTime:0.000000s ]
INFO: [ app_end ] --END-- [ RunTime:0.000000s ]

[ 2017-03-30T00:10:07+08:00 ] 127.0.0.1 /myblog/Home/Index/index.html
INFO: [ app_init ] --START--
INFO: Run Behavior\BuildLiteBehavior [ RunTime:0.000000s ]
INFO: [ app_init ] --END-- [ RunTime:0.000000s ]
INFO: [ app_begin ] --START--
INFO: Run Behavior\ReadHtmlCacheBehavior [ RunTime:0.000000s ]
INFO: [ app_begin ] --END-- [ RunTime:0.000000s ]
SQL: SHOW COLUMNS FROM `cate` [ RunTime:0.0000s ]
SQL: SELECT `name`,`article_sum` FROM `cate`  [ RunTime:0.0000s ]
SQL: SHOW COLUMNS FROM `article` [ RunTime:0.0000s ]
SQL: SELECT * FROM `article` WHERE ( id>0 ) ORDER BY `create_time` desc LIMIT 7   [ RunTime:0.0000s ]
SQL: SELECT * FROM `article` WHERE ( id>0 ) ORDER BY `click_sum` asc LIMIT 7   [ RunTime:0.0000s ]
SQL: SHOW COLUMNS FROM `comments` [ RunTime:0.0000s ]
SQL: SELECT * FROM `comments` WHERE ( id>0 ) ORDER BY `com_time` desc LIMIT 5   [ RunTime:0.0000s ]
INFO: [ view_parse ] --START--
INFO: [ template_filter ] --START--
INFO: Run Behavior\ContentReplaceBehavior [ RunTime:0.000000s ]
INFO: [ template_filter ] --END-- [ RunTime:0.000000s ]
INFO: Run Behavior\ParseTemplateBehavior [ RunTime:0.031200s ]
INFO: [ view_parse ] --END-- [ RunTime:0.031200s ]
INFO: [ view_filter ] --START--
INFO: Run Behavior\WriteHtmlCacheBehavior [ RunTime:0.000000s ]
INFO: [ view_filter ] --END-- [ RunTime:0.000000s ]
INFO: [ app_end ] --START--
INFO: Run Behavior\ShowPageTraceBehavior [ RunTime:0.000000s ]
INFO: [ app_end ] --END-- [ RunTime:0.000000s ]

[ 2017-03-30T00:10:08+08:00 ] 127.0.0.1 /myblog/Home/Index/verifyShow.html
INFO: [ app_init ] --START--
INFO: Run Behavior\BuildLiteBehavior [ RunTime:0.000000s ]
INFO: [ app_init ] --END-- [ RunTime:0.000000s ]
INFO: [ app_begin ] --START--
INFO: Run Behavior\ReadHtmlCacheBehavior [ RunTime:0.015600s ]
INFO: [ app_begin ] --END-- [ RunTime:0.015600s ]
INFO: [ app_end ] --START--
INFO: Run Behavior\ShowPageTraceBehavior [ RunTime:0.000000s ]
INFO: [ app_end ] --END-- [ RunTime:0.000000s ]

[ 2017-03-30T00:10:12+08:00 ] 127.0.0.1 /myblog/Home/Index/index.html
INFO: [ app_init ] --START--
INFO: Run Behavior\BuildLiteBehavior [ RunTime:0.000000s ]
INFO: [ app_init ] --END-- [ RunTime:0.000000s ]
INFO: [ app_begin ] --START--
INFO: Run Behavior\ReadHtmlCacheBehavior [ RunTime:0.000000s ]
INFO: [ app_begin ] --END-- [ RunTime:0.000000s ]
SQL: SHOW COLUMNS FROM `cate` [ RunTime:0.0000s ]
SQL: SELECT `name`,`article_sum` FROM `cate`  [ RunTime:0.0000s ]
SQL: SHOW COLUMNS FROM `article` [ RunTime:0.0000s ]
SQL: SELECT * FROM `article` WHERE ( id>0 ) ORDER BY `create_time` desc LIMIT 7   [ RunTime:0.0000s ]
SQL: SELECT * FROM `article` WHERE ( id>0 ) ORDER BY `click_sum` asc LIMIT 7   [ RunTime:0.0000s ]
SQL: SHOW COLUMNS FROM `comments` [ RunTime:0.0000s ]
SQL: SELECT * FROM `comments` WHERE ( id>0 ) ORDER BY `com_time` desc LIMIT 5   [ RunTime:0.0000s ]
INFO: [ view_parse ] --START--
INFO: [ template_filter ] --START--
INFO: Run Behavior\ContentReplaceBehavior [ RunTime:0.000000s ]
INFO: [ template_filter ] --END-- [ RunTime:0.000000s ]
INFO: Run Behavior\ParseTemplateBehavior [ RunTime:0.015600s ]
INFO: [ view_parse ] --END-- [ RunTime:0.015600s ]
INFO: [ view_filter ] --START--
INFO: Run Behavior\WriteHtmlCacheBehavior [ RunTime:0.015600s ]
INFO: [ view_filter ] --END-- [ RunTime:0.015600s ]
INFO: [ app_end ] --START--
INFO: Run Behavior\ShowPageTraceBehavior [ RunTime:0.000000s ]
INFO: [ app_end ] --END-- [ RunTime:0.000000s ]

[ 2017-03-30T00:10:12+08:00 ] 127.0.0.1 /myblog/Home/Index/verifyShow.html
INFO: [ app_init ] --START--
INFO: Run Behavior\BuildLiteBehavior [ RunTime:0.000000s ]
INFO: [ app_init ] --END-- [ RunTime:0.000000s ]
INFO: [ app_begin ] --START--
INFO: Run Behavior\ReadHtmlCacheBehavior [ RunTime:0.000000s ]
INFO: [ app_begin ] --END-- [ RunTime:0.000000s ]
INFO: [ app_end ] --START--
INFO: Run Behavior\ShowPageTraceBehavior [ RunTime:0.000000s ]
INFO: [ app_end ] --END-- [ RunTime:0.000000s ]

[ 2017-03-30T00:11:02+08:00 ] 127.0.0.1 /myblog/Home/Dairy/index.html
INFO: [ app_init ] --START--
INFO: Run Behavior\BuildLiteBehavior [ RunTime:0.000000s ]
INFO: [ app_init ] --END-- [ RunTime:0.000000s ]
INFO: [ app_begin ] --START--
INFO: Run Behavior\ReadHtmlCacheBehavior [ RunTime:0.000000s ]
INFO: [ app_begin ] --END-- [ RunTime:0.000000s ]
SQL: SHOW COLUMNS FROM `cate` [ RunTime:0.0000s ]
SQL: SHOW COLUMNS FROM `article` [ RunTime:0.0156s ]
SQL: SHOW COLUMNS FROM `comments` [ RunTime:0.0000s ]
SQL: SELECT `name`,`article_sum` FROM `cate`  [ RunTime:0.0000s ]
SQL: SELECT * FROM `article` WHERE ( id>0 ) ORDER BY `click_sum` asc LIMIT 7   [ RunTime:0.0000s ]
INFO: [ view_parse ] --START--
INFO: [ template_filter ] --START--
INFO: Run Behavior\ContentReplaceBehavior [ RunTime:0.000000s ]
INFO: [ template_filter ] --END-- [ RunTime:0.000000s ]
INFO: Run Behavior\ParseTemplateBehavior [ RunTime:0.015600s ]
INFO: [ view_parse ] --END-- [ RunTime:0.015600s ]
INFO: [ view_filter ] --START--
INFO: Run Behavior\WriteHtmlCacheBehavior [ RunTime:0.000000s ]
INFO: [ view_filter ] --END-- [ RunTime:0.000000s ]
INFO: [ app_end ] --START--
INFO: Run Behavior\ShowPageTraceBehavior [ RunTime:0.000000s ]
INFO: [ app_end ] --END-- [ RunTime:0.000000s ]

[ 2017-03-30T00:11:03+08:00 ] 127.0.0.1 /myblog/Home/Index/verifyShow.html
INFO: [ app_init ] --START--
INFO: Run Behavior\BuildLiteBehavior [ RunTime:0.000000s ]
INFO: [ app_init ] --END-- [ RunTime:0.000000s ]
INFO: [ app_begin ] --START--
INFO: Run Behavior\ReadHtmlCacheBehavior [ RunTime:0.000000s ]
INFO: [ app_begin ] --END-- [ RunTime:0.000000s ]
INFO: [ app_end ] --START--
INFO: Run Behavior\ShowPageTraceBehavior [ RunTime:0.000000s ]
INFO: [ app_end ] --END-- [ RunTime:0.000000s ]

[ 2017-03-30T00:11:04+08:00 ] 127.0.0.1 /myblog/Home/Comment/index.html
INFO: [ app_init ] --START--
INFO: Run Behavior\BuildLiteBehavior [ RunTime:0.000000s ]
INFO: [ app_init ] --END-- [ RunTime:0.000000s ]
INFO: [ app_begin ] --START--
INFO: Run Behavior\ReadHtmlCacheBehavior [ RunTime:0.000000s ]
INFO: [ app_begin ] --END-- [ RunTime:0.000000s ]
SQL: SHOW COLUMNS FROM `cate` [ RunTime:0.0000s ]
SQL: SHOW COLUMNS FROM `article` [ RunTime:0.0000s ]
SQL: SHOW COLUMNS FROM `comments` [ RunTime:0.0156s ]
SQL: SELECT `name`,`article_sum` FROM `cate`  [ RunTime:0.0000s ]
SQL: SELECT * FROM `article` WHERE ( id>0 ) ORDER BY `click_sum` asc LIMIT 7   [ RunTime:0.0000s ]
SQL: SELECT COUNT(*) AS tp_count FROM `comments` WHERE ( id>= 1 ) LIMIT 1   [ RunTime:0.0000s ]
SQL: SELECT * FROM `comments` WHERE ( id>= 1 ) ORDER BY `id` desc LIMIT 0,10   [ RunTime:0.0000s ]
INFO: [ view_parse ] --START--
INFO: [ template_filter ] --START--
INFO: Run Behavior\ContentReplaceBehavior [ RunTime:0.000000s ]
INFO: [ template_filter ] --END-- [ RunTime:0.000000s ]
INFO: Run Behavior\ParseTemplateBehavior [ RunTime:0.015601s ]
INFO: [ view_parse ] --END-- [ RunTime:0.015601s ]
INFO: [ view_filter ] --START--
INFO: Run Behavior\WriteHtmlCacheBehavior [ RunTime:0.000000s ]
INFO: [ view_filter ] --END-- [ RunTime:0.000000s ]
INFO: [ app_end ] --START--
INFO: Run Behavior\ShowPageTraceBehavior [ RunTime:0.000000s ]
INFO: [ app_end ] --END-- [ RunTime:0.000000s ]

[ 2017-03-30T00:11:05+08:00 ] 127.0.0.1 /myblog/Home/Index/verifyShow.html
INFO: [ app_init ] --START--
INFO: Run Behavior\BuildLiteBehavior [ RunTime:0.000000s ]
INFO: [ app_init ] --END-- [ RunTime:0.000000s ]
INFO: [ app_begin ] --START--
INFO: Run Behavior\ReadHtmlCacheBehavior [ RunTime:0.000000s ]
INFO: [ app_begin ] --END-- [ RunTime:0.000000s ]
INFO: [ app_end ] --START--
INFO: Run Behavior\ShowPageTraceBehavior [ RunTime:0.000000s ]
INFO: [ app_end ] --END-- [ RunTime:0.000000s ]

[ 2017-03-30T23:41:57+08:00 ] 127.0.0.1 /myblog/
INFO: [ app_init ] --START--
INFO: Run Behavior\BuildLiteBehavior [ RunTime:0.000000s ]
INFO: [ app_init ] --END-- [ RunTime:0.054003s ]
INFO: [ app_begin ] --START--
INFO: Run Behavior\ReadHtmlCacheBehavior [ RunTime:0.015001s ]
INFO: [ app_begin ] --END-- [ RunTime:0.015001s ]
SQL: SHOW COLUMNS FROM `cate` [ RunTime:1.3701s ]
SQL: SELECT `name`,`article_sum` FROM `cate`  [ RunTime:0.0280s ]
SQL: SHOW COLUMNS FROM `article` [ RunTime:0.3480s ]
SQL: SELECT * FROM `article` WHERE ( id>0 ) ORDER BY `create_time` desc LIMIT 7   [ RunTime:0.0700s ]
SQL: SELECT * FROM `article` WHERE ( id>0 ) ORDER BY `click_sum` asc LIMIT 7   [ RunTime:0.0010s ]
SQL: SHOW COLUMNS FROM `comments` [ RunTime:0.0860s ]
SQL: SELECT * FROM `comments` WHERE ( id>0 ) ORDER BY `com_time` desc LIMIT 5   [ RunTime:0.0010s ]
INFO: [ view_parse ] --START--
INFO: [ template_filter ] --START--
INFO: Run Behavior\ContentReplaceBehavior [ RunTime:0.046003s ]
INFO: [ template_filter ] --END-- [ RunTime:0.046003s ]
INFO: Run Behavior\ParseTemplateBehavior [ RunTime:0.815046s ]
INFO: [ view_parse ] --END-- [ RunTime:0.815046s ]
INFO: [ view_filter ] --START--
INFO: Run Behavior\WriteHtmlCacheBehavior [ RunTime:0.034002s ]
INFO: [ view_filter ] --END-- [ RunTime:0.034002s ]
INFO: [ app_end ] --START--
INFO: Run Behavior\ShowPageTraceBehavior [ RunTime:0.021002s ]
INFO: [ app_end ] --END-- [ RunTime:0.022002s ]

[ 2017-03-30T23:41:59+08:00 ] 127.0.0.1 /myblog/Home/Index/verifyShow.html
INFO: [ app_init ] --START--
INFO: Run Behavior\BuildLiteBehavior [ RunTime:0.000000s ]
INFO: [ app_init ] --END-- [ RunTime:0.001000s ]
INFO: [ app_begin ] --START--
INFO: Run Behavior\ReadHtmlCacheBehavior [ RunTime:0.001000s ]
INFO: [ app_begin ] --END-- [ RunTime:0.001000s ]
INFO: [ app_end ] --START--
INFO: Run Behavior\ShowPageTraceBehavior [ RunTime:0.001000s ]
INFO: [ app_end ] --END-- [ RunTime:0.001000s ]

[ 2017-03-30T23:42:50+08:00 ] 127.0.0.1 /myblog/
INFO: [ app_init ] --START--
INFO: Run Behavior\BuildLiteBehavior [ RunTime:0.000000s ]
INFO: [ app_init ] --END-- [ RunTime:0.000000s ]
INFO: [ app_begin ] --START--
INFO: Run Behavior\ReadHtmlCacheBehavior [ RunTime:0.001000s ]
INFO: [ app_begin ] --END-- [ RunTime:0.001000s ]
SQL: SHOW COLUMNS FROM `cate` [ RunTime:0.0040s ]
SQL: SELECT `name`,`article_sum` FROM `cate`  [ RunTime:0.0000s ]
SQL: SHOW COLUMNS FROM `article` [ RunTime:0.0040s ]
SQL: SELECT * FROM `article` WHERE ( id>0 ) ORDER BY `create_time` desc LIMIT 7   [ RunTime:0.0010s ]
SQL: SELECT * FROM `article` WHERE ( id>0 ) ORDER BY `click_sum` asc LIMIT 7   [ RunTime:0.0010s ]
SQL: SHOW COLUMNS FROM `comments` [ RunTime:0.0030s ]
SQL: SELECT * FROM `comments` WHERE ( id>0 ) ORDER BY `com_time` desc LIMIT 5   [ RunTime:0.0010s ]
INFO: [ view_parse ] --START--
INFO: [ template_filter ] --START--
INFO: Run Behavior\ContentReplaceBehavior [ RunTime:0.000000s ]
INFO: [ template_filter ] --END-- [ RunTime:0.001000s ]
INFO: Run Behavior\ParseTemplateBehavior [ RunTime:0.020001s ]
INFO: [ view_parse ] --END-- [ RunTime:0.020001s ]
INFO: [ view_filter ] --START--
INFO: Run Behavior\WriteHtmlCacheBehavior [ RunTime:0.000000s ]
INFO: [ view_filter ] --END-- [ RunTime:0.000000s ]
INFO: [ app_end ] --START--
INFO: Run Behavior\ShowPageTraceBehavior [ RunTime:0.000000s ]
INFO: [ app_end ] --END-- [ RunTime:0.001000s ]

[ 2017-03-30T23:42:50+08:00 ] 127.0.0.1 /myblog/Home/Index/verifyShow.html
INFO: [ app_init ] --START--
INFO: Run Behavior\BuildLiteBehavior [ RunTime:0.000000s ]
INFO: [ app_init ] --END-- [ RunTime:0.001000s ]
INFO: [ app_begin ] --START--
INFO: Run Behavior\ReadHtmlCacheBehavior [ RunTime:0.002000s ]
INFO: [ app_begin ] --END-- [ RunTime:0.002000s ]
INFO: [ app_end ] --START--
INFO: Run Behavior\ShowPageTraceBehavior [ RunTime:0.001000s ]
INFO: [ app_end ] --END-- [ RunTime:0.001000s ]

[ 2017-03-30T23:46:51+08:00 ] 127.0.0.1 /myblog/
INFO: [ app_init ] --START--
INFO: Run Behavior\BuildLiteBehavior [ RunTime:0.000000s ]
INFO: [ app_init ] --END-- [ RunTime:0.001000s ]
INFO: [ app_begin ] --START--
INFO: Run Behavior\ReadHtmlCacheBehavior [ RunTime:0.001000s ]
INFO: [ app_begin ] --END-- [ RunTime:0.001000s ]
SQL: SHOW COLUMNS FROM `cate` [ RunTime:0.0140s ]
SQL: SELECT `name`,`article_sum` FROM `cate`  [ RunTime:0.0000s ]
SQL: SHOW COLUMNS FROM `article` [ RunTime:0.0060s ]
SQL: SELECT * FROM `article` WHERE ( id>0 ) ORDER BY `create_time` desc LIMIT 7   [ RunTime:0.0000s ]
SQL: SELECT * FROM `article` WHERE ( id>0 ) ORDER BY `click_sum` asc LIMIT 7   [ RunTime:0.0000s ]
SQL: SHOW COLUMNS FROM `comments` [ RunTime:0.0040s ]
SQL: SELECT * FROM `comments` WHERE ( id>0 ) ORDER BY `com_time` desc LIMIT 5   [ RunTime:0.0010s ]
INFO: [ view_parse ] --START--
INFO: [ template_filter ] --START--
INFO: Run Behavior\ContentReplaceBehavior [ RunTime:0.000000s ]
INFO: [ template_filter ] --END-- [ RunTime:0.000000s ]
INFO: Run Behavior\ParseTemplateBehavior [ RunTime:0.023001s ]
INFO: [ view_parse ] --END-- [ RunTime:0.024001s ]
INFO: [ view_filter ] --START--
INFO: Run Behavior\WriteHtmlCacheBehavior [ RunTime:0.000000s ]
INFO: [ view_filter ] --END-- [ RunTime:0.000000s ]
INFO: [ app_end ] --START--
INFO: Run Behavior\ShowPageTraceBehavior [ RunTime:0.001000s ]
INFO: [ app_end ] --END-- [ RunTime:0.002000s ]

[ 2017-03-30T23:46:51+08:00 ] 127.0.0.1 /myblog/Home/Index/verifyShow.html
INFO: [ app_init ] --START--
INFO: Run Behavior\BuildLiteBehavior [ RunTime:0.000000s ]
INFO: [ app_init ] --END-- [ RunTime:0.001000s ]
INFO: [ app_begin ] --START--
INFO: Run Behavior\ReadHtmlCacheBehavior [ RunTime:0.001000s ]
INFO: [ app_begin ] --END-- [ RunTime:0.001000s ]
INFO: [ app_end ] --START--
INFO: Run Behavior\ShowPageTraceBehavior [ RunTime:0.001000s ]
INFO: [ app_end ] --END-- [ RunTime:0.001000s ]

[ 2017-03-30T23:47:07+08:00 ] 127.0.0.1 /myblog/Home/Cate/index/cateName/php.html
INFO: [ app_init ] --START--
INFO: Run Behavior\BuildLiteBehavior [ RunTime:0.000000s ]
INFO: [ app_init ] --END-- [ RunTime:0.000000s ]
INFO: [ app_begin ] --START--
INFO: Run Behavior\ReadHtmlCacheBehavior [ RunTime:0.001000s ]
INFO: [ app_begin ] --END-- [ RunTime:0.001000s ]
SQL: SHOW COLUMNS FROM `cate` [ RunTime:0.0030s ]
SQL: SHOW COLUMNS FROM `article` [ RunTime:0.0030s ]
SQL: SELECT `name`,`article_sum` FROM `cate`  [ RunTime:0.0010s ]
SQL: SELECT * FROM `cate` WHERE ( name = 'php' )  [ RunTime:0.0000s ]
SQL: SELECT * FROM `article` WHERE ( id>0 ) ORDER BY `click_sum` asc LIMIT 7   [ RunTime:0.0010s ]
SQL: SHOW COLUMNS FROM `comments` [ RunTime:0.0070s ]
SQL: SELECT * FROM `comments` WHERE ( id>0 ) ORDER BY `com_time` desc LIMIT 5   [ RunTime:0.0010s ]
SQL: SELECT COUNT(*) AS tp_count FROM `article` WHERE ( id>= 1 and category = 'php' ) LIMIT 1   [ RunTime:0.0750s ]
SQL: SELECT * FROM `article` WHERE ( id>= 1 and category = 'php' ) ORDER BY `create_time` desc LIMIT 0,4   [ RunTime:0.0000s ]
INFO: [ view_parse ] --START--
INFO: [ template_filter ] --START--
INFO: Run Behavior\ContentReplaceBehavior [ RunTime:0.000000s ]
INFO: [ template_filter ] --END-- [ RunTime:0.000000s ]
INFO: Run Behavior\ParseTemplateBehavior [ RunTime:0.022001s ]
INFO: [ view_parse ] --END-- [ RunTime:0.022001s ]
INFO: [ view_filter ] --START--
INFO: Run Behavior\WriteHtmlCacheBehavior [ RunTime:0.001001s ]
INFO: [ view_filter ] --END-- [ RunTime:0.001001s ]
INFO: [ app_end ] --START--
INFO: Run Behavior\ShowPageTraceBehavior [ RunTime:0.001000s ]
INFO: [ app_end ] --END-- [ RunTime:0.001000s ]

[ 2017-03-30T23:47:07+08:00 ] 127.0.0.1 /myblog/Home/Index/verifyShow.html
INFO: [ app_init ] --START--
INFO: Run Behavior\BuildLiteBehavior [ RunTime:0.000000s ]
INFO: [ app_init ] --END-- [ RunTime:0.001000s ]
INFO: [ app_begin ] --START--
INFO: Run Behavior\ReadHtmlCacheBehavior [ RunTime:0.001000s ]
INFO: [ app_begin ] --END-- [ RunTime:0.001000s ]
INFO: [ app_end ] --START--
INFO: Run Behavior\ShowPageTraceBehavior [ RunTime:0.001000s ]
INFO: [ app_end ] --END-- [ RunTime:0.001000s ]

[ 2017-03-30T23:47:44+08:00 ] 127.0.0.1 /myblog/Home/Cate/index/cateName/php.html
INFO: [ app_init ] --START--
INFO: Run Behavior\BuildLiteBehavior [ RunTime:0.000000s ]
INFO: [ app_init ] --END-- [ RunTime:0.000000s ]
INFO: [ app_begin ] --START--
INFO: Run Behavior\ReadHtmlCacheBehavior [ RunTime:0.001000s ]
INFO: [ app_begin ] --END-- [ RunTime:0.001000s ]
SQL: SHOW COLUMNS FROM `cate` [ RunTime:0.0030s ]
SQL: SHOW COLUMNS FROM `article` [ RunTime:0.0030s ]
SQL: SELECT `name`,`article_sum` FROM `cate`  [ RunTime:0.0000s ]
SQL: SELECT * FROM `cate` WHERE ( name = 'php' )  [ RunTime:0.0010s ]
SQL: SELECT * FROM `article` WHERE ( id>0 ) ORDER BY `click_sum` asc LIMIT 7   [ RunTime:0.0010s ]
SQL: SHOW COLUMNS FROM `comments` [ RunTime:0.0040s ]
SQL: SELECT * FROM `comments` WHERE ( id>0 ) ORDER BY `com_time` desc LIMIT 5   [ RunTime:0.0000s ]
SQL: SELECT COUNT(*) AS tp_count FROM `article` WHERE ( id>= 1 and category = 'php' ) LIMIT 1   [ RunTime:0.0010s ]
SQL: SELECT * FROM `article` WHERE ( id>= 1 and category = 'php' ) ORDER BY `create_time` desc LIMIT 0,4   [ RunTime:0.0000s ]
INFO: [ view_parse ] --START--
INFO: [ template_filter ] --START--
INFO: Run Behavior\ContentReplaceBehavior [ RunTime:0.000000s ]
INFO: [ template_filter ] --END-- [ RunTime:0.000000s ]
INFO: Run Behavior\ParseTemplateBehavior [ RunTime:0.021001s ]
INFO: [ view_parse ] --END-- [ RunTime:0.021001s ]
INFO: [ view_filter ] --START--
INFO: Run Behavior\WriteHtmlCacheBehavior [ RunTime:0.000000s ]
INFO: [ view_filter ] --END-- [ RunTime:0.000000s ]
INFO: [ app_end ] --START--
INFO: Run Behavior\ShowPageTraceBehavior [ RunTime:0.000000s ]
INFO: [ app_end ] --END-- [ RunTime:0.001000s ]

[ 2017-03-30T23:47:45+08:00 ] 127.0.0.1 /myblog/Home/Index/verifyShow.html
INFO: [ app_init ] --START--
INFO: Run Behavior\BuildLiteBehavior [ RunTime:0.000000s ]
INFO: [ app_init ] --END-- [ RunTime:0.000000s ]
INFO: [ app_begin ] --START--
INFO: Run Behavior\ReadHtmlCacheBehavior [ RunTime:0.001000s ]
INFO: [ app_begin ] --END-- [ RunTime:0.001000s ]
INFO: [ app_end ] --START--
INFO: Run Behavior\ShowPageTraceBehavior [ RunTime:0.002000s ]
INFO: [ app_end ] --END-- [ RunTime:0.002000s ]

[ 2017-03-30T23:49:44+08:00 ] 127.0.0.1 /myblog/Home/Cate/index/cateName/php.html
INFO: [ app_init ] --START--
INFO: Run Behavior\BuildLiteBehavior [ RunTime:0.000000s ]
INFO: [ app_init ] --END-- [ RunTime:0.000000s ]
INFO: [ app_begin ] --START--
INFO: Run Behavior\ReadHtmlCacheBehavior [ RunTime:0.001000s ]
INFO: [ app_begin ] --END-- [ RunTime:0.001000s ]
SQL: SHOW COLUMNS FROM `cate` [ RunTime:0.0040s ]
SQL: SHOW COLUMNS FROM `article` [ RunTime:0.0030s ]
SQL: SELECT `name`,`article_sum` FROM `cate`  [ RunTime:0.0000s ]
SQL: SELECT * FROM `cate` WHERE ( name = 'php' )  [ RunTime:0.0010s ]
SQL: SELECT * FROM `article` WHERE ( id>0 ) ORDER BY `click_sum` asc LIMIT 7   [ RunTime:0.0010s ]
SQL: SHOW COLUMNS FROM `comments` [ RunTime:0.0030s ]
SQL: SELECT * FROM `comments` WHERE ( id>0 ) ORDER BY `com_time` desc LIMIT 5   [ RunTime:0.0010s ]
SQL: SELECT COUNT(*) AS tp_count FROM `article` WHERE ( id>= 1 and category = 'php' ) LIMIT 1   [ RunTime:0.0000s ]
SQL: SELECT * FROM `article` WHERE ( id>= 1 and category = 'php' ) ORDER BY `create_time` desc LIMIT 0,4   [ RunTime:0.0000s ]
INFO: [ view_parse ] --START--
INFO: [ template_filter ] --START--
INFO: Run Behavior\ContentReplaceBehavior [ RunTime:0.001000s ]
INFO: [ template_filter ] --END-- [ RunTime:0.001000s ]
INFO: Run Behavior\ParseTemplateBehavior [ RunTime:0.022001s ]
INFO: [ view_parse ] --END-- [ RunTime:0.022001s ]
INFO: [ view_filter ] --START--
INFO: Run Behavior\WriteHtmlCacheBehavior [ RunTime:0.000000s ]
INFO: [ view_filter ] --END-- [ RunTime:0.000000s ]
INFO: [ app_end ] --START--
INFO: Run Behavior\ShowPageTraceBehavior [ RunTime:0.001000s ]
INFO: [ app_end ] --END-- [ RunTime:0.001000s ]

[ 2017-03-30T23:49:44+08:00 ] 127.0.0.1 /myblog/Home/Index/verifyShow.html
INFO: [ app_init ] --START--
INFO: Run Behavior\BuildLiteBehavior [ RunTime:0.000000s ]
INFO: [ app_init ] --END-- [ RunTime:0.001000s ]
INFO: [ app_begin ] --START--
INFO: Run Behavior\ReadHtmlCacheBehavior [ RunTime:0.001000s ]
INFO: [ app_begin ] --END-- [ RunTime:0.001000s ]
INFO: [ app_end ] --START--
INFO: Run Behavior\ShowPageTraceBehavior [ RunTime:0.000000s ]
INFO: [ app_end ] --END-- [ RunTime:0.000000s ]

[ 2017-03-30T23:50:10+08:00 ] 127.0.0.1 /myblog/Home/Cate/index/cateName/php.html
INFO: [ app_init ] --START--
INFO: Run Behavior\BuildLiteBehavior [ RunTime:0.000000s ]
INFO: [ app_init ] --END-- [ RunTime:0.001000s ]
INFO: [ app_begin ] --START--
INFO: Run Behavior\ReadHtmlCacheBehavior [ RunTime:0.000000s ]
INFO: [ app_begin ] --END-- [ RunTime:0.001000s ]
SQL: SHOW COLUMNS FROM `cate` [ RunTime:0.0030s ]
SQL: SHOW COLUMNS FROM `article` [ RunTime:0.0030s ]
SQL: SELECT `name`,`article_sum` FROM `cate`  [ RunTime:0.0000s ]
SQL: SELECT * FROM `cate` WHERE ( name = 'php' )  [ RunTime:0.0010s ]
SQL: SELECT * FROM `article` WHERE ( id>0 ) ORDER BY `click_sum` asc LIMIT 7   [ RunTime:0.0000s ]
SQL: SHOW COLUMNS FROM `comments` [ RunTime:0.0040s ]
SQL: SELECT * FROM `comments` WHERE ( id>0 ) ORDER BY `com_time` desc LIMIT 5   [ RunTime:0.0000s ]
SQL: SELECT COUNT(*) AS tp_count FROM `article` WHERE ( id>= 1 and category = 'php' ) LIMIT 1   [ RunTime:0.0010s ]
SQL: SELECT * FROM `article` WHERE ( id>= 1 and category = 'php' ) ORDER BY `create_time` desc LIMIT 0,4   [ RunTime:0.0000s ]
INFO: [ view_parse ] --START--
INFO: [ template_filter ] --START--
INFO: Run Behavior\ContentReplaceBehavior [ RunTime:0.000000s ]
INFO: [ template_filter ] --END-- [ RunTime:0.000000s ]
INFO: Run Behavior\ParseTemplateBehavior [ RunTime:0.020001s ]
INFO: [ view_parse ] --END-- [ RunTime:0.020001s ]
INFO: [ view_filter ] --START--
INFO: Run Behavior\WriteHtmlCacheBehavior [ RunTime:0.001000s ]
INFO: [ view_filter ] --END-- [ RunTime:0.001000s ]
INFO: [ app_end ] --START--
INFO: Run Behavior\ShowPageTraceBehavior [ RunTime:0.001000s ]
INFO: [ app_end ] --END-- [ RunTime:0.001000s ]

[ 2017-03-30T23:50:10+08:00 ] 127.0.0.1 /myblog/Home/Index/verifyShow.html
INFO: [ app_init ] --START--
INFO: Run Behavior\BuildLiteBehavior [ RunTime:0.000000s ]
INFO: [ app_init ] --END-- [ RunTime:0.001000s ]
INFO: [ app_begin ] --START--
INFO: Run Behavior\ReadHtmlCacheBehavior [ RunTime:0.001000s ]
INFO: [ app_begin ] --END-- [ RunTime:0.001000s ]
INFO: [ app_end ] --START--
INFO: Run Behavior\ShowPageTraceBehavior [ RunTime:0.002000s ]
INFO: [ app_end ] --END-- [ RunTime:0.002000s ]

[ 2017-03-30T23:53:32+08:00 ] 127.0.0.1 /myblog/Home/Index/index.html
INFO: [ app_init ] --START--
INFO: Run Behavior\BuildLiteBehavior [ RunTime:0.000000s ]
INFO: [ app_init ] --END-- [ RunTime:0.001000s ]
INFO: [ app_begin ] --START--
INFO: Run Behavior\ReadHtmlCacheBehavior [ RunTime:0.001000s ]
INFO: [ app_begin ] --END-- [ RunTime:0.001000s ]
SQL: SHOW COLUMNS FROM `cate` [ RunTime:0.0030s ]
SQL: SELECT `name`,`article_sum` FROM `cate`  [ RunTime:0.0010s ]
SQL: SHOW COLUMNS FROM `article` [ RunTime:0.0050s ]
SQL: SELECT * FROM `article` WHERE ( id>0 ) ORDER BY `create_time` desc LIMIT 7   [ RunTime:0.0020s ]
SQL: SELECT * FROM `article` WHERE ( id>0 ) ORDER BY `click_sum` asc LIMIT 7   [ RunTime:0.0000s ]
SQL: SHOW COLUMNS FROM `comments` [ RunTime:0.0040s ]
SQL: SELECT * FROM `comments` WHERE ( id>0 ) ORDER BY `com_time` desc LIMIT 5   [ RunTime:0.0000s ]
INFO: [ view_parse ] --START--
INFO: [ template_filter ] --START--
INFO: Run Behavior\ContentReplaceBehavior [ RunTime:0.000000s ]
INFO: [ template_filter ] --END-- [ RunTime:0.000000s ]
INFO: Run Behavior\ParseTemplateBehavior [ RunTime:0.026001s ]
INFO: [ view_parse ] --END-- [ RunTime:0.026001s ]
INFO: [ view_filter ] --START--
INFO: Run Behavior\WriteHtmlCacheBehavior [ RunTime:0.001000s ]
INFO: [ view_filter ] --END-- [ RunTime:0.001000s ]
INFO: [ app_end ] --START--
INFO: Run Behavior\ShowPageTraceBehavior [ RunTime:0.001000s ]
INFO: [ app_end ] --END-- [ RunTime:0.001000s ]

[ 2017-03-30T23:53:32+08:00 ] 127.0.0.1 /myblog/Home/Index/verifyShow.html
INFO: [ app_init ] --START--
INFO: Run Behavior\BuildLiteBehavior [ RunTime:0.000000s ]
INFO: [ app_init ] --END-- [ RunTime:0.000000s ]
INFO: [ app_begin ] --START--
INFO: Run Behavior\ReadHtmlCacheBehavior [ RunTime:0.001001s ]
INFO: [ app_begin ] --END-- [ RunTime:0.001001s ]
INFO: [ app_end ] --START--
INFO: Run Behavior\ShowPageTraceBehavior [ RunTime:0.001000s ]
INFO: [ app_end ] --END-- [ RunTime:0.001000s ]

[ 2017-03-30T23:54:23+08:00 ] 127.0.0.1 /myblog/Home/Index/index.html
INFO: [ app_init ] --START--
INFO: Run Behavior\BuildLiteBehavior [ RunTime:0.000000s ]
INFO: [ app_init ] --END-- [ RunTime:0.000000s ]
INFO: [ app_begin ] --START--
INFO: Run Behavior\ReadHtmlCacheBehavior [ RunTime:0.001000s ]
INFO: [ app_begin ] --END-- [ RunTime:0.001000s ]
SQL: SHOW COLUMNS FROM `cate` [ RunTime:0.0030s ]
SQL: SELECT `name`,`article_sum` FROM `cate`  [ RunTime:0.0000s ]
SQL: SHOW COLUMNS FROM `article` [ RunTime:0.0040s ]
SQL: SELECT * FROM `article` WHERE ( id>0 ) ORDER BY `create_time` desc LIMIT 7   [ RunTime:0.0000s ]
SQL: SELECT * FROM `article` WHERE ( id>0 ) ORDER BY `click_sum` asc LIMIT 7   [ RunTime:0.0000s ]
SQL: SHOW COLUMNS FROM `comments` [ RunTime:0.0050s ]
SQL: SELECT * FROM `comments` WHERE ( id>0 ) ORDER BY `com_time` desc LIMIT 5   [ RunTime:0.0010s ]
INFO: [ view_parse ] --START--
INFO: [ template_filter ] --START--
INFO: Run Behavior\ContentReplaceBehavior [ RunTime:0.000000s ]
INFO: [ template_filter ] --END-- [ RunTime:0.000000s ]
INFO: Run Behavior\ParseTemplateBehavior [ RunTime:0.023001s ]
INFO: [ view_parse ] --END-- [ RunTime:0.023001s ]
INFO: [ view_filter ] --START--
INFO: Run Behavior\WriteHtmlCacheBehavior [ RunTime:0.000000s ]
INFO: [ view_filter ] --END-- [ RunTime:0.000000s ]
INFO: [ app_end ] --START--
INFO: Run Behavior\ShowPageTraceBehavior [ RunTime:0.001000s ]
INFO: [ app_end ] --END-- [ RunTime:0.001000s ]

[ 2017-03-30T23:54:23+08:00 ] 127.0.0.1 /myblog/Home/Index/verifyShow.html
INFO: [ app_init ] --START--
INFO: Run Behavior\BuildLiteBehavior [ RunTime:0.000000s ]
INFO: [ app_init ] --END-- [ RunTime:0.000000s ]
INFO: [ app_begin ] --START--
INFO: Run Behavior\ReadHtmlCacheBehavior [ RunTime:0.001000s ]
INFO: [ app_begin ] --END-- [ RunTime:0.001000s ]
INFO: [ app_end ] --START--
INFO: Run Behavior\ShowPageTraceBehavior [ RunTime:0.001000s ]
INFO: [ app_end ] --END-- [ RunTime:0.001000s ]

[ 2017-03-30T23:54:25+08:00 ] 127.0.0.1 /myblog/Home/Index/index.html
INFO: [ app_init ] --START--
INFO: Run Behavior\BuildLiteBehavior [ RunTime:0.000000s ]
INFO: [ app_init ] --END-- [ RunTime:0.000000s ]
INFO: [ app_begin ] --START--
INFO: Run Behavior\ReadHtmlCacheBehavior [ RunTime:0.001000s ]
INFO: [ app_begin ] --END-- [ RunTime:0.001000s ]
SQL: SHOW COLUMNS FROM `cate` [ RunTime:0.0050s ]
SQL: SELECT `name`,`article_sum` FROM `cate`  [ RunTime:0.0010s ]
SQL: SHOW COLUMNS FROM `article` [ RunTime:0.0070s ]
SQL: SELECT * FROM `article` WHERE ( id>0 ) ORDER BY `create_time` desc LIMIT 7   [ RunTime:0.0000s ]
SQL: SELECT * FROM `article` WHERE ( id>0 ) ORDER BY `click_sum` asc LIMIT 7   [ RunTime:0.0000s ]
SQL: SHOW COLUMNS FROM `comments` [ RunTime:0.0040s ]
SQL: SELECT * FROM `comments` WHERE ( id>0 ) ORDER BY `com_time` desc LIMIT 5   [ RunTime:0.0010s ]
INFO: [ view_parse ] --START--
INFO: [ template_filter ] --START--
INFO: Run Behavior\ContentReplaceBehavior [ RunTime:0.000000s ]
INFO: [ template_filter ] --END-- [ RunTime:0.001000s ]
INFO: Run Behavior\ParseTemplateBehavior [ RunTime:0.028001s ]
INFO: [ view_parse ] --END-- [ RunTime:0.028001s ]
INFO: [ view_filter ] --START--
INFO: Run Behavior\WriteHtmlCacheBehavior [ RunTime:0.000000s ]
INFO: [ view_filter ] --END-- [ RunTime:0.000000s ]
INFO: [ app_end ] --START--
INFO: Run Behavior\ShowPageTraceBehavior [ RunTime:0.001000s ]
INFO: [ app_end ] --END-- [ RunTime:0.001000s ]

[ 2017-03-30T23:54:25+08:00 ] 127.0.0.1 /myblog/Home/Index/verifyShow.html
INFO: [ app_init ] --START--
INFO: Run Behavior\BuildLiteBehavior [ RunTime:0.000000s ]
INFO: [ app_init ] --END-- [ RunTime:0.000000s ]
INFO: [ app_begin ] --START--
INFO: Run Behavior\ReadHtmlCacheBehavior [ RunTime:0.001000s ]
INFO: [ app_begin ] --END-- [ RunTime:0.001000s ]
INFO: [ app_end ] --START--
INFO: Run Behavior\ShowPageTraceBehavior [ RunTime:0.001000s ]
INFO: [ app_end ] --END-- [ RunTime:0.001000s ]

[ 2017-03-30T23:54:51+08:00 ] 127.0.0.1 /myblog/Home/Index/index.html
INFO: [ app_init ] --START--
INFO: Run Behavior\BuildLiteBehavior [ RunTime:0.000000s ]
INFO: [ app_init ] --END-- [ RunTime:0.000000s ]
INFO: [ app_begin ] --START--
INFO: Run Behavior\ReadHtmlCacheBehavior [ RunTime:0.003000s ]
INFO: [ app_begin ] --END-- [ RunTime:0.003000s ]
SQL: SHOW COLUMNS FROM `cate` [ RunTime:0.0040s ]
SQL: SELECT `name`,`article_sum` FROM `cate`  [ RunTime:0.0000s ]
SQL: SHOW COLUMNS FROM `article` [ RunTime:0.0040s ]
SQL: SELECT * FROM `article` WHERE ( id>0 ) ORDER BY `create_time` desc LIMIT 7   [ RunTime:0.0020s ]
SQL: SELECT * FROM `article` WHERE ( id>0 ) ORDER BY `click_sum` asc LIMIT 7   [ RunTime:0.0020s ]
SQL: SHOW COLUMNS FROM `comments` [ RunTime:0.0040s ]
SQL: SELECT * FROM `comments` WHERE ( id>0 ) ORDER BY `com_time` desc LIMIT 5   [ RunTime:0.0000s ]
INFO: [ view_parse ] --START--
INFO: [ template_filter ] --START--
INFO: Run Behavior\ContentReplaceBehavior [ RunTime:0.000000s ]
INFO: [ template_filter ] --END-- [ RunTime:0.000000s ]
INFO: Run Behavior\ParseTemplateBehavior [ RunTime:0.023001s ]
INFO: [ view_parse ] --END-- [ RunTime:0.023001s ]
INFO: [ view_filter ] --START--
INFO: Run Behavior\WriteHtmlCacheBehavior [ RunTime:0.000000s ]
INFO: [ view_filter ] --END-- [ RunTime:0.000000s ]
INFO: [ app_end ] --START--
INFO: Run Behavior\ShowPageTraceBehavior [ RunTime:0.001000s ]
INFO: [ app_end ] --END-- [ RunTime:0.001000s ]

[ 2017-03-30T23:54:51+08:00 ] 127.0.0.1 /myblog/Home/Index/verifyShow.html
INFO: [ app_init ] --START--
INFO: Run Behavior\BuildLiteBehavior [ RunTime:0.001000s ]
INFO: [ app_init ] --END-- [ RunTime:0.001000s ]
INFO: [ app_begin ] --START--
INFO: Run Behavior\ReadHtmlCacheBehavior [ RunTime:0.001000s ]
INFO: [ app_begin ] --END-- [ RunTime:0.001000s ]
INFO: [ app_end ] --START--
INFO: Run Behavior\ShowPageTraceBehavior [ RunTime:0.002000s ]
INFO: [ app_end ] --END-- [ RunTime:0.003000s ]

[ 2017-03-30T23:55:21+08:00 ] 127.0.0.1 /myblog/Home/Index/index.html
INFO: [ app_init ] --START--
INFO: Run Behavior\BuildLiteBehavior [ RunTime:0.000000s ]
INFO: [ app_init ] --END-- [ RunTime:0.001000s ]
INFO: [ app_begin ] --START--
INFO: Run Behavior\ReadHtmlCacheBehavior [ RunTime:0.001000s ]
INFO: [ app_begin ] --END-- [ RunTime:0.001000s ]
SQL: SHOW COLUMNS FROM `cate` [ RunTime:0.0070s ]
SQL: SELECT `name`,`article_sum` FROM `cate`  [ RunTime:0.0010s ]
SQL: SHOW COLUMNS FROM `article` [ RunTime:0.0040s ]
SQL: SELECT * FROM `article` WHERE ( id>0 ) ORDER BY `create_time` desc LIMIT 7   [ RunTime:0.0010s ]
SQL: SELECT * FROM `article` WHERE ( id>0 ) ORDER BY `click_sum` asc LIMIT 7   [ RunTime:0.0020s ]
SQL: SHOW COLUMNS FROM `comments` [ RunTime:0.0060s ]
SQL: SELECT * FROM `comments` WHERE ( id>0 ) ORDER BY `com_time` desc LIMIT 5   [ RunTime:0.0010s ]
INFO: [ view_parse ] --START--
INFO: [ template_filter ] --START--
INFO: Run Behavior\ContentReplaceBehavior [ RunTime:0.000000s ]
INFO: [ template_filter ] --END-- [ RunTime:0.000000s ]
INFO: Run Behavior\ParseTemplateBehavior [ RunTime:0.032002s ]
INFO: [ view_parse ] --END-- [ RunTime:0.032002s ]
INFO: [ view_filter ] --START--
INFO: Run Behavior\WriteHtmlCacheBehavior [ RunTime:0.001000s ]
INFO: [ view_filter ] --END-- [ RunTime:0.001000s ]
INFO: [ app_end ] --START--
INFO: Run Behavior\ShowPageTraceBehavior [ RunTime:0.001000s ]
INFO: [ app_end ] --END-- [ RunTime:0.001000s ]

[ 2017-03-30T23:55:21+08:00 ] 127.0.0.1 /myblog/Home/Index/verifyShow.html
INFO: [ app_init ] --START--
INFO: Run Behavior\BuildLiteBehavior [ RunTime:0.000000s ]
INFO: [ app_init ] --END-- [ RunTime:0.001000s ]
INFO: [ app_begin ] --START--
INFO: Run Behavior\ReadHtmlCacheBehavior [ RunTime:0.001000s ]
INFO: [ app_begin ] --END-- [ RunTime:0.001000s ]
INFO: [ app_end ] --START--
INFO: Run Behavior\ShowPageTraceBehavior [ RunTime:0.002000s ]
INFO: [ app_end ] --END-- [ RunTime:0.002000s ]

[ 2017-03-30T23:55:21+08:00 ] 127.0.0.1 /myblog/Home/Index/index.html
INFO: [ app_init ] --START--
INFO: Run Behavior\BuildLiteBehavior [ RunTime:0.000000s ]
INFO: [ app_init ] --END-- [ RunTime:0.000000s ]
INFO: [ app_begin ] --START--
INFO: Run Behavior\ReadHtmlCacheBehavior [ RunTime:0.001001s ]
INFO: [ app_begin ] --END-- [ RunTime:0.001001s ]
SQL: SHOW COLUMNS FROM `cate` [ RunTime:0.0040s ]
SQL: SELECT `name`,`article_sum` FROM `cate`  [ RunTime:0.0010s ]
SQL: SHOW COLUMNS FROM `article` [ RunTime:0.0030s ]
SQL: SELECT * FROM `article` WHERE ( id>0 ) ORDER BY `create_time` desc LIMIT 7   [ RunTime:0.0010s ]
SQL: SELECT * FROM `article` WHERE ( id>0 ) ORDER BY `click_sum` asc LIMIT 7   [ RunTime:0.0000s ]
SQL: SHOW COLUMNS FROM `comments` [ RunTime:0.0040s ]
SQL: SELECT * FROM `comments` WHERE ( id>0 ) ORDER BY `com_time` desc LIMIT 5   [ RunTime:0.0010s ]
INFO: [ view_parse ] --START--
INFO: [ template_filter ] --START--
INFO: Run Behavior\ContentReplaceBehavior [ RunTime:0.001000s ]
INFO: [ template_filter ] --END-- [ RunTime:0.001000s ]
INFO: Run Behavior\ParseTemplateBehavior [ RunTime:0.021001s ]
INFO: [ view_parse ] --END-- [ RunTime:0.021001s ]
INFO: [ view_filter ] --START--
INFO: Run Behavior\WriteHtmlCacheBehavior [ RunTime:0.000000s ]
INFO: [ view_filter ] --END-- [ RunTime:0.000000s ]
INFO: [ app_end ] --START--
INFO: Run Behavior\ShowPageTraceBehavior [ RunTime:0.001000s ]
INFO: [ app_end ] --END-- [ RunTime:0.001000s ]

[ 2017-03-30T23:55:21+08:00 ] 127.0.0.1 /myblog/Home/Index/verifyShow.html
INFO: [ app_init ] --START--
INFO: Run Behavior\BuildLiteBehavior [ RunTime:0.000000s ]
INFO: [ app_init ] --END-- [ RunTime:0.001000s ]
INFO: [ app_begin ] --START--
INFO: Run Behavior\ReadHtmlCacheBehavior [ RunTime:0.001000s ]
INFO: [ app_begin ] --END-- [ RunTime:0.002000s ]
INFO: [ app_end ] --START--
INFO: Run Behavior\ShowPageTraceBehavior [ RunTime:0.001000s ]
INFO: [ app_end ] --END-- [ RunTime:0.001000s ]

[ 2017-03-30T23:57:08+08:00 ] 127.0.0.1 /myblog/Home/Index/index.html
INFO: [ app_init ] --START--
INFO: Run Behavior\BuildLiteBehavior [ RunTime:0.001000s ]
INFO: [ app_init ] --END-- [ RunTime:0.002000s ]
INFO: [ app_begin ] --START--
INFO: Run Behavior\ReadHtmlCacheBehavior [ RunTime:0.001000s ]
INFO: [ app_begin ] --END-- [ RunTime:0.001000s ]
SQL: SHOW COLUMNS FROM `cate` [ RunTime:0.0030s ]
SQL: SELECT `name`,`article_sum` FROM `cate`  [ RunTime:0.0000s ]
SQL: SHOW COLUMNS FROM `article` [ RunTime:0.0040s ]
SQL: SELECT * FROM `article` WHERE ( id>0 ) ORDER BY `create_time` desc LIMIT 7   [ RunTime:0.0020s ]
SQL: SELECT * FROM `article` WHERE ( id>0 ) ORDER BY `click_sum` asc LIMIT 7   [ RunTime:0.0010s ]
SQL: SHOW COLUMNS FROM `comments` [ RunTime:0.0060s ]
SQL: SELECT * FROM `comments` WHERE ( id>0 ) ORDER BY `com_time` desc LIMIT 5   [ RunTime:0.0010s ]
INFO: [ view_parse ] --START--
INFO: [ template_filter ] --START--
INFO: Run Behavior\ContentReplaceBehavior [ RunTime:0.000000s ]
INFO: [ template_filter ] --END-- [ RunTime:0.000000s ]
INFO: Run Behavior\ParseTemplateBehavior [ RunTime:0.023001s ]
INFO: [ view_parse ] --END-- [ RunTime:0.023001s ]
INFO: [ view_filter ] --START--
INFO: Run Behavior\WriteHtmlCacheBehavior [ RunTime:0.001000s ]
INFO: [ view_filter ] --END-- [ RunTime:0.001000s ]
INFO: [ app_end ] --START--
INFO: Run Behavior\ShowPageTraceBehavior [ RunTime:0.002000s ]
INFO: [ app_end ] --END-- [ RunTime:0.002000s ]

[ 2017-03-30T23:57:08+08:00 ] 127.0.0.1 /myblog/Home/Index/verifyShow.html
INFO: [ app_init ] --START--
INFO: Run Behavior\BuildLiteBehavior [ RunTime:0.000000s ]
INFO: [ app_init ] --END-- [ RunTime:0.001001s ]
INFO: [ app_begin ] --START--
INFO: Run Behavior\ReadHtmlCacheBehavior [ RunTime:0.002000s ]
INFO: [ app_begin ] --END-- [ RunTime:0.002000s ]
INFO: [ app_end ] --START--
INFO: Run Behavior\ShowPageTraceBehavior [ RunTime:0.001000s ]
INFO: [ app_end ] --END-- [ RunTime:0.001000s ]

[ 2017-03-30T23:57:48+08:00 ] 127.0.0.1 /myblog/Home/Index/index.html
INFO: [ app_init ] --START--
INFO: Run Behavior\BuildLiteBehavior [ RunTime:0.000000s ]
INFO: [ app_init ] --END-- [ RunTime:0.002000s ]
INFO: [ app_begin ] --START--
INFO: Run Behavior\ReadHtmlCacheBehavior [ RunTime:0.001001s ]
INFO: [ app_begin ] --END-- [ RunTime:0.001001s ]
SQL: SHOW COLUMNS FROM `cate` [ RunTime:0.0040s ]
SQL: SELECT `name`,`article_sum` FROM `cate`  [ RunTime:0.0000s ]
SQL: SHOW COLUMNS FROM `article` [ RunTime:0.0060s ]
SQL: SELECT * FROM `article` WHERE ( id>0 ) ORDER BY `create_time` desc LIMIT 7   [ RunTime:0.0010s ]
SQL: SELECT * FROM `article` WHERE ( id>0 ) ORDER BY `click_sum` asc LIMIT 7   [ RunTime:0.0010s ]
SQL: SHOW COLUMNS FROM `comments` [ RunTime:0.0040s ]
SQL: SELECT * FROM `comments` WHERE ( id>0 ) ORDER BY `com_time` desc LIMIT 5   [ RunTime:0.0010s ]
INFO: [ view_parse ] --START--
INFO: [ template_filter ] --START--
INFO: Run Behavior\ContentReplaceBehavior [ RunTime:0.000000s ]
INFO: [ template_filter ] --END-- [ RunTime:0.000000s ]
INFO: Run Behavior\ParseTemplateBehavior [ RunTime:0.028001s ]
INFO: [ view_parse ] --END-- [ RunTime:0.028001s ]
INFO: [ view_filter ] --START--
INFO: Run Behavior\WriteHtmlCacheBehavior [ RunTime:0.000000s ]
INFO: [ view_filter ] --END-- [ RunTime:0.000000s ]
INFO: [ app_end ] --START--
INFO: Run Behavior\ShowPageTraceBehavior [ RunTime:0.001000s ]
INFO: [ app_end ] --END-- [ RunTime:0.002000s ]

[ 2017-03-30T23:57:48+08:00 ] 127.0.0.1 /myblog/Home/Index/verifyShow.html
INFO: [ app_init ] --START--
INFO: Run Behavior\BuildLiteBehavior [ RunTime:0.000000s ]
INFO: [ app_init ] --END-- [ RunTime:0.001000s ]
INFO: [ app_begin ] --START--
INFO: Run Behavior\ReadHtmlCacheBehavior [ RunTime:0.002000s ]
INFO: [ app_begin ] --END-- [ RunTime:0.002000s ]
INFO: [ app_end ] --START--
INFO: Run Behavior\ShowPageTraceBehavior [ RunTime:0.002000s ]
INFO: [ app_end ] --END-- [ RunTime:0.002000s ]

[ 2017-03-30T23:58:18+08:00 ] 127.0.0.1 /myblog/Home/Index/index.html
INFO: [ app_init ] --START--
INFO: Run Behavior\BuildLiteBehavior [ RunTime:0.000000s ]
INFO: [ app_init ] --END-- [ RunTime:0.000000s ]
INFO: [ app_begin ] --START--
INFO: Run Behavior\ReadHtmlCacheBehavior [ RunTime:0.001000s ]
INFO: [ app_begin ] --END-- [ RunTime:0.001000s ]
SQL: SHOW COLUMNS FROM `cate` [ RunTime:0.0030s ]
SQL: SELECT `name`,`article_sum` FROM `cate`  [ RunTime:0.0010s ]
SQL: SHOW COLUMNS FROM `article` [ RunTime:0.0040s ]
SQL: SELECT * FROM `article` WHERE ( id>0 ) ORDER BY `create_time` desc LIMIT 7   [ RunTime:0.0010s ]
SQL: SELECT * FROM `article` WHERE ( id>0 ) ORDER BY `click_sum` asc LIMIT 7   [ RunTime:0.0010s ]
SQL: SHOW COLUMNS FROM `comments` [ RunTime:0.0050s ]
SQL: SELECT * FROM `comments` WHERE ( id>0 ) ORDER BY `com_time` desc LIMIT 5   [ RunTime:0.0000s ]
INFO: [ view_parse ] --START--
INFO: [ template_filter ] --START--
INFO: Run Behavior\ContentReplaceBehavior [ RunTime:0.001000s ]
INFO: [ template_filter ] --END-- [ RunTime:0.001000s ]
INFO: Run Behavior\ParseTemplateBehavior [ RunTime:0.024002s ]
INFO: [ view_parse ] --END-- [ RunTime:0.024002s ]
INFO: [ view_filter ] --START--
INFO: Run Behavior\WriteHtmlCacheBehavior [ RunTime:0.001000s ]
INFO: [ view_filter ] --END-- [ RunTime:0.001000s ]
INFO: [ app_end ] --START--
INFO: Run Behavior\ShowPageTraceBehavior [ RunTime:0.001000s ]
INFO: [ app_end ] --END-- [ RunTime:0.001000s ]

[ 2017-03-30T23:58:18+08:00 ] 127.0.0.1 /myblog/Home/Index/verifyShow.html
INFO: [ app_init ] --START--
INFO: Run Behavior\BuildLiteBehavior [ RunTime:0.000000s ]
INFO: [ app_init ] --END-- [ RunTime:0.000000s ]
INFO: [ app_begin ] --START--
INFO: Run Behavior\ReadHtmlCacheBehavior [ RunTime:0.001000s ]
INFO: [ app_begin ] --END-- [ RunTime:0.001000s ]
INFO: [ app_end ] --START--
INFO: Run Behavior\ShowPageTraceBehavior [ RunTime:0.001000s ]
INFO: [ app_end ] --END-- [ RunTime:0.001000s ]

[ 2017-03-30T23:58:24+08:00 ] 127.0.0.1 /myblog/Home/Index/index.html
INFO: [ app_init ] --START--
INFO: Run Behavior\BuildLiteBehavior [ RunTime:0.000000s ]
INFO: [ app_init ] --END-- [ RunTime:0.001000s ]
INFO: [ app_begin ] --START--
INFO: Run Behavior\ReadHtmlCacheBehavior [ RunTime:0.001000s ]
INFO: [ app_begin ] --END-- [ RunTime:0.001000s ]
SQL: SHOW COLUMNS FROM `cate` [ RunTime:0.0050s ]
SQL: SELECT `name`,`article_sum` FROM `cate`  [ RunTime:0.0010s ]
SQL: SHOW COLUMNS FROM `article` [ RunTime:0.0050s ]
SQL: SELECT * FROM `article` WHERE ( id>0 ) ORDER BY `create_time` desc LIMIT 7   [ RunTime:0.0000s ]
SQL: SELECT * FROM `article` WHERE ( id>0 ) ORDER BY `click_sum` asc LIMIT 7   [ RunTime:0.0010s ]
SQL: SHOW COLUMNS FROM `comments` [ RunTime:0.0030s ]
SQL: SELECT * FROM `comments` WHERE ( id>0 ) ORDER BY `com_time` desc LIMIT 5   [ RunTime:0.0010s ]
INFO: [ view_parse ] --START--
INFO: [ template_filter ] --START--
INFO: Run Behavior\ContentReplaceBehavior [ RunTime:0.000000s ]
INFO: [ template_filter ] --END-- [ RunTime:0.000000s ]
INFO: Run Behavior\ParseTemplateBehavior [ RunTime:0.025001s ]
INFO: [ view_parse ] --END-- [ RunTime:0.025001s ]
INFO: [ view_filter ] --START--
INFO: Run Behavior\WriteHtmlCacheBehavior [ RunTime:0.000000s ]
INFO: [ view_filter ] --END-- [ RunTime:0.000000s ]
INFO: [ app_end ] --START--
INFO: Run Behavior\ShowPageTraceBehavior [ RunTime:0.001000s ]
INFO: [ app_end ] --END-- [ RunTime:0.001000s ]

[ 2017-03-30T23:58:25+08:00 ] 127.0.0.1 /myblog/Home/Index/verifyShow.html
INFO: [ app_init ] --START--
INFO: Run Behavior\BuildLiteBehavior [ RunTime:0.000000s ]
INFO: [ app_init ] --END-- [ RunTime:0.001000s ]
INFO: [ app_begin ] --START--
INFO: Run Behavior\ReadHtmlCacheBehavior [ RunTime:0.000000s ]
INFO: [ app_begin ] --END-- [ RunTime:0.000000s ]
INFO: [ app_end ] --START--
INFO: Run Behavior\ShowPageTraceBehavior [ RunTime:0.002000s ]
INFO: [ app_end ] --END-- [ RunTime:0.002000s ]

[ 2017-03-30T23:59:18+08:00 ] 127.0.0.1 /myblog/Home/Index/index.html
INFO: [ app_init ] --START--
INFO: Run Behavior\BuildLiteBehavior [ RunTime:0.000000s ]
INFO: [ app_init ] --END-- [ RunTime:0.002000s ]
INFO: [ app_begin ] --START--
INFO: Run Behavior\ReadHtmlCacheBehavior [ RunTime:0.001000s ]
INFO: [ app_begin ] --END-- [ RunTime:0.001000s ]
SQL: SHOW COLUMNS FROM `cate` [ RunTime:0.0080s ]
SQL: SELECT `name`,`article_sum` FROM `cate`  [ RunTime:0.0000s ]
SQL: SHOW COLUMNS FROM `article` [ RunTime:0.0040s ]
SQL: SELECT * FROM `article` WHERE ( id>0 ) ORDER BY `create_time` desc LIMIT 7   [ RunTime:0.0010s ]
SQL: SELECT * FROM `article` WHERE ( id>0 ) ORDER BY `click_sum` asc LIMIT 7   [ RunTime:0.0010s ]
SQL: SHOW COLUMNS FROM `comments` [ RunTime:0.0070s ]
SQL: SELECT * FROM `comments` WHERE ( id>0 ) ORDER BY `com_time` desc LIMIT 5   [ RunTime:0.0010s ]
INFO: [ view_parse ] --START--
INFO: [ template_filter ] --START--
INFO: Run Behavior\ContentReplaceBehavior [ RunTime:0.000000s ]
INFO: [ template_filter ] --END-- [ RunTime:0.000000s ]
INFO: Run Behavior\ParseTemplateBehavior [ RunTime:0.024002s ]
INFO: [ view_parse ] --END-- [ RunTime:0.024002s ]
INFO: [ view_filter ] --START--
INFO: Run Behavior\WriteHtmlCacheBehavior [ RunTime:0.001000s ]
INFO: [ view_filter ] --END-- [ RunTime:0.001000s ]
INFO: [ app_end ] --START--
INFO: Run Behavior\ShowPageTraceBehavior [ RunTime:0.001000s ]
INFO: [ app_end ] --END-- [ RunTime:0.002000s ]

[ 2017-03-30T23:59:18+08:00 ] 127.0.0.1 /myblog/Home/Index/verifyShow.html
INFO: [ app_init ] --START--
INFO: Run Behavior\BuildLiteBehavior [ RunTime:0.000000s ]
INFO: [ app_init ] --END-- [ RunTime:0.001000s ]
INFO: [ app_begin ] --START--
INFO: Run Behavior\ReadHtmlCacheBehavior [ RunTime:0.000000s ]
INFO: [ app_begin ] --END-- [ RunTime:0.001000s ]
INFO: [ app_end ] --START--
INFO: Run Behavior\ShowPageTraceBehavior [ RunTime:0.002000s ]
INFO: [ app_end ] --END-- [ RunTime:0.002000s ]

[ 2017-03-30T23:59:45+08:00 ] 127.0.0.1 /myblog/Home/Index/index.html
INFO: [ app_init ] --START--
INFO: Run Behavior\BuildLiteBehavior [ RunTime:0.000000s ]
INFO: [ app_init ] --END-- [ RunTime:0.000000s ]
INFO: [ app_begin ] --START--
INFO: Run Behavior\ReadHtmlCacheBehavior [ RunTime:0.000000s ]
INFO: [ app_begin ] --END-- [ RunTime:0.000000s ]
SQL: SHOW COLUMNS FROM `cate` [ RunTime:0.0030s ]
SQL: SELECT `name`,`article_sum` FROM `cate`  [ RunTime:0.0000s ]
SQL: SHOW COLUMNS FROM `article` [ RunTime:0.0040s ]
SQL: SELECT * FROM `article` WHERE ( id>0 ) ORDER BY `create_time` desc LIMIT 7   [ RunTime:0.0010s ]
SQL: SELECT * FROM `article` WHERE ( id>0 ) ORDER BY `click_sum` asc LIMIT 7   [ RunTime:0.0010s ]
SQL: SHOW COLUMNS FROM `comments` [ RunTime:0.0030s ]
SQL: SELECT * FROM `comments` WHERE ( id>0 ) ORDER BY `com_time` desc LIMIT 5   [ RunTime:0.0010s ]
INFO: [ view_parse ] --START--
INFO: [ template_filter ] --START--
INFO: Run Behavior\ContentReplaceBehavior [ RunTime:0.000000s ]
INFO: [ template_filter ] --END-- [ RunTime:0.000000s ]
INFO: Run Behavior\ParseTemplateBehavior [ RunTime:0.019001s ]
INFO: [ view_parse ] --END-- [ RunTime:0.019001s ]
INFO: [ view_filter ] --START--
INFO: Run Behavior\WriteHtmlCacheBehavior [ RunTime:0.001000s ]
INFO: [ view_filter ] --END-- [ RunTime:0.001000s ]
INFO: [ app_end ] --START--
INFO: Run Behavior\ShowPageTraceBehavior [ RunTime:0.001000s ]
INFO: [ app_end ] --END-- [ RunTime:0.001000s ]

[ 2017-03-30T23:59:45+08:00 ] 127.0.0.1 /myblog/Home/Index/verifyShow.html
INFO: [ app_init ] --START--
INFO: Run Behavior\BuildLiteBehavior [ RunTime:0.000000s ]
INFO: [ app_init ] --END-- [ RunTime:0.001000s ]
INFO: [ app_begin ] --START--
INFO: Run Behavior\ReadHtmlCacheBehavior [ RunTime:0.001000s ]
INFO: [ app_begin ] --END-- [ RunTime:0.001000s ]
INFO: [ app_end ] --START--
INFO: Run Behavior\ShowPageTraceBehavior [ RunTime:0.001000s ]
INFO: [ app_end ] --END-- [ RunTime:0.001000s ]

