[ 2017-04-05T22:59:02+08:00 ] 127.0.0.1 /myblog/
INFO: [ app_init ] --START--
INFO: Run Behavior\BuildLiteBehavior [ RunTime:0.000000s ]
INFO: [ app_init ] --END-- [ RunTime:0.061004s ]
INFO: [ app_begin ] --START--
INFO: Run Behavior\ReadHtmlCacheBehavior [ RunTime:0.009000s ]
INFO: [ app_begin ] --END-- [ RunTime:0.009000s ]
SQL: SHOW COLUMNS FROM `cate` [ RunTime:0.2830s ]
SQL: SELECT `name`,`article_sum` FROM `cate`  [ RunTime:0.0030s ]
SQL: SHOW COLUMNS FROM `article` [ RunTime:0.2210s ]
SQL: SELECT * FROM `article` WHERE ( id>0 ) ORDER BY `create_time` desc LIMIT 5   [ RunTime:0.0030s ]
SQL: SELECT * FROM `article` WHERE ( id>0 ) ORDER BY `click_sum` asc LIMIT 7   [ RunTime:0.0160s ]
SQL: SHOW COLUMNS FROM `comments` [ RunTime:0.0690s ]
SQL: SELECT * FROM `comments` WHERE ( id>0 ) ORDER BY `com_time` desc LIMIT 5   [ RunTime:0.0010s ]
INFO: [ view_parse ] --START--
INFO: [ template_filter ] --START--
INFO: Run Behavior\ContentReplaceBehavior [ RunTime:0.038002s ]
INFO: [ template_filter ] --END-- [ RunTime:0.038002s ]
INFO: Run Behavior\ParseTemplateBehavior [ RunTime:0.315018s ]
INFO: [ view_parse ] --END-- [ RunTime:0.315018s ]
INFO: [ view_filter ] --START--
INFO: Run Behavior\WriteHtmlCacheBehavior [ RunTime:0.027002s ]
INFO: [ view_filter ] --END-- [ RunTime:0.027002s ]
INFO: [ app_end ] --START--
INFO: Run Behavior\ShowPageTraceBehavior [ RunTime:0.248014s ]
INFO: [ app_end ] --END-- [ RunTime:0.248014s ]

[ 2017-04-05T22:59:04+08:00 ] 127.0.0.1 /myblog/Home/Index/verifyShow.html
INFO: [ app_init ] --START--
INFO: Run Behavior\BuildLiteBehavior [ RunTime:0.000000s ]
INFO: [ app_init ] --END-- [ RunTime:0.001000s ]
INFO: [ app_begin ] --START--
INFO: Run Behavior\ReadHtmlCacheBehavior [ RunTime:0.001000s ]
INFO: [ app_begin ] --END-- [ RunTime:0.001000s ]
INFO: [ app_end ] --START--
INFO: Run Behavior\ShowPageTraceBehavior [ RunTime:0.002000s ]
INFO: [ app_end ] --END-- [ RunTime:0.002000s ]

[ 2017-04-05T23:02:06+08:00 ] 127.0.0.1 /myblog/Home/Comment/index.html
INFO: [ app_init ] --START--
INFO: Run Behavior\BuildLiteBehavior [ RunTime:0.000000s ]
INFO: [ app_init ] --END-- [ RunTime:0.000000s ]
INFO: [ app_begin ] --START--
INFO: Run Behavior\ReadHtmlCacheBehavior [ RunTime:0.000000s ]
INFO: [ app_begin ] --END-- [ RunTime:0.000000s ]
SQL: SHOW COLUMNS FROM `cate` [ RunTime:0.0000s ]
SQL: SHOW COLUMNS FROM `article` [ RunTime:0.0000s ]
SQL: SHOW COLUMNS FROM `comments` [ RunTime:0.0000s ]
SQL: SELECT `name`,`article_sum` FROM `cate`  [ RunTime:0.0000s ]
SQL: SELECT * FROM `article` WHERE ( id>0 ) ORDER BY `click_sum` asc LIMIT 7   [ RunTime:0.0000s ]
SQL: SELECT COUNT(*) AS tp_count FROM `comments` WHERE ( id>= 1 ) LIMIT 1   [ RunTime:0.0156s ]
SQL: SELECT * FROM `comments` WHERE ( id>= 1 ) ORDER BY `id` desc LIMIT 0,10   [ RunTime:0.0000s ]
INFO: [ view_parse ] --START--
INFO: [ template_filter ] --START--
INFO: Run Behavior\ContentReplaceBehavior [ RunTime:0.000000s ]
INFO: [ template_filter ] --END-- [ RunTime:0.000000s ]
INFO: Run Behavior\ParseTemplateBehavior [ RunTime:0.031200s ]
INFO: [ view_parse ] --END-- [ RunTime:0.031200s ]
INFO: [ view_filter ] --START--
INFO: Run Behavior\WriteHtmlCacheBehavior [ RunTime:0.000000s ]
INFO: [ view_filter ] --END-- [ RunTime:0.000000s ]
INFO: [ app_end ] --START--
INFO: Run Behavior\ShowPageTraceBehavior [ RunTime:0.000000s ]
INFO: [ app_end ] --END-- [ RunTime:0.000000s ]

[ 2017-04-05T23:02:06+08:00 ] 127.0.0.1 /myblog/Home/Index/verifyShow.html
INFO: [ app_init ] --START--
INFO: Run Behavior\BuildLiteBehavior [ RunTime:0.000000s ]
INFO: [ app_init ] --END-- [ RunTime:0.000000s ]
INFO: [ app_begin ] --START--
INFO: Run Behavior\ReadHtmlCacheBehavior [ RunTime:0.000000s ]
INFO: [ app_begin ] --END-- [ RunTime:0.000000s ]
INFO: [ app_end ] --START--
INFO: Run Behavior\ShowPageTraceBehavior [ RunTime:0.000000s ]
INFO: [ app_end ] --END-- [ RunTime:0.000000s ]

[ 2017-04-05T23:02:25+08:00 ] 127.0.0.1 /myblog/Home/Diary/index.html
INFO: [ app_init ] --START--
INFO: Run Behavior\BuildLiteBehavior [ RunTime:0.000000s ]
INFO: [ app_init ] --END-- [ RunTime:0.000000s ]
INFO: [ app_begin ] --START--
INFO: Run Behavior\ReadHtmlCacheBehavior [ RunTime:0.000000s ]
INFO: [ app_begin ] --END-- [ RunTime:0.000000s ]
SQL: SHOW COLUMNS FROM `cate` [ RunTime:0.0000s ]
SQL: SHOW COLUMNS FROM `article` [ RunTime:0.0000s ]
SQL: SHOW COLUMNS FROM `comments` [ RunTime:0.0000s ]
SQL: SELECT `name`,`article_sum` FROM `cate`  [ RunTime:0.0000s ]
SQL: SELECT * FROM `article` WHERE ( id>0 ) ORDER BY `click_sum` asc LIMIT 7   [ RunTime:0.0000s ]
INFO: [ view_parse ] --START--
INFO: [ template_filter ] --START--
INFO: Run Behavior\ContentReplaceBehavior [ RunTime:0.000000s ]
INFO: [ template_filter ] --END-- [ RunTime:0.000000s ]
INFO: Run Behavior\ParseTemplateBehavior [ RunTime:0.031200s ]
INFO: [ view_parse ] --END-- [ RunTime:0.031200s ]
INFO: [ view_filter ] --START--
INFO: Run Behavior\WriteHtmlCacheBehavior [ RunTime:0.000000s ]
INFO: [ view_filter ] --END-- [ RunTime:0.000000s ]
INFO: [ app_end ] --START--
INFO: Run Behavior\ShowPageTraceBehavior [ RunTime:0.000000s ]
INFO: [ app_end ] --END-- [ RunTime:0.000000s ]

[ 2017-04-05T23:02:25+08:00 ] 127.0.0.1 /myblog/Home/Index/verifyShow.html
INFO: [ app_init ] --START--
INFO: Run Behavior\BuildLiteBehavior [ RunTime:0.000000s ]
INFO: [ app_init ] --END-- [ RunTime:0.000000s ]
INFO: [ app_begin ] --START--
INFO: Run Behavior\ReadHtmlCacheBehavior [ RunTime:0.000000s ]
INFO: [ app_begin ] --END-- [ RunTime:0.000000s ]
INFO: [ app_end ] --START--
INFO: Run Behavior\ShowPageTraceBehavior [ RunTime:0.000000s ]
INFO: [ app_end ] --END-- [ RunTime:0.000000s ]

[ 2017-04-05T23:02:44+08:00 ] 127.0.0.1 /myblog/Home/Comment/index.html
INFO: [ app_init ] --START--
INFO: Run Behavior\BuildLiteBehavior [ RunTime:0.000000s ]
INFO: [ app_init ] --END-- [ RunTime:0.000000s ]
INFO: [ app_begin ] --START--
INFO: Run Behavior\ReadHtmlCacheBehavior [ RunTime:0.000000s ]
INFO: [ app_begin ] --END-- [ RunTime:0.000000s ]
SQL: SHOW COLUMNS FROM `cate` [ RunTime:0.0000s ]
SQL: SHOW COLUMNS FROM `article` [ RunTime:0.0000s ]
SQL: SHOW COLUMNS FROM `comments` [ RunTime:0.0000s ]
SQL: SELECT `name`,`article_sum` FROM `cate`  [ RunTime:0.0000s ]
SQL: SELECT * FROM `article` WHERE ( id>0 ) ORDER BY `click_sum` asc LIMIT 7   [ RunTime:0.0000s ]
SQL: SELECT COUNT(*) AS tp_count FROM `comments` WHERE ( id>= 1 ) LIMIT 1   [ RunTime:0.0000s ]
SQL: SELECT * FROM `comments` WHERE ( id>= 1 ) ORDER BY `id` desc LIMIT 0,10   [ RunTime:0.0000s ]
INFO: [ view_parse ] --START--
INFO: [ template_filter ] --START--
INFO: Run Behavior\ContentReplaceBehavior [ RunTime:0.000000s ]
INFO: [ template_filter ] --END-- [ RunTime:0.000000s ]
INFO: Run Behavior\ParseTemplateBehavior [ RunTime:0.015600s ]
INFO: [ view_parse ] --END-- [ RunTime:0.015600s ]
INFO: [ view_filter ] --START--
INFO: Run Behavior\WriteHtmlCacheBehavior [ RunTime:0.000000s ]
INFO: [ view_filter ] --END-- [ RunTime:0.000000s ]
INFO: [ app_end ] --START--
INFO: Run Behavior\ShowPageTraceBehavior [ RunTime:0.000000s ]
INFO: [ app_end ] --END-- [ RunTime:0.000000s ]

[ 2017-04-05T23:02:44+08:00 ] 127.0.0.1 /myblog/Home/Index/verifyShow.html
INFO: [ app_init ] --START--
INFO: Run Behavior\BuildLiteBehavior [ RunTime:0.000000s ]
INFO: [ app_init ] --END-- [ RunTime:0.000000s ]
INFO: [ app_begin ] --START--
INFO: Run Behavior\ReadHtmlCacheBehavior [ RunTime:0.000000s ]
INFO: [ app_begin ] --END-- [ RunTime:0.000000s ]
INFO: [ app_end ] --START--
INFO: Run Behavior\ShowPageTraceBehavior [ RunTime:0.000000s ]
INFO: [ app_end ] --END-- [ RunTime:0.000000s ]

[ 2017-04-05T23:02:45+08:00 ] 127.0.0.1 /myblog/Home/About/index.html
INFO: [ app_init ] --START--
INFO: Run Behavior\BuildLiteBehavior [ RunTime:0.000000s ]
INFO: [ app_init ] --END-- [ RunTime:0.000000s ]
INFO: [ app_begin ] --START--
INFO: Run Behavior\ReadHtmlCacheBehavior [ RunTime:0.015600s ]
INFO: [ app_begin ] --END-- [ RunTime:0.015600s ]
SQL: SHOW COLUMNS FROM `cate` [ RunTime:0.0000s ]
SQL: SHOW COLUMNS FROM `article` [ RunTime:0.0000s ]
SQL: SHOW COLUMNS FROM `comments` [ RunTime:0.0000s ]
SQL: SELECT `name`,`article_sum` FROM `cate`  [ RunTime:0.0000s ]
SQL: SELECT * FROM `article` WHERE ( id>0 ) ORDER BY `click_sum` asc LIMIT 7   [ RunTime:0.0156s ]
INFO: [ view_parse ] --START--
INFO: [ template_filter ] --START--
INFO: Run Behavior\ContentReplaceBehavior [ RunTime:0.000000s ]
INFO: [ template_filter ] --END-- [ RunTime:0.000000s ]
INFO: Run Behavior\ParseTemplateBehavior [ RunTime:0.031200s ]
INFO: [ view_parse ] --END-- [ RunTime:0.031200s ]
INFO: [ view_filter ] --START--
INFO: Run Behavior\WriteHtmlCacheBehavior [ RunTime:0.000000s ]
INFO: [ view_filter ] --END-- [ RunTime:0.000000s ]
INFO: [ app_end ] --START--
INFO: Run Behavior\ShowPageTraceBehavior [ RunTime:0.000000s ]
INFO: [ app_end ] --END-- [ RunTime:0.000000s ]

[ 2017-04-05T23:02:45+08:00 ] 127.0.0.1 /myblog/Home/Index/verifyShow.html
INFO: [ app_init ] --START--
INFO: Run Behavior\BuildLiteBehavior [ RunTime:0.000000s ]
INFO: [ app_init ] --END-- [ RunTime:0.000000s ]
INFO: [ app_begin ] --START--
INFO: Run Behavior\ReadHtmlCacheBehavior [ RunTime:0.000000s ]
INFO: [ app_begin ] --END-- [ RunTime:0.000000s ]
INFO: [ app_end ] --START--
INFO: Run Behavior\ShowPageTraceBehavior [ RunTime:0.000000s ]
INFO: [ app_end ] --END-- [ RunTime:0.000000s ]

[ 2017-04-05T23:03:04+08:00 ] 127.0.0.1 /myblog/Home/Diary/index.html
INFO: [ app_init ] --START--
INFO: Run Behavior\BuildLiteBehavior [ RunTime:0.000000s ]
INFO: [ app_init ] --END-- [ RunTime:0.000000s ]
INFO: [ app_begin ] --START--
INFO: Run Behavior\ReadHtmlCacheBehavior [ RunTime:0.000000s ]
INFO: [ app_begin ] --END-- [ RunTime:0.000000s ]
SQL: SHOW COLUMNS FROM `cate` [ RunTime:0.0000s ]
SQL: SHOW COLUMNS FROM `article` [ RunTime:0.0000s ]
SQL: SHOW COLUMNS FROM `comments` [ RunTime:0.0000s ]
SQL: SELECT `name`,`article_sum` FROM `cate`  [ RunTime:0.0100s ]
SQL: SELECT * FROM `article` WHERE ( id>0 ) ORDER BY `click_sum` asc LIMIT 7   [ RunTime:0.0000s ]
INFO: [ view_parse ] --START--
INFO: [ template_filter ] --START--
INFO: Run Behavior\ContentReplaceBehavior [ RunTime:0.000000s ]
INFO: [ template_filter ] --END-- [ RunTime:0.000000s ]
INFO: Run Behavior\ParseTemplateBehavior [ RunTime:0.010000s ]
INFO: [ view_parse ] --END-- [ RunTime:0.010000s ]
INFO: [ view_filter ] --START--
INFO: Run Behavior\WriteHtmlCacheBehavior [ RunTime:0.000000s ]
INFO: [ view_filter ] --END-- [ RunTime:0.000000s ]
INFO: [ app_end ] --START--
INFO: Run Behavior\ShowPageTraceBehavior [ RunTime:0.000000s ]
INFO: [ app_end ] --END-- [ RunTime:0.000000s ]

[ 2017-04-05T23:03:04+08:00 ] 127.0.0.1 /myblog/Home/Index/verifyShow.html
INFO: [ app_init ] --START--
INFO: Run Behavior\BuildLiteBehavior [ RunTime:0.000000s ]
INFO: [ app_init ] --END-- [ RunTime:0.000000s ]
INFO: [ app_begin ] --START--
INFO: Run Behavior\ReadHtmlCacheBehavior [ RunTime:0.000000s ]
INFO: [ app_begin ] --END-- [ RunTime:0.000000s ]
INFO: [ app_end ] --START--
INFO: Run Behavior\ShowPageTraceBehavior [ RunTime:0.000000s ]
INFO: [ app_end ] --END-- [ RunTime:0.000000s ]

[ 2017-04-05T23:05:20+08:00 ] 127.0.0.1 /myblog/Home/Comment/index.html
INFO: [ app_init ] --START--
INFO: Run Behavior\BuildLiteBehavior [ RunTime:0.000000s ]
INFO: [ app_init ] --END-- [ RunTime:0.015600s ]
INFO: [ app_begin ] --START--
INFO: Run Behavior\ReadHtmlCacheBehavior [ RunTime:0.000000s ]
INFO: [ app_begin ] --END-- [ RunTime:0.000000s ]
SQL: SHOW COLUMNS FROM `cate` [ RunTime:0.0000s ]
SQL: SHOW COLUMNS FROM `article` [ RunTime:0.0000s ]
SQL: SHOW COLUMNS FROM `comments` [ RunTime:0.0000s ]
SQL: SELECT `name`,`article_sum` FROM `cate`  [ RunTime:0.0000s ]
SQL: SELECT * FROM `article` WHERE ( id>0 ) ORDER BY `click_sum` asc LIMIT 7   [ RunTime:0.0000s ]
SQL: SELECT COUNT(*) AS tp_count FROM `comments` WHERE ( id>= 1 ) LIMIT 1   [ RunTime:0.0000s ]
SQL: SELECT * FROM `comments` WHERE ( id>= 1 ) ORDER BY `id` desc LIMIT 0,10   [ RunTime:0.0000s ]
INFO: [ view_parse ] --START--
INFO: [ template_filter ] --START--
INFO: Run Behavior\ContentReplaceBehavior [ RunTime:0.000000s ]
INFO: [ template_filter ] --END-- [ RunTime:0.000000s ]
INFO: Run Behavior\ParseTemplateBehavior [ RunTime:0.015600s ]
INFO: [ view_parse ] --END-- [ RunTime:0.015600s ]
INFO: [ view_filter ] --START--
INFO: Run Behavior\WriteHtmlCacheBehavior [ RunTime:0.000000s ]
INFO: [ view_filter ] --END-- [ RunTime:0.000000s ]
INFO: [ app_end ] --START--
INFO: Run Behavior\ShowPageTraceBehavior [ RunTime:0.000000s ]
INFO: [ app_end ] --END-- [ RunTime:0.000000s ]

[ 2017-04-05T23:05:20+08:00 ] 127.0.0.1 /myblog/Home/Index/verifyShow.html
INFO: [ app_init ] --START--
INFO: Run Behavior\BuildLiteBehavior [ RunTime:0.000000s ]
INFO: [ app_init ] --END-- [ RunTime:0.000000s ]
INFO: [ app_begin ] --START--
INFO: Run Behavior\ReadHtmlCacheBehavior [ RunTime:0.000000s ]
INFO: [ app_begin ] --END-- [ RunTime:0.000000s ]
INFO: [ app_end ] --START--
INFO: Run Behavior\ShowPageTraceBehavior [ RunTime:0.000000s ]
INFO: [ app_end ] --END-- [ RunTime:0.000000s ]

[ 2017-04-05T23:06:37+08:00 ] 127.0.0.1 /myblog/Home/Diary/index.html
INFO: [ app_init ] --START--
INFO: Run Behavior\BuildLiteBehavior [ RunTime:0.000000s ]
INFO: [ app_init ] --END-- [ RunTime:0.001000s ]
INFO: [ app_begin ] --START--
INFO: Run Behavior\ReadHtmlCacheBehavior [ RunTime:0.001000s ]
INFO: [ app_begin ] --END-- [ RunTime:0.001000s ]
SQL: SHOW COLUMNS FROM `cate` [ RunTime:0.0030s ]
SQL: SHOW COLUMNS FROM `article` [ RunTime:0.0040s ]
SQL: SHOW COLUMNS FROM `comments` [ RunTime:0.0030s ]
SQL: SELECT `name`,`article_sum` FROM `cate`  [ RunTime:0.0000s ]
SQL: SELECT * FROM `article` WHERE ( id>0 ) ORDER BY `click_sum` asc LIMIT 7   [ RunTime:0.0010s ]
INFO: [ view_parse ] --START--
INFO: [ template_filter ] --START--
INFO: Run Behavior\ContentReplaceBehavior [ RunTime:0.000000s ]
INFO: [ template_filter ] --END-- [ RunTime:0.000000s ]
INFO: Run Behavior\ParseTemplateBehavior [ RunTime:0.014001s ]
INFO: [ view_parse ] --END-- [ RunTime:0.014001s ]
INFO: [ view_filter ] --START--
INFO: Run Behavior\WriteHtmlCacheBehavior [ RunTime:0.000000s ]
INFO: [ view_filter ] --END-- [ RunTime:0.000000s ]
INFO: [ app_end ] --START--
INFO: Run Behavior\ShowPageTraceBehavior [ RunTime:0.001000s ]
INFO: [ app_end ] --END-- [ RunTime:0.001000s ]

[ 2017-04-05T23:06:37+08:00 ] 127.0.0.1 /myblog/Home/Index/verifyShow.html
INFO: [ app_init ] --START--
INFO: Run Behavior\BuildLiteBehavior [ RunTime:0.000000s ]
INFO: [ app_init ] --END-- [ RunTime:0.000000s ]
INFO: [ app_begin ] --START--
INFO: Run Behavior\ReadHtmlCacheBehavior [ RunTime:0.001000s ]
INFO: [ app_begin ] --END-- [ RunTime:0.001000s ]
INFO: [ app_end ] --START--
INFO: Run Behavior\ShowPageTraceBehavior [ RunTime:0.001000s ]
INFO: [ app_end ] --END-- [ RunTime:0.001000s ]

[ 2017-04-05T23:08:37+08:00 ] 127.0.0.1 /myblog/Home/Comment/index.html
INFO: [ app_init ] --START--
INFO: Run Behavior\BuildLiteBehavior [ RunTime:0.000000s ]
INFO: [ app_init ] --END-- [ RunTime:0.000000s ]
INFO: [ app_begin ] --START--
INFO: Run Behavior\ReadHtmlCacheBehavior [ RunTime:0.000000s ]
INFO: [ app_begin ] --END-- [ RunTime:0.015600s ]
SQL: SHOW COLUMNS FROM `cate` [ RunTime:0.0000s ]
SQL: SHOW COLUMNS FROM `article` [ RunTime:0.0000s ]
SQL: SHOW COLUMNS FROM `comments` [ RunTime:0.0000s ]
SQL: SELECT `name`,`article_sum` FROM `cate`  [ RunTime:0.0000s ]
SQL: SELECT * FROM `article` WHERE ( id>0 ) ORDER BY `click_sum` asc LIMIT 7   [ RunTime:0.0000s ]
SQL: SELECT COUNT(*) AS tp_count FROM `comments` WHERE ( id>= 1 ) LIMIT 1   [ RunTime:0.0000s ]
SQL: SELECT * FROM `comments` WHERE ( id>= 1 ) ORDER BY `id` desc LIMIT 0,10   [ RunTime:0.0000s ]
INFO: [ view_parse ] --START--
INFO: [ template_filter ] --START--
INFO: Run Behavior\ContentReplaceBehavior [ RunTime:0.000000s ]
INFO: [ template_filter ] --END-- [ RunTime:0.000000s ]
INFO: Run Behavior\ParseTemplateBehavior [ RunTime:0.015600s ]
INFO: [ view_parse ] --END-- [ RunTime:0.015600s ]
INFO: [ view_filter ] --START--
INFO: Run Behavior\WriteHtmlCacheBehavior [ RunTime:0.000000s ]
INFO: [ view_filter ] --END-- [ RunTime:0.000000s ]
INFO: [ app_end ] --START--
INFO: Run Behavior\ShowPageTraceBehavior [ RunTime:0.000000s ]
INFO: [ app_end ] --END-- [ RunTime:0.000000s ]

[ 2017-04-05T23:08:38+08:00 ] 127.0.0.1 /myblog/Home/Index/verifyShow.html
INFO: [ app_init ] --START--
INFO: Run Behavior\BuildLiteBehavior [ RunTime:0.000000s ]
INFO: [ app_init ] --END-- [ RunTime:0.015600s ]
INFO: [ app_begin ] --START--
INFO: Run Behavior\ReadHtmlCacheBehavior [ RunTime:0.000000s ]
INFO: [ app_begin ] --END-- [ RunTime:0.000000s ]
INFO: [ app_end ] --START--
INFO: Run Behavior\ShowPageTraceBehavior [ RunTime:0.000000s ]
INFO: [ app_end ] --END-- [ RunTime:0.000000s ]

[ 2017-04-05T23:08:42+08:00 ] 127.0.0.1 /myblog/Home/Diary/index.html
INFO: [ app_init ] --START--
INFO: Run Behavior\BuildLiteBehavior [ RunTime:0.000000s ]
INFO: [ app_init ] --END-- [ RunTime:0.000000s ]
INFO: [ app_begin ] --START--
INFO: Run Behavior\ReadHtmlCacheBehavior [ RunTime:0.000000s ]
INFO: [ app_begin ] --END-- [ RunTime:0.000000s ]
SQL: SHOW COLUMNS FROM `cate` [ RunTime:0.0000s ]
SQL: SHOW COLUMNS FROM `article` [ RunTime:0.0000s ]
SQL: SHOW COLUMNS FROM `comments` [ RunTime:0.0000s ]
SQL: SELECT `name`,`article_sum` FROM `cate`  [ RunTime:0.0000s ]
SQL: SELECT * FROM `article` WHERE ( id>0 ) ORDER BY `click_sum` asc LIMIT 7   [ RunTime:0.0000s ]
INFO: [ view_parse ] --START--
INFO: [ template_filter ] --START--
INFO: Run Behavior\ContentReplaceBehavior [ RunTime:0.000000s ]
INFO: [ template_filter ] --END-- [ RunTime:0.000000s ]
INFO: Run Behavior\ParseTemplateBehavior [ RunTime:0.015600s ]
INFO: [ view_parse ] --END-- [ RunTime:0.015600s ]
INFO: [ view_filter ] --START--
INFO: Run Behavior\WriteHtmlCacheBehavior [ RunTime:0.000000s ]
INFO: [ view_filter ] --END-- [ RunTime:0.000000s ]
INFO: [ app_end ] --START--
INFO: Run Behavior\ShowPageTraceBehavior [ RunTime:0.015600s ]
INFO: [ app_end ] --END-- [ RunTime:0.015600s ]

[ 2017-04-05T23:08:42+08:00 ] 127.0.0.1 /myblog/Home/Index/verifyShow.html
INFO: [ app_init ] --START--
INFO: Run Behavior\BuildLiteBehavior [ RunTime:0.000000s ]
INFO: [ app_init ] --END-- [ RunTime:0.000000s ]
INFO: [ app_begin ] --START--
INFO: Run Behavior\ReadHtmlCacheBehavior [ RunTime:0.000000s ]
INFO: [ app_begin ] --END-- [ RunTime:0.000000s ]
INFO: [ app_end ] --START--
INFO: Run Behavior\ShowPageTraceBehavior [ RunTime:0.000000s ]
INFO: [ app_end ] --END-- [ RunTime:0.000000s ]

[ 2017-04-05T23:09:51+08:00 ] 127.0.0.1 /myblog/Home/Diary/index.html
INFO: [ app_init ] --START--
INFO: Run Behavior\BuildLiteBehavior [ RunTime:0.000000s ]
INFO: [ app_init ] --END-- [ RunTime:0.000000s ]
INFO: [ app_begin ] --START--
INFO: Run Behavior\ReadHtmlCacheBehavior [ RunTime:0.000000s ]
INFO: [ app_begin ] --END-- [ RunTime:0.000000s ]
SQL: SHOW COLUMNS FROM `cate` [ RunTime:0.0000s ]
SQL: SHOW COLUMNS FROM `article` [ RunTime:0.0156s ]
SQL: SHOW COLUMNS FROM `comments` [ RunTime:0.0000s ]
SQL: SELECT `name`,`article_sum` FROM `cate`  [ RunTime:0.0000s ]
SQL: SELECT * FROM `article` WHERE ( id>0 ) ORDER BY `click_sum` asc LIMIT 7   [ RunTime:0.0000s ]
INFO: [ view_parse ] --START--
INFO: [ template_filter ] --START--
INFO: Run Behavior\ContentReplaceBehavior [ RunTime:0.000000s ]
INFO: [ template_filter ] --END-- [ RunTime:0.000000s ]
NOTIC: [8] Undefined variable: comment D:\xampp\htdocs\myblog\Application\Runtime\Cache\Home\7ef929994341686afe8d7d13be45e9b6.php 第 124 行.
INFO: Run Behavior\ParseTemplateBehavior [ RunTime:0.015600s ]
INFO: [ view_parse ] --END-- [ RunTime:0.015600s ]
INFO: [ view_filter ] --START--
INFO: Run Behavior\WriteHtmlCacheBehavior [ RunTime:0.000000s ]
INFO: [ view_filter ] --END-- [ RunTime:0.000000s ]
INFO: [ app_end ] --START--
INFO: Run Behavior\ShowPageTraceBehavior [ RunTime:0.000000s ]
INFO: [ app_end ] --END-- [ RunTime:0.000000s ]

[ 2017-04-05T23:09:51+08:00 ] 127.0.0.1 /myblog/Home/Index/verifyShow.html
INFO: [ app_init ] --START--
INFO: Run Behavior\BuildLiteBehavior [ RunTime:0.000000s ]
INFO: [ app_init ] --END-- [ RunTime:0.000000s ]
INFO: [ app_begin ] --START--
INFO: Run Behavior\ReadHtmlCacheBehavior [ RunTime:0.000000s ]
INFO: [ app_begin ] --END-- [ RunTime:0.000000s ]
INFO: [ app_end ] --START--
INFO: Run Behavior\ShowPageTraceBehavior [ RunTime:0.000000s ]
INFO: [ app_end ] --END-- [ RunTime:0.000000s ]

[ 2017-04-05T23:12:46+08:00 ] 127.0.0.1 /myblog/Home/Diary/index.html
INFO: [ app_init ] --START--
INFO: Run Behavior\BuildLiteBehavior [ RunTime:0.000000s ]
INFO: [ app_init ] --END-- [ RunTime:0.000000s ]
INFO: [ app_begin ] --START--
INFO: Run Behavior\ReadHtmlCacheBehavior [ RunTime:0.000000s ]
INFO: [ app_begin ] --END-- [ RunTime:0.000000s ]
SQL: SHOW COLUMNS FROM `cate` [ RunTime:0.0000s ]
SQL: SHOW COLUMNS FROM `article` [ RunTime:0.0000s ]
SQL: SHOW COLUMNS FROM `comments` [ RunTime:0.0156s ]
SQL: SELECT `name`,`article_sum` FROM `cate`  [ RunTime:0.0000s ]
SQL: SELECT * FROM `article` WHERE ( id>0 ) ORDER BY `click_sum` asc LIMIT 7   [ RunTime:0.0000s ]
SQL: SELECT * FROM `comments` WHERE ( id>0 ) ORDER BY `com_time` desc LIMIT 4   [ RunTime:0.0000s ]
INFO: [ view_parse ] --START--
INFO: [ template_filter ] --START--
INFO: Run Behavior\ContentReplaceBehavior [ RunTime:0.000000s ]
INFO: [ template_filter ] --END-- [ RunTime:0.000000s ]
INFO: Run Behavior\ParseTemplateBehavior [ RunTime:0.015600s ]
INFO: [ view_parse ] --END-- [ RunTime:0.015600s ]
INFO: [ view_filter ] --START--
INFO: Run Behavior\WriteHtmlCacheBehavior [ RunTime:0.000000s ]
INFO: [ view_filter ] --END-- [ RunTime:0.000000s ]
INFO: [ app_end ] --START--
INFO: Run Behavior\ShowPageTraceBehavior [ RunTime:0.000000s ]
INFO: [ app_end ] --END-- [ RunTime:0.000000s ]

[ 2017-04-05T23:12:46+08:00 ] 127.0.0.1 /myblog/Home/Index/verifyShow.html
INFO: [ app_init ] --START--
INFO: Run Behavior\BuildLiteBehavior [ RunTime:0.000000s ]
INFO: [ app_init ] --END-- [ RunTime:0.000000s ]
INFO: [ app_begin ] --START--
INFO: Run Behavior\ReadHtmlCacheBehavior [ RunTime:0.000000s ]
INFO: [ app_begin ] --END-- [ RunTime:0.000000s ]
INFO: [ app_end ] --START--
INFO: Run Behavior\ShowPageTraceBehavior [ RunTime:0.000000s ]
INFO: [ app_end ] --END-- [ RunTime:0.000000s ]

[ 2017-04-05T23:15:47+08:00 ] 127.0.0.1 /myblog/Home/Diary/index.html
INFO: [ app_init ] --START--
INFO: Run Behavior\BuildLiteBehavior [ RunTime:0.000000s ]
INFO: [ app_init ] --END-- [ RunTime:0.000000s ]
INFO: [ app_begin ] --START--
INFO: Run Behavior\ReadHtmlCacheBehavior [ RunTime:0.000000s ]
INFO: [ app_begin ] --END-- [ RunTime:0.000000s ]
SQL: SHOW COLUMNS FROM `cate` [ RunTime:0.0000s ]
SQL: SHOW COLUMNS FROM `article` [ RunTime:0.0000s ]
SQL: SHOW COLUMNS FROM `comments` [ RunTime:0.0000s ]
SQL: SHOW COLUMNS FROM `diary` [ RunTime:0.0000s ]
SQL: SELECT `name`,`article_sum` FROM `cate`  [ RunTime:0.0000s ]
SQL: SELECT * FROM `article` WHERE ( id>0 ) ORDER BY `click_sum` asc LIMIT 7   [ RunTime:0.0000s ]
SQL: SELECT * FROM `comments` WHERE ( id>0 ) ORDER BY `com_time` desc LIMIT 4   [ RunTime:0.0000s ]
SQL: SELECT COUNT(*) AS tp_count FROM `comments` WHERE ( id>= 1 ) LIMIT 1   [ RunTime:0.0000s ]
SQL: SELECT * FROM `comments` WHERE ( id>= 1 ) ORDER BY `id` desc LIMIT 0,10   [ RunTime:0.0000s ]
INFO: [ view_parse ] --START--
INFO: [ template_filter ] --START--
INFO: Run Behavior\ContentReplaceBehavior [ RunTime:0.000000s ]
INFO: [ template_filter ] --END-- [ RunTime:0.000000s ]
INFO: Run Behavior\ParseTemplateBehavior [ RunTime:0.015600s ]
INFO: [ view_parse ] --END-- [ RunTime:0.015600s ]
INFO: [ view_filter ] --START--
INFO: Run Behavior\WriteHtmlCacheBehavior [ RunTime:0.000000s ]
INFO: [ view_filter ] --END-- [ RunTime:0.000000s ]
INFO: [ app_end ] --START--
INFO: Run Behavior\ShowPageTraceBehavior [ RunTime:0.000000s ]
INFO: [ app_end ] --END-- [ RunTime:0.000000s ]

[ 2017-04-05T23:15:48+08:00 ] 127.0.0.1 /myblog/Home/Index/verifyShow.html
INFO: [ app_init ] --START--
INFO: Run Behavior\BuildLiteBehavior [ RunTime:0.000000s ]
INFO: [ app_init ] --END-- [ RunTime:0.000000s ]
INFO: [ app_begin ] --START--
INFO: Run Behavior\ReadHtmlCacheBehavior [ RunTime:0.000000s ]
INFO: [ app_begin ] --END-- [ RunTime:0.000000s ]
INFO: [ app_end ] --START--
INFO: Run Behavior\ShowPageTraceBehavior [ RunTime:0.000000s ]
INFO: [ app_end ] --END-- [ RunTime:0.000000s ]

[ 2017-04-05T23:15:49+08:00 ] 127.0.0.1 /myblog/Home/Diary/index.html
INFO: [ app_init ] --START--
INFO: Run Behavior\BuildLiteBehavior [ RunTime:0.000000s ]
INFO: [ app_init ] --END-- [ RunTime:0.000000s ]
INFO: [ app_begin ] --START--
INFO: Run Behavior\ReadHtmlCacheBehavior [ RunTime:0.000000s ]
INFO: [ app_begin ] --END-- [ RunTime:0.015600s ]
SQL: SHOW COLUMNS FROM `cate` [ RunTime:0.0000s ]
SQL: SHOW COLUMNS FROM `article` [ RunTime:0.0156s ]
SQL: SHOW COLUMNS FROM `comments` [ RunTime:0.0000s ]
SQL: SHOW COLUMNS FROM `diary` [ RunTime:0.0156s ]
SQL: SELECT `name`,`article_sum` FROM `cate`  [ RunTime:0.0000s ]
SQL: SELECT * FROM `article` WHERE ( id>0 ) ORDER BY `click_sum` asc LIMIT 7   [ RunTime:0.0000s ]
SQL: SELECT * FROM `comments` WHERE ( id>0 ) ORDER BY `com_time` desc LIMIT 4   [ RunTime:0.0000s ]
SQL: SELECT COUNT(*) AS tp_count FROM `comments` WHERE ( id>= 1 ) LIMIT 1   [ RunTime:0.0000s ]
SQL: SELECT * FROM `comments` WHERE ( id>= 1 ) ORDER BY `id` desc LIMIT 0,10   [ RunTime:0.0000s ]
INFO: [ view_parse ] --START--
INFO: [ template_filter ] --START--
INFO: Run Behavior\ContentReplaceBehavior [ RunTime:0.000000s ]
INFO: [ template_filter ] --END-- [ RunTime:0.000000s ]
INFO: Run Behavior\ParseTemplateBehavior [ RunTime:0.015600s ]
INFO: [ view_parse ] --END-- [ RunTime:0.015600s ]
INFO: [ view_filter ] --START--
INFO: Run Behavior\WriteHtmlCacheBehavior [ RunTime:0.000000s ]
INFO: [ view_filter ] --END-- [ RunTime:0.000000s ]
INFO: [ app_end ] --START--
INFO: Run Behavior\ShowPageTraceBehavior [ RunTime:0.000000s ]
INFO: [ app_end ] --END-- [ RunTime:0.000000s ]

[ 2017-04-05T23:15:49+08:00 ] 127.0.0.1 /myblog/Home/Index/verifyShow.html
INFO: [ app_init ] --START--
INFO: Run Behavior\BuildLiteBehavior [ RunTime:0.000000s ]
INFO: [ app_init ] --END-- [ RunTime:0.000000s ]
INFO: [ app_begin ] --START--
INFO: Run Behavior\ReadHtmlCacheBehavior [ RunTime:0.000000s ]
INFO: [ app_begin ] --END-- [ RunTime:0.000000s ]
INFO: [ app_end ] --START--
INFO: Run Behavior\ShowPageTraceBehavior [ RunTime:0.000000s ]
INFO: [ app_end ] --END-- [ RunTime:0.000000s ]

[ 2017-04-05T23:19:08+08:00 ] 127.0.0.1 /myblog/Home/Diary/index.html
INFO: [ app_init ] --START--
INFO: Run Behavior\BuildLiteBehavior [ RunTime:0.000000s ]
INFO: [ app_init ] --END-- [ RunTime:0.001000s ]
INFO: [ app_begin ] --START--
INFO: Run Behavior\ReadHtmlCacheBehavior [ RunTime:0.001001s ]
INFO: [ app_begin ] --END-- [ RunTime:0.001001s ]
SQL: SHOW COLUMNS FROM `cate` [ RunTime:0.0030s ]
SQL: SHOW COLUMNS FROM `article` [ RunTime:0.0030s ]
SQL: SHOW COLUMNS FROM `comments` [ RunTime:0.0060s ]
SQL: SHOW COLUMNS FROM `diary` [ RunTime:0.0020s ]
SQL: SELECT `name`,`article_sum` FROM `cate`  [ RunTime:0.0000s ]
SQL: SELECT * FROM `article` WHERE ( id>0 ) ORDER BY `click_sum` asc LIMIT 7   [ RunTime:0.0010s ]
SQL: SELECT * FROM `comments` WHERE ( id>0 ) ORDER BY `com_time` desc LIMIT 4   [ RunTime:0.0000s ]
SQL: SELECT COUNT(*) AS tp_count FROM `comments` WHERE ( id>= 1 ) LIMIT 1   [ RunTime:0.0010s ]
SQL: SELECT * FROM `comments` WHERE ( id>= 1 ) ORDER BY `id` desc LIMIT 0,10   [ RunTime:0.0010s ]
INFO: [ view_parse ] --START--
INFO: [ template_filter ] --START--
INFO: Run Behavior\ContentReplaceBehavior [ RunTime:0.000000s ]
INFO: [ template_filter ] --END-- [ RunTime:0.000000s ]
INFO: Run Behavior\ParseTemplateBehavior [ RunTime:0.015001s ]
INFO: [ view_parse ] --END-- [ RunTime:0.015001s ]
INFO: [ view_filter ] --START--
INFO: Run Behavior\WriteHtmlCacheBehavior [ RunTime:0.001000s ]
INFO: [ view_filter ] --END-- [ RunTime:0.001000s ]
INFO: [ app_end ] --START--
INFO: Run Behavior\ShowPageTraceBehavior [ RunTime:0.005000s ]
INFO: [ app_end ] --END-- [ RunTime:0.005000s ]

[ 2017-04-05T23:19:08+08:00 ] 127.0.0.1 /myblog/Home/Index/verifyShow.html
INFO: [ app_init ] --START--
INFO: Run Behavior\BuildLiteBehavior [ RunTime:0.000000s ]
INFO: [ app_init ] --END-- [ RunTime:0.000000s ]
INFO: [ app_begin ] --START--
INFO: Run Behavior\ReadHtmlCacheBehavior [ RunTime:0.001000s ]
INFO: [ app_begin ] --END-- [ RunTime:0.001000s ]
INFO: [ app_end ] --START--
INFO: Run Behavior\ShowPageTraceBehavior [ RunTime:0.002000s ]
INFO: [ app_end ] --END-- [ RunTime:0.002000s ]

[ 2017-04-05T23:20:29+08:00 ] 127.0.0.1 /myblog/Home/Diary/index.html
INFO: [ app_init ] --START--
INFO: Run Behavior\BuildLiteBehavior [ RunTime:0.000000s ]
INFO: [ app_init ] --END-- [ RunTime:0.001000s ]
INFO: [ app_begin ] --START--
INFO: Run Behavior\ReadHtmlCacheBehavior [ RunTime:0.001000s ]
INFO: [ app_begin ] --END-- [ RunTime:0.002000s ]
SQL: SHOW COLUMNS FROM `cate` [ RunTime:0.0050s ]
SQL: SHOW COLUMNS FROM `article` [ RunTime:0.0020s ]
SQL: SHOW COLUMNS FROM `comments` [ RunTime:0.0020s ]
SQL: SHOW COLUMNS FROM `diary` [ RunTime:0.0020s ]
SQL: SELECT `name`,`article_sum` FROM `cate`  [ RunTime:0.0010s ]
SQL: SELECT * FROM `article` WHERE ( id>0 ) ORDER BY `click_sum` asc LIMIT 7   [ RunTime:0.0020s ]
SQL: SELECT * FROM `comments` WHERE ( id>0 ) ORDER BY `com_time` desc LIMIT 4   [ RunTime:0.0010s ]
SQL: SELECT COUNT(*) AS tp_count FROM `comments` WHERE ( id>= 1 ) LIMIT 1   [ RunTime:0.0010s ]
SQL: SELECT * FROM `comments` WHERE ( id>= 1 ) ORDER BY `id` desc LIMIT 0,10   [ RunTime:0.0010s ]
INFO: [ view_parse ] --START--
INFO: [ template_filter ] --START--
INFO: Run Behavior\ContentReplaceBehavior [ RunTime:0.000000s ]
INFO: [ template_filter ] --END-- [ RunTime:0.000000s ]
INFO: Run Behavior\ParseTemplateBehavior [ RunTime:0.017001s ]
INFO: [ view_parse ] --END-- [ RunTime:0.017001s ]
INFO: [ view_filter ] --START--
INFO: Run Behavior\WriteHtmlCacheBehavior [ RunTime:0.000000s ]
INFO: [ view_filter ] --END-- [ RunTime:0.000000s ]
INFO: [ app_end ] --START--
INFO: Run Behavior\ShowPageTraceBehavior [ RunTime:0.001000s ]
INFO: [ app_end ] --END-- [ RunTime:0.001000s ]

[ 2017-04-05T23:20:29+08:00 ] 127.0.0.1 /myblog/Home/Index/verifyShow.html
INFO: [ app_init ] --START--
INFO: Run Behavior\BuildLiteBehavior [ RunTime:0.000000s ]
INFO: [ app_init ] --END-- [ RunTime:0.001000s ]
INFO: [ app_begin ] --START--
INFO: Run Behavior\ReadHtmlCacheBehavior [ RunTime:0.001000s ]
INFO: [ app_begin ] --END-- [ RunTime:0.001000s ]
INFO: [ app_end ] --START--
INFO: Run Behavior\ShowPageTraceBehavior [ RunTime:0.001001s ]
INFO: [ app_end ] --END-- [ RunTime:0.001001s ]

[ 2017-04-05T23:20:31+08:00 ] 127.0.0.1 /myblog/Home/Diary/index.html
INFO: [ app_init ] --START--
INFO: Run Behavior\BuildLiteBehavior [ RunTime:0.000000s ]
INFO: [ app_init ] --END-- [ RunTime:0.001000s ]
INFO: [ app_begin ] --START--
INFO: Run Behavior\ReadHtmlCacheBehavior [ RunTime:0.001000s ]
INFO: [ app_begin ] --END-- [ RunTime:0.001000s ]
SQL: SHOW COLUMNS FROM `cate` [ RunTime:0.0030s ]
SQL: SHOW COLUMNS FROM `article` [ RunTime:0.0030s ]
SQL: SHOW COLUMNS FROM `comments` [ RunTime:0.0030s ]
SQL: SHOW COLUMNS FROM `diary` [ RunTime:0.0030s ]
SQL: SELECT `name`,`article_sum` FROM `cate`  [ RunTime:0.0010s ]
SQL: SELECT * FROM `article` WHERE ( id>0 ) ORDER BY `click_sum` asc LIMIT 7   [ RunTime:0.0010s ]
SQL: SELECT * FROM `comments` WHERE ( id>0 ) ORDER BY `com_time` desc LIMIT 4   [ RunTime:0.0010s ]
SQL: SELECT COUNT(*) AS tp_count FROM `comments` WHERE ( id>= 1 ) LIMIT 1   [ RunTime:0.0010s ]
SQL: SELECT * FROM `comments` WHERE ( id>= 1 ) ORDER BY `id` desc LIMIT 0,10   [ RunTime:0.0010s ]
INFO: [ view_parse ] --START--
INFO: [ template_filter ] --START--
INFO: Run Behavior\ContentReplaceBehavior [ RunTime:0.000000s ]
INFO: [ template_filter ] --END-- [ RunTime:0.000000s ]
INFO: Run Behavior\ParseTemplateBehavior [ RunTime:0.015000s ]
INFO: [ view_parse ] --END-- [ RunTime:0.015000s ]
INFO: [ view_filter ] --START--
INFO: Run Behavior\WriteHtmlCacheBehavior [ RunTime:0.001000s ]
INFO: [ view_filter ] --END-- [ RunTime:0.001000s ]
INFO: [ app_end ] --START--
INFO: Run Behavior\ShowPageTraceBehavior [ RunTime:0.001001s ]
INFO: [ app_end ] --END-- [ RunTime:0.001001s ]

[ 2017-04-05T23:20:31+08:00 ] 127.0.0.1 /myblog/Home/Index/verifyShow.html
INFO: [ app_init ] --START--
INFO: Run Behavior\BuildLiteBehavior [ RunTime:0.000000s ]
INFO: [ app_init ] --END-- [ RunTime:0.001000s ]
INFO: [ app_begin ] --START--
INFO: Run Behavior\ReadHtmlCacheBehavior [ RunTime:0.000000s ]
INFO: [ app_begin ] --END-- [ RunTime:0.000000s ]
INFO: [ app_end ] --START--
INFO: Run Behavior\ShowPageTraceBehavior [ RunTime:0.001000s ]
INFO: [ app_end ] --END-- [ RunTime:0.001000s ]

[ 2017-04-05T23:20:43+08:00 ] 127.0.0.1 /myblog/Home/Diary/index.html
INFO: [ app_init ] --START--
INFO: Run Behavior\BuildLiteBehavior [ RunTime:0.000000s ]
INFO: [ app_init ] --END-- [ RunTime:0.001000s ]
INFO: [ app_begin ] --START--
INFO: Run Behavior\ReadHtmlCacheBehavior [ RunTime:0.000000s ]
INFO: [ app_begin ] --END-- [ RunTime:0.000000s ]
SQL: SHOW COLUMNS FROM `cate` [ RunTime:0.0040s ]
SQL: SHOW COLUMNS FROM `article` [ RunTime:0.0040s ]
SQL: SHOW COLUMNS FROM `comments` [ RunTime:0.0020s ]
SQL: SHOW COLUMNS FROM `diary` [ RunTime:0.0020s ]
SQL: SELECT `name`,`article_sum` FROM `cate`  [ RunTime:0.0000s ]
SQL: SELECT * FROM `article` WHERE ( id>0 ) ORDER BY `click_sum` asc LIMIT 7   [ RunTime:0.0000s ]
SQL: SELECT * FROM `comments` WHERE ( id>0 ) ORDER BY `com_time` desc LIMIT 4   [ RunTime:0.0000s ]
SQL: SELECT COUNT(*) AS tp_count FROM `comments` WHERE ( id>= 1 ) LIMIT 1   [ RunTime:0.0000s ]
SQL: SELECT * FROM `comments` WHERE ( id>= 1 ) ORDER BY `id` desc LIMIT 0,10   [ RunTime:0.0000s ]
INFO: [ view_parse ] --START--
INFO: [ template_filter ] --START--
INFO: Run Behavior\ContentReplaceBehavior [ RunTime:0.000000s ]
INFO: [ template_filter ] --END-- [ RunTime:0.000000s ]
INFO: Run Behavior\ParseTemplateBehavior [ RunTime:0.015001s ]
INFO: [ view_parse ] --END-- [ RunTime:0.015001s ]
INFO: [ view_filter ] --START--
INFO: Run Behavior\WriteHtmlCacheBehavior [ RunTime:0.000000s ]
INFO: [ view_filter ] --END-- [ RunTime:0.000000s ]
INFO: [ app_end ] --START--
INFO: Run Behavior\ShowPageTraceBehavior [ RunTime:0.000000s ]
INFO: [ app_end ] --END-- [ RunTime:0.000000s ]

[ 2017-04-05T23:20:43+08:00 ] 127.0.0.1 /myblog/Home/Index/verifyShow.html
INFO: [ app_init ] --START--
INFO: Run Behavior\BuildLiteBehavior [ RunTime:0.000000s ]
INFO: [ app_init ] --END-- [ RunTime:0.001000s ]
INFO: [ app_begin ] --START--
INFO: Run Behavior\ReadHtmlCacheBehavior [ RunTime:0.001000s ]
INFO: [ app_begin ] --END-- [ RunTime:0.001000s ]
INFO: [ app_end ] --START--
INFO: Run Behavior\ShowPageTraceBehavior [ RunTime:0.001000s ]
INFO: [ app_end ] --END-- [ RunTime:0.001000s ]

[ 2017-04-05T23:24:06+08:00 ] 127.0.0.1 /myblog/Home/Diary/index.html
INFO: [ app_init ] --START--
INFO: Run Behavior\BuildLiteBehavior [ RunTime:0.000000s ]
INFO: [ app_init ] --END-- [ RunTime:0.000000s ]
INFO: [ app_begin ] --START--
INFO: Run Behavior\ReadHtmlCacheBehavior [ RunTime:0.000000s ]
INFO: [ app_begin ] --END-- [ RunTime:0.000000s ]
SQL: SHOW COLUMNS FROM `cate` [ RunTime:0.0000s ]
SQL: SHOW COLUMNS FROM `article` [ RunTime:0.0000s ]
SQL: SHOW COLUMNS FROM `comments` [ RunTime:0.0000s ]
SQL: SHOW COLUMNS FROM `diary` [ RunTime:0.0100s ]
SQL: SELECT `name`,`article_sum` FROM `cate`  [ RunTime:0.0000s ]
SQL: SELECT * FROM `article` WHERE ( id>0 ) ORDER BY `click_sum` asc LIMIT 7   [ RunTime:0.0000s ]
SQL: SELECT * FROM `comments` WHERE ( id>0 ) ORDER BY `com_time` desc LIMIT 4   [ RunTime:0.0000s ]
SQL: SELECT COUNT(*) AS tp_count FROM `comments` WHERE ( id>= 1 ) LIMIT 1   [ RunTime:0.0000s ]
SQL: SELECT * FROM `comments` WHERE ( id>= 1 ) ORDER BY `id` desc LIMIT 0,10   [ RunTime:0.0000s ]
INFO: [ view_parse ] --START--
INFO: [ template_filter ] --START--
INFO: Run Behavior\ContentReplaceBehavior [ RunTime:0.000000s ]
INFO: [ template_filter ] --END-- [ RunTime:0.000000s ]
NOTIC: [8] Undefined index: title D:\xampp\htdocs\myblog\Application\Runtime\Cache\Home\7ef929994341686afe8d7d13be45e9b6.php 第 103 行.
NOTIC: [8] Undefined index: title D:\xampp\htdocs\myblog\Application\Runtime\Cache\Home\7ef929994341686afe8d7d13be45e9b6.php 第 103 行.
NOTIC: [8] Undefined index: title D:\xampp\htdocs\myblog\Application\Runtime\Cache\Home\7ef929994341686afe8d7d13be45e9b6.php 第 103 行.
NOTIC: [8] Undefined index: title D:\xampp\htdocs\myblog\Application\Runtime\Cache\Home\7ef929994341686afe8d7d13be45e9b6.php 第 103 行.
NOTIC: [8] Undefined index: title D:\xampp\htdocs\myblog\Application\Runtime\Cache\Home\7ef929994341686afe8d7d13be45e9b6.php 第 103 行.
NOTIC: [8] Undefined index: title D:\xampp\htdocs\myblog\Application\Runtime\Cache\Home\7ef929994341686afe8d7d13be45e9b6.php 第 103 行.
NOTIC: [8] Undefined index: title D:\xampp\htdocs\myblog\Application\Runtime\Cache\Home\7ef929994341686afe8d7d13be45e9b6.php 第 103 行.
NOTIC: [8] Undefined index: title D:\xampp\htdocs\myblog\Application\Runtime\Cache\Home\7ef929994341686afe8d7d13be45e9b6.php 第 103 行.
NOTIC: [8] Undefined index: title D:\xampp\htdocs\myblog\Application\Runtime\Cache\Home\7ef929994341686afe8d7d13be45e9b6.php 第 103 行.
NOTIC: [8] Undefined index: title D:\xampp\htdocs\myblog\Application\Runtime\Cache\Home\7ef929994341686afe8d7d13be45e9b6.php 第 103 行.
INFO: Run Behavior\ParseTemplateBehavior [ RunTime:0.020000s ]
INFO: [ view_parse ] --END-- [ RunTime:0.020000s ]
INFO: [ view_filter ] --START--
INFO: Run Behavior\WriteHtmlCacheBehavior [ RunTime:0.000000s ]
INFO: [ view_filter ] --END-- [ RunTime:0.000000s ]
INFO: [ app_end ] --START--
INFO: Run Behavior\ShowPageTraceBehavior [ RunTime:0.000000s ]
INFO: [ app_end ] --END-- [ RunTime:0.000000s ]

[ 2017-04-05T23:24:06+08:00 ] 127.0.0.1 /myblog/Home/Index/verifyShow.html
INFO: [ app_init ] --START--
INFO: Run Behavior\BuildLiteBehavior [ RunTime:0.000000s ]
INFO: [ app_init ] --END-- [ RunTime:0.000000s ]
INFO: [ app_begin ] --START--
INFO: Run Behavior\ReadHtmlCacheBehavior [ RunTime:0.010001s ]
INFO: [ app_begin ] --END-- [ RunTime:0.010001s ]
INFO: [ app_end ] --START--
INFO: Run Behavior\ShowPageTraceBehavior [ RunTime:0.000000s ]
INFO: [ app_end ] --END-- [ RunTime:0.000000s ]

[ 2017-04-05T23:24:41+08:00 ] 127.0.0.1 /myblog/Home/Diary/index.html
INFO: [ app_init ] --START--
INFO: Run Behavior\BuildLiteBehavior [ RunTime:0.000000s ]
INFO: [ app_init ] --END-- [ RunTime:0.000000s ]
INFO: [ app_begin ] --START--
INFO: Run Behavior\ReadHtmlCacheBehavior [ RunTime:0.000000s ]
INFO: [ app_begin ] --END-- [ RunTime:0.000000s ]
SQL: SHOW COLUMNS FROM `cate` [ RunTime:0.0000s ]
SQL: SHOW COLUMNS FROM `article` [ RunTime:0.0100s ]
SQL: SHOW COLUMNS FROM `comments` [ RunTime:0.0000s ]
SQL: SHOW COLUMNS FROM `diary` [ RunTime:0.0000s ]
SQL: SELECT `name`,`article_sum` FROM `cate`  [ RunTime:0.0000s ]
SQL: SELECT * FROM `article` WHERE ( id>0 ) ORDER BY `click_sum` asc LIMIT 7   [ RunTime:0.0000s ]
SQL: SELECT * FROM `comments` WHERE ( id>0 ) ORDER BY `com_time` desc LIMIT 4   [ RunTime:0.0000s ]
SQL: SELECT COUNT(*) AS tp_count FROM `diary` WHERE ( id>= 1 ) LIMIT 1   [ RunTime:0.0000s ]
SQL: SELECT * FROM `diary` WHERE ( id>= 1 ) ORDER BY `id` desc LIMIT 0,10   [ RunTime:0.0000s ]
INFO: [ view_parse ] --START--
INFO: [ template_filter ] --START--
INFO: Run Behavior\ContentReplaceBehavior [ RunTime:0.000000s ]
INFO: [ template_filter ] --END-- [ RunTime:0.000000s ]
INFO: Run Behavior\ParseTemplateBehavior [ RunTime:0.010000s ]
INFO: [ view_parse ] --END-- [ RunTime:0.010000s ]
INFO: [ view_filter ] --START--
INFO: Run Behavior\WriteHtmlCacheBehavior [ RunTime:0.010000s ]
INFO: [ view_filter ] --END-- [ RunTime:0.010000s ]
INFO: [ app_end ] --START--
INFO: Run Behavior\ShowPageTraceBehavior [ RunTime:0.000000s ]
INFO: [ app_end ] --END-- [ RunTime:0.000000s ]

[ 2017-04-05T23:24:41+08:00 ] 127.0.0.1 /myblog/Home/Index/verifyShow.html
INFO: [ app_init ] --START--
INFO: Run Behavior\BuildLiteBehavior [ RunTime:0.000000s ]
INFO: [ app_init ] --END-- [ RunTime:0.000000s ]
INFO: [ app_begin ] --START--
INFO: Run Behavior\ReadHtmlCacheBehavior [ RunTime:0.000000s ]
INFO: [ app_begin ] --END-- [ RunTime:0.000000s ]
INFO: [ app_end ] --START--
INFO: Run Behavior\ShowPageTraceBehavior [ RunTime:0.010000s ]
INFO: [ app_end ] --END-- [ RunTime:0.010000s ]

[ 2017-04-05T23:26:41+08:00 ] 127.0.0.1 /myblog/Home/Diary/index.html
INFO: [ app_init ] --START--
INFO: Run Behavior\BuildLiteBehavior [ RunTime:0.000000s ]
INFO: [ app_init ] --END-- [ RunTime:0.000000s ]
INFO: [ app_begin ] --START--
INFO: Run Behavior\ReadHtmlCacheBehavior [ RunTime:0.000000s ]
INFO: [ app_begin ] --END-- [ RunTime:0.000000s ]
SQL: SHOW COLUMNS FROM `cate` [ RunTime:0.0100s ]
SQL: SHOW COLUMNS FROM `article` [ RunTime:0.0000s ]
SQL: SHOW COLUMNS FROM `comments` [ RunTime:0.0000s ]
SQL: SHOW COLUMNS FROM `diary` [ RunTime:0.0100s ]
SQL: SELECT `name`,`article_sum` FROM `cate`  [ RunTime:0.0000s ]
SQL: SELECT * FROM `article` WHERE ( id>0 ) ORDER BY `click_sum` asc LIMIT 7   [ RunTime:0.0000s ]
SQL: SELECT * FROM `comments` WHERE ( id>0 ) ORDER BY `com_time` desc LIMIT 4   [ RunTime:0.0000s ]
SQL: SELECT COUNT(*) AS tp_count FROM `diary` WHERE ( id>= 1 ) LIMIT 1   [ RunTime:0.0000s ]
SQL: SELECT * FROM `diary` WHERE ( id>= 1 ) ORDER BY `id` desc LIMIT 0,10   [ RunTime:0.0000s ]
INFO: [ view_parse ] --START--
INFO: [ template_filter ] --START--
INFO: Run Behavior\ContentReplaceBehavior [ RunTime:0.000000s ]
INFO: [ template_filter ] --END-- [ RunTime:0.000000s ]
INFO: Run Behavior\ParseTemplateBehavior [ RunTime:0.020000s ]
INFO: [ view_parse ] --END-- [ RunTime:0.020000s ]
INFO: [ view_filter ] --START--
INFO: Run Behavior\WriteHtmlCacheBehavior [ RunTime:0.000000s ]
INFO: [ view_filter ] --END-- [ RunTime:0.000000s ]
INFO: [ app_end ] --START--
INFO: Run Behavior\ShowPageTraceBehavior [ RunTime:0.000000s ]
INFO: [ app_end ] --END-- [ RunTime:0.000000s ]

[ 2017-04-05T23:26:41+08:00 ] 127.0.0.1 /myblog/Home/Index/verifyShow.html
INFO: [ app_init ] --START--
INFO: Run Behavior\BuildLiteBehavior [ RunTime:0.000000s ]
INFO: [ app_init ] --END-- [ RunTime:0.000000s ]
INFO: [ app_begin ] --START--
INFO: Run Behavior\ReadHtmlCacheBehavior [ RunTime:0.000000s ]
INFO: [ app_begin ] --END-- [ RunTime:0.000000s ]
INFO: [ app_end ] --START--
INFO: Run Behavior\ShowPageTraceBehavior [ RunTime:0.000000s ]
INFO: [ app_end ] --END-- [ RunTime:0.000000s ]

[ 2017-04-05T23:27:18+08:00 ] 127.0.0.1 /myblog/Home/Diary/index.html
INFO: [ app_init ] --START--
INFO: Run Behavior\BuildLiteBehavior [ RunTime:0.000000s ]
INFO: [ app_init ] --END-- [ RunTime:0.000000s ]
INFO: [ app_begin ] --START--
INFO: Run Behavior\ReadHtmlCacheBehavior [ RunTime:0.000000s ]
INFO: [ app_begin ] --END-- [ RunTime:0.000000s ]
SQL: SHOW COLUMNS FROM `cate` [ RunTime:0.0000s ]
SQL: SHOW COLUMNS FROM `article` [ RunTime:0.0000s ]
SQL: SHOW COLUMNS FROM `comments` [ RunTime:0.0000s ]
SQL: SHOW COLUMNS FROM `diary` [ RunTime:0.0100s ]
SQL: SELECT `name`,`article_sum` FROM `cate`  [ RunTime:0.0000s ]
SQL: SELECT * FROM `article` WHERE ( id>0 ) ORDER BY `click_sum` asc LIMIT 7   [ RunTime:0.0000s ]
SQL: SELECT * FROM `comments` WHERE ( id>0 ) ORDER BY `com_time` desc LIMIT 4   [ RunTime:0.0000s ]
SQL: SELECT COUNT(*) AS tp_count FROM `diary` WHERE ( id>= 1 ) LIMIT 1   [ RunTime:0.0000s ]
SQL: SELECT * FROM `diary` WHERE ( id>= 1 ) ORDER BY `id` desc LIMIT 0,10   [ RunTime:0.0000s ]
INFO: [ view_parse ] --START--
INFO: [ template_filter ] --START--
INFO: Run Behavior\ContentReplaceBehavior [ RunTime:0.000000s ]
INFO: [ template_filter ] --END-- [ RunTime:0.000000s ]
INFO: Run Behavior\ParseTemplateBehavior [ RunTime:0.020000s ]
INFO: [ view_parse ] --END-- [ RunTime:0.020000s ]
INFO: [ view_filter ] --START--
INFO: Run Behavior\WriteHtmlCacheBehavior [ RunTime:0.000000s ]
INFO: [ view_filter ] --END-- [ RunTime:0.000000s ]
INFO: [ app_end ] --START--
INFO: Run Behavior\ShowPageTraceBehavior [ RunTime:0.010000s ]
INFO: [ app_end ] --END-- [ RunTime:0.010000s ]

[ 2017-04-05T23:27:18+08:00 ] 127.0.0.1 /myblog/Home/Index/verifyShow.html
INFO: [ app_init ] --START--
INFO: Run Behavior\BuildLiteBehavior [ RunTime:0.000000s ]
INFO: [ app_init ] --END-- [ RunTime:0.000000s ]
INFO: [ app_begin ] --START--
INFO: Run Behavior\ReadHtmlCacheBehavior [ RunTime:0.000000s ]
INFO: [ app_begin ] --END-- [ RunTime:0.000000s ]
INFO: [ app_end ] --START--
INFO: Run Behavior\ShowPageTraceBehavior [ RunTime:0.010000s ]
INFO: [ app_end ] --END-- [ RunTime:0.010000s ]

[ 2017-04-05T23:27:42+08:00 ] 127.0.0.1 /myblog/Home/Diary/index.html
INFO: [ app_init ] --START--
INFO: Run Behavior\BuildLiteBehavior [ RunTime:0.000000s ]
INFO: [ app_init ] --END-- [ RunTime:0.000000s ]
INFO: [ app_begin ] --START--
INFO: Run Behavior\ReadHtmlCacheBehavior [ RunTime:0.000000s ]
INFO: [ app_begin ] --END-- [ RunTime:0.000000s ]
SQL: SHOW COLUMNS FROM `cate` [ RunTime:0.0000s ]
SQL: SHOW COLUMNS FROM `article` [ RunTime:0.0000s ]
SQL: SHOW COLUMNS FROM `comments` [ RunTime:0.0000s ]
SQL: SHOW COLUMNS FROM `diary` [ RunTime:0.0100s ]
SQL: SELECT `name`,`article_sum` FROM `cate`  [ RunTime:0.0000s ]
SQL: SELECT * FROM `article` WHERE ( id>0 ) ORDER BY `click_sum` asc LIMIT 7   [ RunTime:0.0000s ]
SQL: SELECT * FROM `comments` WHERE ( id>0 ) ORDER BY `com_time` desc LIMIT 4   [ RunTime:0.0000s ]
SQL: SELECT COUNT(*) AS tp_count FROM `diary` WHERE ( id>= 1 ) LIMIT 1   [ RunTime:0.0000s ]
SQL: SELECT * FROM `diary` WHERE ( id>= 1 ) ORDER BY `id` desc LIMIT 0,10   [ RunTime:0.0000s ]
INFO: [ view_parse ] --START--
INFO: [ template_filter ] --START--
INFO: Run Behavior\ContentReplaceBehavior [ RunTime:0.000000s ]
INFO: [ template_filter ] --END-- [ RunTime:0.000000s ]
INFO: Run Behavior\ParseTemplateBehavior [ RunTime:0.020000s ]
INFO: [ view_parse ] --END-- [ RunTime:0.020000s ]
INFO: [ view_filter ] --START--
INFO: Run Behavior\WriteHtmlCacheBehavior [ RunTime:0.000000s ]
INFO: [ view_filter ] --END-- [ RunTime:0.000000s ]
INFO: [ app_end ] --START--
INFO: Run Behavior\ShowPageTraceBehavior [ RunTime:0.010000s ]
INFO: [ app_end ] --END-- [ RunTime:0.010000s ]

[ 2017-04-05T23:27:42+08:00 ] 127.0.0.1 /myblog/Home/Index/verifyShow.html
INFO: [ app_init ] --START--
INFO: Run Behavior\BuildLiteBehavior [ RunTime:0.000000s ]
INFO: [ app_init ] --END-- [ RunTime:0.000000s ]
INFO: [ app_begin ] --START--
INFO: Run Behavior\ReadHtmlCacheBehavior [ RunTime:0.000000s ]
INFO: [ app_begin ] --END-- [ RunTime:0.000000s ]
INFO: [ app_end ] --START--
INFO: Run Behavior\ShowPageTraceBehavior [ RunTime:0.010000s ]
INFO: [ app_end ] --END-- [ RunTime:0.010000s ]

[ 2017-04-05T23:27:48+08:00 ] 127.0.0.1 /myblog/Home/Diary/index.html
INFO: [ app_init ] --START--
INFO: Run Behavior\BuildLiteBehavior [ RunTime:0.000000s ]
INFO: [ app_init ] --END-- [ RunTime:0.000000s ]
INFO: [ app_begin ] --START--
INFO: Run Behavior\ReadHtmlCacheBehavior [ RunTime:0.000000s ]
INFO: [ app_begin ] --END-- [ RunTime:0.000000s ]
SQL: SHOW COLUMNS FROM `cate` [ RunTime:0.0000s ]
SQL: SHOW COLUMNS FROM `article` [ RunTime:0.0000s ]
SQL: SHOW COLUMNS FROM `comments` [ RunTime:0.0000s ]
SQL: SHOW COLUMNS FROM `diary` [ RunTime:0.0100s ]
SQL: SELECT `name`,`article_sum` FROM `cate`  [ RunTime:0.0000s ]
SQL: SELECT * FROM `article` WHERE ( id>0 ) ORDER BY `click_sum` asc LIMIT 7   [ RunTime:0.0000s ]
SQL: SELECT * FROM `comments` WHERE ( id>0 ) ORDER BY `com_time` desc LIMIT 4   [ RunTime:0.0000s ]
SQL: SELECT COUNT(*) AS tp_count FROM `diary` WHERE ( id>= 1 ) LIMIT 1   [ RunTime:0.0000s ]
SQL: SELECT * FROM `diary` WHERE ( id>= 1 ) ORDER BY `id` desc LIMIT 0,10   [ RunTime:0.0000s ]
INFO: [ view_parse ] --START--
INFO: [ template_filter ] --START--
INFO: Run Behavior\ContentReplaceBehavior [ RunTime:0.000000s ]
INFO: [ template_filter ] --END-- [ RunTime:0.000000s ]
INFO: Run Behavior\ParseTemplateBehavior [ RunTime:0.020000s ]
INFO: [ view_parse ] --END-- [ RunTime:0.020000s ]
INFO: [ view_filter ] --START--
INFO: Run Behavior\WriteHtmlCacheBehavior [ RunTime:0.000000s ]
INFO: [ view_filter ] --END-- [ RunTime:0.000000s ]
INFO: [ app_end ] --START--
INFO: Run Behavior\ShowPageTraceBehavior [ RunTime:0.000000s ]
INFO: [ app_end ] --END-- [ RunTime:0.000000s ]

[ 2017-04-05T23:27:49+08:00 ] 127.0.0.1 /myblog/Home/Index/verifyShow.html
INFO: [ app_init ] --START--
INFO: Run Behavior\BuildLiteBehavior [ RunTime:0.000000s ]
INFO: [ app_init ] --END-- [ RunTime:0.000000s ]
INFO: [ app_begin ] --START--
INFO: Run Behavior\ReadHtmlCacheBehavior [ RunTime:0.000000s ]
INFO: [ app_begin ] --END-- [ RunTime:0.000000s ]
INFO: [ app_end ] --START--
INFO: Run Behavior\ShowPageTraceBehavior [ RunTime:0.000000s ]
INFO: [ app_end ] --END-- [ RunTime:0.000000s ]

[ 2017-04-05T23:28:03+08:00 ] 127.0.0.1 /myblog/Home/Diary/index.html
INFO: [ app_init ] --START--
INFO: Run Behavior\BuildLiteBehavior [ RunTime:0.000000s ]
INFO: [ app_init ] --END-- [ RunTime:0.000000s ]
INFO: [ app_begin ] --START--
INFO: Run Behavior\ReadHtmlCacheBehavior [ RunTime:0.000000s ]
INFO: [ app_begin ] --END-- [ RunTime:0.000000s ]
SQL: SHOW COLUMNS FROM `cate` [ RunTime:0.0100s ]
SQL: SHOW COLUMNS FROM `article` [ RunTime:0.0000s ]
SQL: SHOW COLUMNS FROM `comments` [ RunTime:0.0000s ]
SQL: SHOW COLUMNS FROM `diary` [ RunTime:0.0000s ]
SQL: SELECT `name`,`article_sum` FROM `cate`  [ RunTime:0.0000s ]
SQL: SELECT * FROM `article` WHERE ( id>0 ) ORDER BY `click_sum` asc LIMIT 7   [ RunTime:0.0000s ]
SQL: SELECT * FROM `comments` WHERE ( id>0 ) ORDER BY `com_time` desc LIMIT 4   [ RunTime:0.0000s ]
SQL: SELECT COUNT(*) AS tp_count FROM `diary` WHERE ( id>= 1 ) LIMIT 1   [ RunTime:0.0000s ]
SQL: SELECT * FROM `diary` WHERE ( id>= 1 ) ORDER BY `id` desc LIMIT 0,10   [ RunTime:0.0000s ]
INFO: [ view_parse ] --START--
INFO: [ template_filter ] --START--
INFO: Run Behavior\ContentReplaceBehavior [ RunTime:0.000000s ]
INFO: [ template_filter ] --END-- [ RunTime:0.000000s ]
INFO: Run Behavior\ParseTemplateBehavior [ RunTime:0.020000s ]
INFO: [ view_parse ] --END-- [ RunTime:0.020000s ]
INFO: [ view_filter ] --START--
INFO: Run Behavior\WriteHtmlCacheBehavior [ RunTime:0.000000s ]
INFO: [ view_filter ] --END-- [ RunTime:0.000000s ]
INFO: [ app_end ] --START--
INFO: Run Behavior\ShowPageTraceBehavior [ RunTime:0.000000s ]
INFO: [ app_end ] --END-- [ RunTime:0.000000s ]

[ 2017-04-05T23:28:03+08:00 ] 127.0.0.1 /myblog/Home/Index/verifyShow.html
INFO: [ app_init ] --START--
INFO: Run Behavior\BuildLiteBehavior [ RunTime:0.000000s ]
INFO: [ app_init ] --END-- [ RunTime:0.000000s ]
INFO: [ app_begin ] --START--
INFO: Run Behavior\ReadHtmlCacheBehavior [ RunTime:0.000000s ]
INFO: [ app_begin ] --END-- [ RunTime:0.000000s ]
INFO: [ app_end ] --START--
INFO: Run Behavior\ShowPageTraceBehavior [ RunTime:0.000000s ]
INFO: [ app_end ] --END-- [ RunTime:0.000000s ]

[ 2017-04-05T23:29:42+08:00 ] 127.0.0.1 /myblog/Home/Diary/index.html
INFO: [ app_init ] --START--
INFO: Run Behavior\BuildLiteBehavior [ RunTime:0.000000s ]
INFO: [ app_init ] --END-- [ RunTime:0.000000s ]
INFO: [ app_begin ] --START--
INFO: Run Behavior\ReadHtmlCacheBehavior [ RunTime:0.000000s ]
INFO: [ app_begin ] --END-- [ RunTime:0.000000s ]
SQL: SHOW COLUMNS FROM `cate` [ RunTime:0.0000s ]
SQL: SHOW COLUMNS FROM `article` [ RunTime:0.0000s ]
SQL: SHOW COLUMNS FROM `comments` [ RunTime:0.0100s ]
SQL: SHOW COLUMNS FROM `diary` [ RunTime:0.0000s ]
SQL: SELECT `name`,`article_sum` FROM `cate`  [ RunTime:0.0000s ]
SQL: SELECT * FROM `article` WHERE ( id>0 ) ORDER BY `click_sum` asc LIMIT 7   [ RunTime:0.0000s ]
SQL: SELECT * FROM `comments` WHERE ( id>0 ) ORDER BY `com_time` desc LIMIT 4   [ RunTime:0.0000s ]
SQL: SELECT COUNT(*) AS tp_count FROM `diary` WHERE ( id>= 1 ) LIMIT 1   [ RunTime:0.0000s ]
SQL: SELECT * FROM `diary` WHERE ( id>= 1 ) ORDER BY `id` desc LIMIT 0,10   [ RunTime:0.0000s ]
INFO: [ view_parse ] --START--
INFO: [ template_filter ] --START--
INFO: Run Behavior\ContentReplaceBehavior [ RunTime:0.000000s ]
INFO: [ template_filter ] --END-- [ RunTime:0.000000s ]
INFO: Run Behavior\ParseTemplateBehavior [ RunTime:0.020000s ]
INFO: [ view_parse ] --END-- [ RunTime:0.020000s ]
INFO: [ view_filter ] --START--
INFO: Run Behavior\WriteHtmlCacheBehavior [ RunTime:0.000000s ]
INFO: [ view_filter ] --END-- [ RunTime:0.000000s ]
INFO: [ app_end ] --START--
INFO: Run Behavior\ShowPageTraceBehavior [ RunTime:0.000000s ]
INFO: [ app_end ] --END-- [ RunTime:0.000000s ]

[ 2017-04-05T23:29:42+08:00 ] 127.0.0.1 /myblog/Home/Index/verifyShow.html
INFO: [ app_init ] --START--
INFO: Run Behavior\BuildLiteBehavior [ RunTime:0.000000s ]
INFO: [ app_init ] --END-- [ RunTime:0.000000s ]
INFO: [ app_begin ] --START--
INFO: Run Behavior\ReadHtmlCacheBehavior [ RunTime:0.000000s ]
INFO: [ app_begin ] --END-- [ RunTime:0.000000s ]
INFO: [ app_end ] --START--
INFO: Run Behavior\ShowPageTraceBehavior [ RunTime:0.000000s ]
INFO: [ app_end ] --END-- [ RunTime:0.000000s ]

[ 2017-04-05T23:31:15+08:00 ] 127.0.0.1 /myblog/Home/Diary/index.html
INFO: [ app_init ] --START--
INFO: Run Behavior\BuildLiteBehavior [ RunTime:0.000000s ]
INFO: [ app_init ] --END-- [ RunTime:0.000000s ]
INFO: [ app_begin ] --START--
INFO: Run Behavior\ReadHtmlCacheBehavior [ RunTime:0.000000s ]
INFO: [ app_begin ] --END-- [ RunTime:0.000000s ]
SQL: SHOW COLUMNS FROM `cate` [ RunTime:0.0000s ]
SQL: SHOW COLUMNS FROM `article` [ RunTime:0.0000s ]
SQL: SHOW COLUMNS FROM `comments` [ RunTime:0.0000s ]
SQL: SHOW COLUMNS FROM `diary` [ RunTime:0.0000s ]
SQL: SELECT `name`,`article_sum` FROM `cate`  [ RunTime:0.0000s ]
SQL: SELECT * FROM `article` WHERE ( id>0 ) ORDER BY `click_sum` asc LIMIT 7   [ RunTime:0.0000s ]
SQL: SELECT * FROM `comments` WHERE ( id>0 ) ORDER BY `com_time` desc LIMIT 4   [ RunTime:0.0000s ]
SQL: SELECT COUNT(*) AS tp_count FROM `diary` WHERE ( id>= 1 ) LIMIT 1   [ RunTime:0.0000s ]
SQL: SELECT * FROM `diary` WHERE ( id>= 1 ) ORDER BY `id` desc LIMIT 0,10   [ RunTime:0.0000s ]
INFO: [ view_parse ] --START--
INFO: [ template_filter ] --START--
INFO: Run Behavior\ContentReplaceBehavior [ RunTime:0.000000s ]
INFO: [ template_filter ] --END-- [ RunTime:0.000000s ]
INFO: Run Behavior\ParseTemplateBehavior [ RunTime:0.020000s ]
INFO: [ view_parse ] --END-- [ RunTime:0.020000s ]
INFO: [ view_filter ] --START--
INFO: Run Behavior\WriteHtmlCacheBehavior [ RunTime:0.000000s ]
INFO: [ view_filter ] --END-- [ RunTime:0.000000s ]
INFO: [ app_end ] --START--
INFO: Run Behavior\ShowPageTraceBehavior [ RunTime:0.010000s ]
INFO: [ app_end ] --END-- [ RunTime:0.010000s ]

[ 2017-04-05T23:31:15+08:00 ] 127.0.0.1 /myblog/Home/Index/verifyShow.html
INFO: [ app_init ] --START--
INFO: Run Behavior\BuildLiteBehavior [ RunTime:0.000000s ]
INFO: [ app_init ] --END-- [ RunTime:0.000000s ]
INFO: [ app_begin ] --START--
INFO: Run Behavior\ReadHtmlCacheBehavior [ RunTime:0.000000s ]
INFO: [ app_begin ] --END-- [ RunTime:0.000000s ]
INFO: [ app_end ] --START--
INFO: Run Behavior\ShowPageTraceBehavior [ RunTime:0.010000s ]
INFO: [ app_end ] --END-- [ RunTime:0.010000s ]

[ 2017-04-05T23:31:48+08:00 ] 127.0.0.1 /myblog/Home/Comment/index.html
INFO: [ app_init ] --START--
INFO: Run Behavior\BuildLiteBehavior [ RunTime:0.000000s ]
INFO: [ app_init ] --END-- [ RunTime:0.000000s ]
INFO: [ app_begin ] --START--
INFO: Run Behavior\ReadHtmlCacheBehavior [ RunTime:0.000000s ]
INFO: [ app_begin ] --END-- [ RunTime:0.000000s ]
SQL: SHOW COLUMNS FROM `cate` [ RunTime:0.0000s ]
SQL: SHOW COLUMNS FROM `article` [ RunTime:0.0000s ]
SQL: SHOW COLUMNS FROM `comments` [ RunTime:0.0000s ]
SQL: SELECT `name`,`article_sum` FROM `cate`  [ RunTime:0.0000s ]
SQL: SELECT * FROM `article` WHERE ( id>0 ) ORDER BY `click_sum` asc LIMIT 7   [ RunTime:0.0000s ]
SQL: SELECT COUNT(*) AS tp_count FROM `comments` WHERE ( id>= 1 ) LIMIT 1   [ RunTime:0.0100s ]
SQL: SELECT * FROM `comments` WHERE ( id>= 1 ) ORDER BY `id` desc LIMIT 0,10   [ RunTime:0.0000s ]
INFO: [ view_parse ] --START--
INFO: [ template_filter ] --START--
INFO: Run Behavior\ContentReplaceBehavior [ RunTime:0.000000s ]
INFO: [ template_filter ] --END-- [ RunTime:0.000000s ]
INFO: Run Behavior\ParseTemplateBehavior [ RunTime:0.010000s ]
INFO: [ view_parse ] --END-- [ RunTime:0.010000s ]
INFO: [ view_filter ] --START--
INFO: Run Behavior\WriteHtmlCacheBehavior [ RunTime:0.000000s ]
INFO: [ view_filter ] --END-- [ RunTime:0.000000s ]
INFO: [ app_end ] --START--
INFO: Run Behavior\ShowPageTraceBehavior [ RunTime:0.000000s ]
INFO: [ app_end ] --END-- [ RunTime:0.000000s ]

[ 2017-04-05T23:31:48+08:00 ] 127.0.0.1 /myblog/Home/Index/verifyShow.html
INFO: [ app_init ] --START--
INFO: Run Behavior\BuildLiteBehavior [ RunTime:0.000000s ]
INFO: [ app_init ] --END-- [ RunTime:0.000000s ]
INFO: [ app_begin ] --START--
INFO: Run Behavior\ReadHtmlCacheBehavior [ RunTime:0.000000s ]
INFO: [ app_begin ] --END-- [ RunTime:0.000000s ]
INFO: [ app_end ] --START--
INFO: Run Behavior\ShowPageTraceBehavior [ RunTime:0.000000s ]
INFO: [ app_end ] --END-- [ RunTime:0.000000s ]

[ 2017-04-05T23:31:50+08:00 ] 127.0.0.1 /myblog/Home/Comment/index.html
INFO: [ app_init ] --START--
INFO: Run Behavior\BuildLiteBehavior [ RunTime:0.000000s ]
INFO: [ app_init ] --END-- [ RunTime:0.000000s ]
INFO: [ app_begin ] --START--
INFO: Run Behavior\ReadHtmlCacheBehavior [ RunTime:0.000000s ]
INFO: [ app_begin ] --END-- [ RunTime:0.000000s ]
SQL: SHOW COLUMNS FROM `cate` [ RunTime:0.0100s ]
SQL: SHOW COLUMNS FROM `article` [ RunTime:0.0000s ]
SQL: SHOW COLUMNS FROM `comments` [ RunTime:0.0000s ]
SQL: SELECT `name`,`article_sum` FROM `cate`  [ RunTime:0.0000s ]
SQL: SELECT * FROM `article` WHERE ( id>0 ) ORDER BY `click_sum` asc LIMIT 7   [ RunTime:0.0000s ]
SQL: SELECT COUNT(*) AS tp_count FROM `comments` WHERE ( id>= 1 ) LIMIT 1   [ RunTime:0.0000s ]
SQL: SELECT * FROM `comments` WHERE ( id>= 1 ) ORDER BY `id` desc LIMIT 0,10   [ RunTime:0.0000s ]
INFO: [ view_parse ] --START--
INFO: [ template_filter ] --START--
INFO: Run Behavior\ContentReplaceBehavior [ RunTime:0.000000s ]
INFO: [ template_filter ] --END-- [ RunTime:0.000000s ]
INFO: Run Behavior\ParseTemplateBehavior [ RunTime:0.020000s ]
INFO: [ view_parse ] --END-- [ RunTime:0.020000s ]
INFO: [ view_filter ] --START--
INFO: Run Behavior\WriteHtmlCacheBehavior [ RunTime:0.000000s ]
INFO: [ view_filter ] --END-- [ RunTime:0.000000s ]
INFO: [ app_end ] --START--
INFO: Run Behavior\ShowPageTraceBehavior [ RunTime:0.000000s ]
INFO: [ app_end ] --END-- [ RunTime:0.000000s ]

[ 2017-04-05T23:31:50+08:00 ] 127.0.0.1 /myblog/Home/Index/verifyShow.html
INFO: [ app_init ] --START--
INFO: Run Behavior\BuildLiteBehavior [ RunTime:0.000000s ]
INFO: [ app_init ] --END-- [ RunTime:0.000000s ]
INFO: [ app_begin ] --START--
INFO: Run Behavior\ReadHtmlCacheBehavior [ RunTime:0.000000s ]
INFO: [ app_begin ] --END-- [ RunTime:0.000000s ]
INFO: [ app_end ] --START--
INFO: Run Behavior\ShowPageTraceBehavior [ RunTime:0.000000s ]
INFO: [ app_end ] --END-- [ RunTime:0.000000s ]

[ 2017-04-05T23:32:00+08:00 ] 127.0.0.1 /myblog/Home/Diary/index.html
INFO: [ app_init ] --START--
INFO: Run Behavior\BuildLiteBehavior [ RunTime:0.000000s ]
INFO: [ app_init ] --END-- [ RunTime:0.000000s ]
INFO: [ app_begin ] --START--
INFO: Run Behavior\ReadHtmlCacheBehavior [ RunTime:0.000000s ]
INFO: [ app_begin ] --END-- [ RunTime:0.000000s ]
SQL: SHOW COLUMNS FROM `cate` [ RunTime:0.0000s ]
SQL: SHOW COLUMNS FROM `article` [ RunTime:0.0000s ]
SQL: SHOW COLUMNS FROM `comments` [ RunTime:0.0100s ]
SQL: SHOW COLUMNS FROM `diary` [ RunTime:0.0000s ]
SQL: SELECT `name`,`article_sum` FROM `cate`  [ RunTime:0.0000s ]
SQL: SELECT * FROM `article` WHERE ( id>0 ) ORDER BY `click_sum` asc LIMIT 7   [ RunTime:0.0000s ]
SQL: SELECT * FROM `comments` WHERE ( id>0 ) ORDER BY `com_time` desc LIMIT 4   [ RunTime:0.0000s ]
SQL: SELECT COUNT(*) AS tp_count FROM `diary` WHERE ( id>= 1 ) LIMIT 1   [ RunTime:0.0000s ]
SQL: SELECT * FROM `diary` WHERE ( id>= 1 ) ORDER BY `id` desc LIMIT 0,10   [ RunTime:0.0000s ]
INFO: [ view_parse ] --START--
INFO: [ template_filter ] --START--
INFO: Run Behavior\ContentReplaceBehavior [ RunTime:0.000000s ]
INFO: [ template_filter ] --END-- [ RunTime:0.000000s ]
INFO: Run Behavior\ParseTemplateBehavior [ RunTime:0.020000s ]
INFO: [ view_parse ] --END-- [ RunTime:0.020000s ]
INFO: [ view_filter ] --START--
INFO: Run Behavior\WriteHtmlCacheBehavior [ RunTime:0.000000s ]
INFO: [ view_filter ] --END-- [ RunTime:0.000000s ]
INFO: [ app_end ] --START--
INFO: Run Behavior\ShowPageTraceBehavior [ RunTime:0.000000s ]
INFO: [ app_end ] --END-- [ RunTime:0.000000s ]

[ 2017-04-05T23:32:00+08:00 ] 127.0.0.1 /myblog/Home/Index/verifyShow.html
INFO: [ app_init ] --START--
INFO: Run Behavior\BuildLiteBehavior [ RunTime:0.000000s ]
INFO: [ app_init ] --END-- [ RunTime:0.000000s ]
INFO: [ app_begin ] --START--
INFO: Run Behavior\ReadHtmlCacheBehavior [ RunTime:0.000000s ]
INFO: [ app_begin ] --END-- [ RunTime:0.000000s ]
INFO: [ app_end ] --START--
INFO: Run Behavior\ShowPageTraceBehavior [ RunTime:0.000000s ]
INFO: [ app_end ] --END-- [ RunTime:0.000000s ]

[ 2017-04-05T23:32:02+08:00 ] 127.0.0.1 /myblog/Home/Comment/index.html
INFO: [ app_init ] --START--
INFO: Run Behavior\BuildLiteBehavior [ RunTime:0.000000s ]
INFO: [ app_init ] --END-- [ RunTime:0.000000s ]
INFO: [ app_begin ] --START--
INFO: Run Behavior\ReadHtmlCacheBehavior [ RunTime:0.000000s ]
INFO: [ app_begin ] --END-- [ RunTime:0.000000s ]
SQL: SHOW COLUMNS FROM `cate` [ RunTime:0.0000s ]
SQL: SHOW COLUMNS FROM `article` [ RunTime:0.0100s ]
SQL: SHOW COLUMNS FROM `comments` [ RunTime:0.0000s ]
SQL: SELECT `name`,`article_sum` FROM `cate`  [ RunTime:0.0000s ]
SQL: SELECT * FROM `article` WHERE ( id>0 ) ORDER BY `click_sum` asc LIMIT 7   [ RunTime:0.0000s ]
SQL: SELECT COUNT(*) AS tp_count FROM `comments` WHERE ( id>= 1 ) LIMIT 1   [ RunTime:0.0000s ]
SQL: SELECT * FROM `comments` WHERE ( id>= 1 ) ORDER BY `id` desc LIMIT 0,10   [ RunTime:0.0100s ]
INFO: [ view_parse ] --START--
INFO: [ template_filter ] --START--
INFO: Run Behavior\ContentReplaceBehavior [ RunTime:0.000000s ]
INFO: [ template_filter ] --END-- [ RunTime:0.000000s ]
INFO: Run Behavior\ParseTemplateBehavior [ RunTime:0.020000s ]
INFO: [ view_parse ] --END-- [ RunTime:0.020000s ]
INFO: [ view_filter ] --START--
INFO: Run Behavior\WriteHtmlCacheBehavior [ RunTime:0.000000s ]
INFO: [ view_filter ] --END-- [ RunTime:0.000000s ]
INFO: [ app_end ] --START--
INFO: Run Behavior\ShowPageTraceBehavior [ RunTime:0.000000s ]
INFO: [ app_end ] --END-- [ RunTime:0.000000s ]

[ 2017-04-05T23:32:02+08:00 ] 127.0.0.1 /myblog/Home/Index/verifyShow.html
INFO: [ app_init ] --START--
INFO: Run Behavior\BuildLiteBehavior [ RunTime:0.000000s ]
INFO: [ app_init ] --END-- [ RunTime:0.000000s ]
INFO: [ app_begin ] --START--
INFO: Run Behavior\ReadHtmlCacheBehavior [ RunTime:0.000000s ]
INFO: [ app_begin ] --END-- [ RunTime:0.000000s ]
INFO: [ app_end ] --START--
INFO: Run Behavior\ShowPageTraceBehavior [ RunTime:0.000000s ]
INFO: [ app_end ] --END-- [ RunTime:0.000000s ]

[ 2017-04-05T23:32:25+08:00 ] 127.0.0.1 /myblog/Home/Comment/index.html
INFO: [ app_init ] --START--
INFO: Run Behavior\BuildLiteBehavior [ RunTime:0.000000s ]
INFO: [ app_init ] --END-- [ RunTime:0.000000s ]
INFO: [ app_begin ] --START--
INFO: Run Behavior\ReadHtmlCacheBehavior [ RunTime:0.000000s ]
INFO: [ app_begin ] --END-- [ RunTime:0.000000s ]
SQL: SHOW COLUMNS FROM `cate` [ RunTime:0.0000s ]
SQL: SHOW COLUMNS FROM `article` [ RunTime:0.0000s ]
SQL: SHOW COLUMNS FROM `comments` [ RunTime:0.0100s ]
SQL: SELECT `name`,`article_sum` FROM `cate`  [ RunTime:0.0000s ]
SQL: SELECT * FROM `article` WHERE ( id>0 ) ORDER BY `click_sum` asc LIMIT 7   [ RunTime:0.0000s ]
SQL: SELECT COUNT(*) AS tp_count FROM `comments` WHERE ( id>= 1 ) LIMIT 1   [ RunTime:0.0000s ]
SQL: SELECT * FROM `comments` WHERE ( id>= 1 ) ORDER BY `id` desc LIMIT 0,10   [ RunTime:0.0000s ]
INFO: [ view_parse ] --START--
INFO: [ template_filter ] --START--
INFO: Run Behavior\ContentReplaceBehavior [ RunTime:0.000000s ]
INFO: [ template_filter ] --END-- [ RunTime:0.000000s ]
INFO: Run Behavior\ParseTemplateBehavior [ RunTime:0.020000s ]
INFO: [ view_parse ] --END-- [ RunTime:0.020000s ]
INFO: [ view_filter ] --START--
INFO: Run Behavior\WriteHtmlCacheBehavior [ RunTime:0.000000s ]
INFO: [ view_filter ] --END-- [ RunTime:0.000000s ]
INFO: [ app_end ] --START--
INFO: Run Behavior\ShowPageTraceBehavior [ RunTime:0.000000s ]
INFO: [ app_end ] --END-- [ RunTime:0.000000s ]

[ 2017-04-05T23:32:25+08:00 ] 127.0.0.1 /myblog/Home/Index/verifyShow.html
INFO: [ app_init ] --START--
INFO: Run Behavior\BuildLiteBehavior [ RunTime:0.000000s ]
INFO: [ app_init ] --END-- [ RunTime:0.000000s ]
INFO: [ app_begin ] --START--
INFO: Run Behavior\ReadHtmlCacheBehavior [ RunTime:0.000000s ]
INFO: [ app_begin ] --END-- [ RunTime:0.000000s ]
INFO: [ app_end ] --START--
INFO: Run Behavior\ShowPageTraceBehavior [ RunTime:0.000000s ]
INFO: [ app_end ] --END-- [ RunTime:0.000000s ]

[ 2017-04-05T23:33:27+08:00 ] 127.0.0.1 /myblog/Home/Comment/index.html
INFO: [ app_init ] --START--
INFO: Run Behavior\BuildLiteBehavior [ RunTime:0.000000s ]
INFO: [ app_init ] --END-- [ RunTime:0.000000s ]
INFO: [ app_begin ] --START--
INFO: Run Behavior\ReadHtmlCacheBehavior [ RunTime:0.000000s ]
INFO: [ app_begin ] --END-- [ RunTime:0.000000s ]
SQL: SHOW COLUMNS FROM `cate` [ RunTime:0.0100s ]
SQL: SHOW COLUMNS FROM `article` [ RunTime:0.0000s ]
SQL: SHOW COLUMNS FROM `comments` [ RunTime:0.0000s ]
SQL: SELECT `name`,`article_sum` FROM `cate`  [ RunTime:0.0000s ]
SQL: SELECT * FROM `article` WHERE ( id>0 ) ORDER BY `click_sum` asc LIMIT 7   [ RunTime:0.0000s ]
SQL: SELECT COUNT(*) AS tp_count FROM `comments` WHERE ( id>= 1 ) LIMIT 1   [ RunTime:0.0000s ]
SQL: SELECT * FROM `comments` WHERE ( id>= 1 ) ORDER BY `id` desc LIMIT 0,10   [ RunTime:0.0000s ]
INFO: [ view_parse ] --START--
INFO: [ template_filter ] --START--
INFO: Run Behavior\ContentReplaceBehavior [ RunTime:0.000000s ]
INFO: [ template_filter ] --END-- [ RunTime:0.000000s ]
INFO: Run Behavior\ParseTemplateBehavior [ RunTime:0.020000s ]
INFO: [ view_parse ] --END-- [ RunTime:0.020000s ]
INFO: [ view_filter ] --START--
INFO: Run Behavior\WriteHtmlCacheBehavior [ RunTime:0.000000s ]
INFO: [ view_filter ] --END-- [ RunTime:0.000000s ]
INFO: [ app_end ] --START--
INFO: Run Behavior\ShowPageTraceBehavior [ RunTime:0.000000s ]
INFO: [ app_end ] --END-- [ RunTime:0.000000s ]

[ 2017-04-05T23:33:27+08:00 ] 127.0.0.1 /myblog/Home/Index/verifyShow.html
INFO: [ app_init ] --START--
INFO: Run Behavior\BuildLiteBehavior [ RunTime:0.000000s ]
INFO: [ app_init ] --END-- [ RunTime:0.000000s ]
INFO: [ app_begin ] --START--
INFO: Run Behavior\ReadHtmlCacheBehavior [ RunTime:0.000000s ]
INFO: [ app_begin ] --END-- [ RunTime:0.000000s ]
INFO: [ app_end ] --START--
INFO: Run Behavior\ShowPageTraceBehavior [ RunTime:0.000000s ]
INFO: [ app_end ] --END-- [ RunTime:0.000000s ]

[ 2017-04-05T23:33:56+08:00 ] 127.0.0.1 /myblog/Home/Comment/index.html
INFO: [ app_init ] --START--
INFO: Run Behavior\BuildLiteBehavior [ RunTime:0.000000s ]
INFO: [ app_init ] --END-- [ RunTime:0.000000s ]
INFO: [ app_begin ] --START--
INFO: Run Behavior\ReadHtmlCacheBehavior [ RunTime:0.000000s ]
INFO: [ app_begin ] --END-- [ RunTime:0.000000s ]
SQL: SHOW COLUMNS FROM `cate` [ RunTime:0.0100s ]
SQL: SHOW COLUMNS FROM `article` [ RunTime:0.0000s ]
SQL: SHOW COLUMNS FROM `comments` [ RunTime:0.0100s ]
SQL: SELECT `name`,`article_sum` FROM `cate`  [ RunTime:0.0000s ]
SQL: SELECT * FROM `article` WHERE ( id>0 ) ORDER BY `click_sum` asc LIMIT 7   [ RunTime:0.0000s ]
SQL: SELECT COUNT(*) AS tp_count FROM `comments` WHERE ( id>= 1 ) LIMIT 1   [ RunTime:0.0000s ]
SQL: SELECT * FROM `comments` WHERE ( id>= 1 ) ORDER BY `id` desc LIMIT 0,10   [ RunTime:0.0000s ]
INFO: [ view_parse ] --START--
INFO: [ template_filter ] --START--
INFO: Run Behavior\ContentReplaceBehavior [ RunTime:0.000000s ]
INFO: [ template_filter ] --END-- [ RunTime:0.000000s ]
INFO: Run Behavior\ParseTemplateBehavior [ RunTime:0.020000s ]
INFO: [ view_parse ] --END-- [ RunTime:0.020000s ]
INFO: [ view_filter ] --START--
INFO: Run Behavior\WriteHtmlCacheBehavior [ RunTime:0.000000s ]
INFO: [ view_filter ] --END-- [ RunTime:0.000000s ]
INFO: [ app_end ] --START--
INFO: Run Behavior\ShowPageTraceBehavior [ RunTime:0.000000s ]
INFO: [ app_end ] --END-- [ RunTime:0.000000s ]

[ 2017-04-05T23:33:57+08:00 ] 127.0.0.1 /myblog/Home/Index/verifyShow.html
INFO: [ app_init ] --START--
INFO: Run Behavior\BuildLiteBehavior [ RunTime:0.000000s ]
INFO: [ app_init ] --END-- [ RunTime:0.000000s ]
INFO: [ app_begin ] --START--
INFO: Run Behavior\ReadHtmlCacheBehavior [ RunTime:0.000000s ]
INFO: [ app_begin ] --END-- [ RunTime:0.000000s ]
INFO: [ app_end ] --START--
INFO: Run Behavior\ShowPageTraceBehavior [ RunTime:0.000000s ]
INFO: [ app_end ] --END-- [ RunTime:0.000000s ]

[ 2017-04-05T23:34:43+08:00 ] 127.0.0.1 /myblog/Home/Comment/index.html
INFO: [ app_init ] --START--
INFO: Run Behavior\BuildLiteBehavior [ RunTime:0.000000s ]
INFO: [ app_init ] --END-- [ RunTime:0.000000s ]
INFO: [ app_begin ] --START--
INFO: Run Behavior\ReadHtmlCacheBehavior [ RunTime:0.000000s ]
INFO: [ app_begin ] --END-- [ RunTime:0.000000s ]
SQL: SHOW COLUMNS FROM `cate` [ RunTime:0.0000s ]
SQL: SHOW COLUMNS FROM `article` [ RunTime:0.0000s ]
SQL: SHOW COLUMNS FROM `comments` [ RunTime:0.0000s ]
SQL: SELECT `name`,`article_sum` FROM `cate`  [ RunTime:0.0000s ]
SQL: SELECT * FROM `article` WHERE ( id>0 ) ORDER BY `click_sum` asc LIMIT 7   [ RunTime:0.0000s ]
SQL: SELECT COUNT(*) AS tp_count FROM `comments` WHERE ( id>= 1 ) LIMIT 1   [ RunTime:0.0000s ]
SQL: SELECT * FROM `comments` WHERE ( id>= 1 ) ORDER BY `id` desc LIMIT 0,10   [ RunTime:0.0000s ]
INFO: [ view_parse ] --START--
INFO: [ template_filter ] --START--
INFO: Run Behavior\ContentReplaceBehavior [ RunTime:0.000000s ]
INFO: [ template_filter ] --END-- [ RunTime:0.000000s ]
INFO: Run Behavior\ParseTemplateBehavior [ RunTime:0.010000s ]
INFO: [ view_parse ] --END-- [ RunTime:0.010000s ]
INFO: [ view_filter ] --START--
INFO: Run Behavior\WriteHtmlCacheBehavior [ RunTime:0.000000s ]
INFO: [ view_filter ] --END-- [ RunTime:0.000000s ]
INFO: [ app_end ] --START--
INFO: Run Behavior\ShowPageTraceBehavior [ RunTime:0.000000s ]
INFO: [ app_end ] --END-- [ RunTime:0.000000s ]

[ 2017-04-05T23:34:43+08:00 ] 127.0.0.1 /myblog/Home/Index/verifyShow.html
INFO: [ app_init ] --START--
INFO: Run Behavior\BuildLiteBehavior [ RunTime:0.000000s ]
INFO: [ app_init ] --END-- [ RunTime:0.000000s ]
INFO: [ app_begin ] --START--
INFO: Run Behavior\ReadHtmlCacheBehavior [ RunTime:0.000000s ]
INFO: [ app_begin ] --END-- [ RunTime:0.000000s ]
INFO: [ app_end ] --START--
INFO: Run Behavior\ShowPageTraceBehavior [ RunTime:0.000000s ]
INFO: [ app_end ] --END-- [ RunTime:0.000000s ]

[ 2017-04-05T23:34:58+08:00 ] 127.0.0.1 /myblog/Home/Comment/index.html
INFO: [ app_init ] --START--
INFO: Run Behavior\BuildLiteBehavior [ RunTime:0.000000s ]
INFO: [ app_init ] --END-- [ RunTime:0.010000s ]
INFO: [ app_begin ] --START--
INFO: Run Behavior\ReadHtmlCacheBehavior [ RunTime:0.000000s ]
INFO: [ app_begin ] --END-- [ RunTime:0.000000s ]
SQL: SHOW COLUMNS FROM `cate` [ RunTime:0.0000s ]
SQL: SHOW COLUMNS FROM `article` [ RunTime:0.0000s ]
SQL: SHOW COLUMNS FROM `comments` [ RunTime:0.0100s ]
SQL: SELECT `name`,`article_sum` FROM `cate`  [ RunTime:0.0000s ]
SQL: SELECT * FROM `article` WHERE ( id>0 ) ORDER BY `click_sum` asc LIMIT 7   [ RunTime:0.0000s ]
SQL: SELECT COUNT(*) AS tp_count FROM `comments` WHERE ( id>= 1 ) LIMIT 1   [ RunTime:0.0000s ]
SQL: SELECT * FROM `comments` WHERE ( id>= 1 ) ORDER BY `id` desc LIMIT 0,10   [ RunTime:0.0000s ]
INFO: [ view_parse ] --START--
INFO: [ template_filter ] --START--
INFO: Run Behavior\ContentReplaceBehavior [ RunTime:0.010000s ]
INFO: [ template_filter ] --END-- [ RunTime:0.010000s ]
INFO: Run Behavior\ParseTemplateBehavior [ RunTime:0.020000s ]
INFO: [ view_parse ] --END-- [ RunTime:0.020000s ]
INFO: [ view_filter ] --START--
INFO: Run Behavior\WriteHtmlCacheBehavior [ RunTime:0.000000s ]
INFO: [ view_filter ] --END-- [ RunTime:0.000000s ]
INFO: [ app_end ] --START--
INFO: Run Behavior\ShowPageTraceBehavior [ RunTime:0.000000s ]
INFO: [ app_end ] --END-- [ RunTime:0.000000s ]

[ 2017-04-05T23:34:58+08:00 ] 127.0.0.1 /myblog/Home/Index/verifyShow.html
INFO: [ app_init ] --START--
INFO: Run Behavior\BuildLiteBehavior [ RunTime:0.000000s ]
INFO: [ app_init ] --END-- [ RunTime:0.000000s ]
INFO: [ app_begin ] --START--
INFO: Run Behavior\ReadHtmlCacheBehavior [ RunTime:0.010000s ]
INFO: [ app_begin ] --END-- [ RunTime:0.010000s ]
INFO: [ app_end ] --START--
INFO: Run Behavior\ShowPageTraceBehavior [ RunTime:0.000000s ]
INFO: [ app_end ] --END-- [ RunTime:0.000000s ]

[ 2017-04-05T23:35:53+08:00 ] 127.0.0.1 /myblog/Home/Comment/index.html
INFO: [ app_init ] --START--
INFO: Run Behavior\BuildLiteBehavior [ RunTime:0.000000s ]
INFO: [ app_init ] --END-- [ RunTime:0.000000s ]
INFO: [ app_begin ] --START--
INFO: Run Behavior\ReadHtmlCacheBehavior [ RunTime:0.010001s ]
INFO: [ app_begin ] --END-- [ RunTime:0.010001s ]
SQL: SHOW COLUMNS FROM `cate` [ RunTime:0.0000s ]
SQL: SHOW COLUMNS FROM `article` [ RunTime:0.0000s ]
SQL: SHOW COLUMNS FROM `comments` [ RunTime:0.0000s ]
SQL: SELECT `name`,`article_sum` FROM `cate`  [ RunTime:0.0000s ]
SQL: SELECT * FROM `article` WHERE ( id>0 ) ORDER BY `click_sum` asc LIMIT 7   [ RunTime:0.0000s ]
SQL: SELECT COUNT(*) AS tp_count FROM `comments` WHERE ( id>= 1 ) LIMIT 1   [ RunTime:0.0000s ]
SQL: SELECT * FROM `comments` WHERE ( id>= 1 ) ORDER BY `id` desc LIMIT 0,10   [ RunTime:0.0000s ]
INFO: [ view_parse ] --START--
INFO: [ template_filter ] --START--
INFO: Run Behavior\ContentReplaceBehavior [ RunTime:0.000000s ]
INFO: [ template_filter ] --END-- [ RunTime:0.000000s ]
INFO: Run Behavior\ParseTemplateBehavior [ RunTime:0.020000s ]
INFO: [ view_parse ] --END-- [ RunTime:0.020000s ]
INFO: [ view_filter ] --START--
INFO: Run Behavior\WriteHtmlCacheBehavior [ RunTime:0.000000s ]
INFO: [ view_filter ] --END-- [ RunTime:0.000000s ]
INFO: [ app_end ] --START--
INFO: Run Behavior\ShowPageTraceBehavior [ RunTime:0.000000s ]
INFO: [ app_end ] --END-- [ RunTime:0.000000s ]

[ 2017-04-05T23:35:54+08:00 ] 127.0.0.1 /myblog/Home/Index/verifyShow.html
INFO: [ app_init ] --START--
INFO: Run Behavior\BuildLiteBehavior [ RunTime:0.000000s ]
INFO: [ app_init ] --END-- [ RunTime:0.000000s ]
INFO: [ app_begin ] --START--
INFO: Run Behavior\ReadHtmlCacheBehavior [ RunTime:0.000000s ]
INFO: [ app_begin ] --END-- [ RunTime:0.000000s ]
INFO: [ app_end ] --START--
INFO: Run Behavior\ShowPageTraceBehavior [ RunTime:0.000000s ]
INFO: [ app_end ] --END-- [ RunTime:0.000000s ]

[ 2017-04-05T23:37:52+08:00 ] 127.0.0.1 /myblog/Home/Comment/index.html
INFO: [ app_init ] --START--
INFO: Run Behavior\BuildLiteBehavior [ RunTime:0.000000s ]
INFO: [ app_init ] --END-- [ RunTime:0.000000s ]
INFO: [ app_begin ] --START--
INFO: Run Behavior\ReadHtmlCacheBehavior [ RunTime:0.001000s ]
INFO: [ app_begin ] --END-- [ RunTime:0.001000s ]
SQL: SHOW COLUMNS FROM `cate` [ RunTime:0.0030s ]
SQL: SHOW COLUMNS FROM `article` [ RunTime:0.0030s ]
SQL: SHOW COLUMNS FROM `comments` [ RunTime:0.0050s ]
SQL: SELECT `name`,`article_sum` FROM `cate`  [ RunTime:0.0010s ]
SQL: SELECT * FROM `article` WHERE ( id>0 ) ORDER BY `click_sum` asc LIMIT 7   [ RunTime:0.0010s ]
SQL: SELECT COUNT(*) AS tp_count FROM `comments` WHERE ( id>= 1 ) LIMIT 1   [ RunTime:0.0000s ]
SQL: SELECT * FROM `comments` WHERE ( id>= 1 ) ORDER BY `id` desc LIMIT 0,10   [ RunTime:0.0000s ]
INFO: [ view_parse ] --START--
INFO: [ template_filter ] --START--
INFO: Run Behavior\ContentReplaceBehavior [ RunTime:0.000000s ]
INFO: [ template_filter ] --END-- [ RunTime:0.000000s ]
INFO: Run Behavior\ParseTemplateBehavior [ RunTime:0.021001s ]
INFO: [ view_parse ] --END-- [ RunTime:0.021001s ]
INFO: [ view_filter ] --START--
INFO: Run Behavior\WriteHtmlCacheBehavior [ RunTime:0.001000s ]
INFO: [ view_filter ] --END-- [ RunTime:0.001000s ]
INFO: [ app_end ] --START--
INFO: Run Behavior\ShowPageTraceBehavior [ RunTime:0.001000s ]
INFO: [ app_end ] --END-- [ RunTime:0.001000s ]

[ 2017-04-05T23:37:52+08:00 ] 127.0.0.1 /myblog/Home/Index/verifyShow.html
INFO: [ app_init ] --START--
INFO: Run Behavior\BuildLiteBehavior [ RunTime:0.000000s ]
INFO: [ app_init ] --END-- [ RunTime:0.001000s ]
INFO: [ app_begin ] --START--
INFO: Run Behavior\ReadHtmlCacheBehavior [ RunTime:0.002000s ]
INFO: [ app_begin ] --END-- [ RunTime:0.002000s ]
INFO: [ app_end ] --START--
INFO: Run Behavior\ShowPageTraceBehavior [ RunTime:0.001000s ]
INFO: [ app_end ] --END-- [ RunTime:0.001000s ]

[ 2017-04-05T23:39:01+08:00 ] 127.0.0.1 /myblog/Home/Comment/index.html
INFO: [ app_init ] --START--
INFO: Run Behavior\BuildLiteBehavior [ RunTime:0.000000s ]
INFO: [ app_init ] --END-- [ RunTime:0.000000s ]
INFO: [ app_begin ] --START--
INFO: Run Behavior\ReadHtmlCacheBehavior [ RunTime:0.000000s ]
INFO: [ app_begin ] --END-- [ RunTime:0.000000s ]
SQL: SHOW COLUMNS FROM `cate` [ RunTime:0.0000s ]
SQL: SHOW COLUMNS FROM `article` [ RunTime:0.0000s ]
SQL: SHOW COLUMNS FROM `comments` [ RunTime:0.0100s ]
SQL: SELECT `name`,`article_sum` FROM `cate`  [ RunTime:0.0000s ]
SQL: SELECT * FROM `article` WHERE ( id>0 ) ORDER BY `click_sum` asc LIMIT 7   [ RunTime:0.0100s ]
SQL: SELECT COUNT(*) AS tp_count FROM `comments` WHERE ( id>= 1 ) LIMIT 1   [ RunTime:0.0000s ]
SQL: SELECT * FROM `comments` WHERE ( id>= 1 ) ORDER BY `id` desc LIMIT 0,10   [ RunTime:0.0000s ]
INFO: [ view_parse ] --START--
INFO: [ template_filter ] --START--
INFO: Run Behavior\ContentReplaceBehavior [ RunTime:0.000000s ]
INFO: [ template_filter ] --END-- [ RunTime:0.000000s ]
INFO: Run Behavior\ParseTemplateBehavior [ RunTime:0.020000s ]
INFO: [ view_parse ] --END-- [ RunTime:0.020000s ]
INFO: [ view_filter ] --START--
INFO: Run Behavior\WriteHtmlCacheBehavior [ RunTime:0.000000s ]
INFO: [ view_filter ] --END-- [ RunTime:0.000000s ]
INFO: [ app_end ] --START--
INFO: Run Behavior\ShowPageTraceBehavior [ RunTime:0.000000s ]
INFO: [ app_end ] --END-- [ RunTime:0.000000s ]

[ 2017-04-05T23:39:02+08:00 ] 127.0.0.1 /myblog/Home/Index/verifyShow.html
INFO: [ app_init ] --START--
INFO: Run Behavior\BuildLiteBehavior [ RunTime:0.000000s ]
INFO: [ app_init ] --END-- [ RunTime:0.000000s ]
INFO: [ app_begin ] --START--
INFO: Run Behavior\ReadHtmlCacheBehavior [ RunTime:0.010000s ]
INFO: [ app_begin ] --END-- [ RunTime:0.010000s ]
INFO: [ app_end ] --START--
INFO: Run Behavior\ShowPageTraceBehavior [ RunTime:0.000000s ]
INFO: [ app_end ] --END-- [ RunTime:0.000000s ]

[ 2017-04-05T23:39:27+08:00 ] 127.0.0.1 /myblog/Home/Comment/index.html
INFO: [ app_init ] --START--
INFO: Run Behavior\BuildLiteBehavior [ RunTime:0.000000s ]
INFO: [ app_init ] --END-- [ RunTime:0.000000s ]
INFO: [ app_begin ] --START--
INFO: Run Behavior\ReadHtmlCacheBehavior [ RunTime:0.000000s ]
INFO: [ app_begin ] --END-- [ RunTime:0.000000s ]
SQL: SHOW COLUMNS FROM `cate` [ RunTime:0.0000s ]
SQL: SHOW COLUMNS FROM `article` [ RunTime:0.0000s ]
SQL: SHOW COLUMNS FROM `comments` [ RunTime:0.0000s ]
SQL: SELECT `name`,`article_sum` FROM `cate`  [ RunTime:0.0000s ]
SQL: SELECT * FROM `article` WHERE ( id>0 ) ORDER BY `click_sum` asc LIMIT 7   [ RunTime:0.0000s ]
SQL: SELECT COUNT(*) AS tp_count FROM `comments` WHERE ( id>= 1 ) LIMIT 1   [ RunTime:0.0000s ]
SQL: SELECT * FROM `comments` WHERE ( id>= 1 ) ORDER BY `id` desc LIMIT 0,10   [ RunTime:0.0000s ]
INFO: [ view_parse ] --START--
INFO: [ template_filter ] --START--
INFO: Run Behavior\ContentReplaceBehavior [ RunTime:0.000000s ]
INFO: [ template_filter ] --END-- [ RunTime:0.000000s ]
INFO: Run Behavior\ParseTemplateBehavior [ RunTime:0.020000s ]
INFO: [ view_parse ] --END-- [ RunTime:0.020000s ]
INFO: [ view_filter ] --START--
INFO: Run Behavior\WriteHtmlCacheBehavior [ RunTime:0.000000s ]
INFO: [ view_filter ] --END-- [ RunTime:0.000000s ]
INFO: [ app_end ] --START--
INFO: Run Behavior\ShowPageTraceBehavior [ RunTime:0.000000s ]
INFO: [ app_end ] --END-- [ RunTime:0.000000s ]

[ 2017-04-05T23:39:27+08:00 ] 127.0.0.1 /myblog/Home/Index/verifyShow.html
INFO: [ app_init ] --START--
INFO: Run Behavior\BuildLiteBehavior [ RunTime:0.000000s ]
INFO: [ app_init ] --END-- [ RunTime:0.000000s ]
INFO: [ app_begin ] --START--
INFO: Run Behavior\ReadHtmlCacheBehavior [ RunTime:0.000000s ]
INFO: [ app_begin ] --END-- [ RunTime:0.000000s ]
INFO: [ app_end ] --START--
INFO: Run Behavior\ShowPageTraceBehavior [ RunTime:0.000000s ]
INFO: [ app_end ] --END-- [ RunTime:0.000000s ]

[ 2017-04-05T23:39:27+08:00 ] 127.0.0.1 /myblog/Home/Diary/index.html
INFO: [ app_init ] --START--
INFO: Run Behavior\BuildLiteBehavior [ RunTime:0.000000s ]
INFO: [ app_init ] --END-- [ RunTime:0.000000s ]
INFO: [ app_begin ] --START--
INFO: Run Behavior\ReadHtmlCacheBehavior [ RunTime:0.000000s ]
INFO: [ app_begin ] --END-- [ RunTime:0.000000s ]
SQL: SHOW COLUMNS FROM `cate` [ RunTime:0.0100s ]
SQL: SHOW COLUMNS FROM `article` [ RunTime:0.0000s ]
SQL: SHOW COLUMNS FROM `comments` [ RunTime:0.0000s ]
SQL: SHOW COLUMNS FROM `diary` [ RunTime:0.0100s ]
SQL: SELECT `name`,`article_sum` FROM `cate`  [ RunTime:0.0000s ]
SQL: SELECT * FROM `article` WHERE ( id>0 ) ORDER BY `click_sum` asc LIMIT 7   [ RunTime:0.0000s ]
SQL: SELECT * FROM `comments` WHERE ( id>0 ) ORDER BY `com_time` desc LIMIT 4   [ RunTime:0.0000s ]
SQL: SELECT COUNT(*) AS tp_count FROM `diary` WHERE ( id>= 1 ) LIMIT 1   [ RunTime:0.0000s ]
SQL: SELECT * FROM `diary` WHERE ( id>= 1 ) ORDER BY `id` desc LIMIT 0,10   [ RunTime:0.0000s ]
INFO: [ view_parse ] --START--
INFO: [ template_filter ] --START--
INFO: Run Behavior\ContentReplaceBehavior [ RunTime:0.000000s ]
INFO: [ template_filter ] --END-- [ RunTime:0.000000s ]
INFO: Run Behavior\ParseTemplateBehavior [ RunTime:0.020000s ]
INFO: [ view_parse ] --END-- [ RunTime:0.020000s ]
INFO: [ view_filter ] --START--
INFO: Run Behavior\WriteHtmlCacheBehavior [ RunTime:0.000000s ]
INFO: [ view_filter ] --END-- [ RunTime:0.000000s ]
INFO: [ app_end ] --START--
INFO: Run Behavior\ShowPageTraceBehavior [ RunTime:0.000000s ]
INFO: [ app_end ] --END-- [ RunTime:0.000000s ]

[ 2017-04-05T23:39:27+08:00 ] 127.0.0.1 /myblog/Home/Index/verifyShow.html
INFO: [ app_init ] --START--
INFO: Run Behavior\BuildLiteBehavior [ RunTime:0.000000s ]
INFO: [ app_init ] --END-- [ RunTime:0.000000s ]
INFO: [ app_begin ] --START--
INFO: Run Behavior\ReadHtmlCacheBehavior [ RunTime:0.000000s ]
INFO: [ app_begin ] --END-- [ RunTime:0.000000s ]
INFO: [ app_end ] --START--
INFO: Run Behavior\ShowPageTraceBehavior [ RunTime:0.010000s ]
INFO: [ app_end ] --END-- [ RunTime:0.010000s ]

[ 2017-04-05T23:40:04+08:00 ] 127.0.0.1 /myblog/Home/Diary/index.html
INFO: [ app_init ] --START--
INFO: Run Behavior\BuildLiteBehavior [ RunTime:0.000000s ]
INFO: [ app_init ] --END-- [ RunTime:0.000000s ]
INFO: [ app_begin ] --START--
INFO: Run Behavior\ReadHtmlCacheBehavior [ RunTime:0.000000s ]
INFO: [ app_begin ] --END-- [ RunTime:0.000000s ]
SQL: SHOW COLUMNS FROM `cate` [ RunTime:0.0100s ]
SQL: SHOW COLUMNS FROM `article` [ RunTime:0.0000s ]
SQL: SHOW COLUMNS FROM `comments` [ RunTime:0.0100s ]
SQL: SHOW COLUMNS FROM `diary` [ RunTime:0.0000s ]
SQL: SELECT `name`,`article_sum` FROM `cate`  [ RunTime:0.0000s ]
SQL: SELECT * FROM `article` WHERE ( id>0 ) ORDER BY `click_sum` asc LIMIT 7   [ RunTime:0.0000s ]
SQL: SELECT * FROM `comments` WHERE ( id>0 ) ORDER BY `com_time` desc LIMIT 4   [ RunTime:0.0000s ]
SQL: SELECT COUNT(*) AS tp_count FROM `diary` WHERE ( id>= 1 ) LIMIT 1   [ RunTime:0.0000s ]
SQL: SELECT * FROM `diary` WHERE ( id>= 1 ) ORDER BY `id` desc LIMIT 0,10   [ RunTime:0.0000s ]
INFO: [ view_parse ] --START--
INFO: [ template_filter ] --START--
INFO: Run Behavior\ContentReplaceBehavior [ RunTime:0.000000s ]
INFO: [ template_filter ] --END-- [ RunTime:0.000000s ]
INFO: Run Behavior\ParseTemplateBehavior [ RunTime:0.020000s ]
INFO: [ view_parse ] --END-- [ RunTime:0.020000s ]
INFO: [ view_filter ] --START--
INFO: Run Behavior\WriteHtmlCacheBehavior [ RunTime:0.000000s ]
INFO: [ view_filter ] --END-- [ RunTime:0.000000s ]
INFO: [ app_end ] --START--
INFO: Run Behavior\ShowPageTraceBehavior [ RunTime:0.000000s ]
INFO: [ app_end ] --END-- [ RunTime:0.000000s ]

[ 2017-04-05T23:40:04+08:00 ] 127.0.0.1 /myblog/Home/Index/verifyShow.html
INFO: [ app_init ] --START--
INFO: Run Behavior\BuildLiteBehavior [ RunTime:0.000000s ]
INFO: [ app_init ] --END-- [ RunTime:0.000000s ]
INFO: [ app_begin ] --START--
INFO: Run Behavior\ReadHtmlCacheBehavior [ RunTime:0.000000s ]
INFO: [ app_begin ] --END-- [ RunTime:0.000000s ]
INFO: [ app_end ] --START--
INFO: Run Behavior\ShowPageTraceBehavior [ RunTime:0.000000s ]
INFO: [ app_end ] --END-- [ RunTime:0.000000s ]

[ 2017-04-05T23:40:55+08:00 ] 127.0.0.1 /myblog/Home/Diary/index.html
INFO: [ app_init ] --START--
INFO: Run Behavior\BuildLiteBehavior [ RunTime:0.000000s ]
INFO: [ app_init ] --END-- [ RunTime:0.000000s ]
INFO: [ app_begin ] --START--
INFO: Run Behavior\ReadHtmlCacheBehavior [ RunTime:0.000000s ]
INFO: [ app_begin ] --END-- [ RunTime:0.000000s ]
SQL: SHOW COLUMNS FROM `cate` [ RunTime:0.0000s ]
SQL: SHOW COLUMNS FROM `article` [ RunTime:0.0000s ]
SQL: SHOW COLUMNS FROM `comments` [ RunTime:0.0100s ]
SQL: SHOW COLUMNS FROM `diary` [ RunTime:0.0000s ]
SQL: SELECT `name`,`article_sum` FROM `cate`  [ RunTime:0.0000s ]
SQL: SELECT * FROM `article` WHERE ( id>0 ) ORDER BY `click_sum` asc LIMIT 7   [ RunTime:0.0000s ]
SQL: SELECT * FROM `comments` WHERE ( id>0 ) ORDER BY `com_time` desc LIMIT 4   [ RunTime:0.0000s ]
SQL: SELECT COUNT(*) AS tp_count FROM `diary` WHERE ( id>= 1 ) LIMIT 1   [ RunTime:0.0000s ]
SQL: SELECT * FROM `diary` WHERE ( id>= 1 ) ORDER BY `id` desc LIMIT 0,10   [ RunTime:0.0000s ]
INFO: [ view_parse ] --START--
INFO: [ template_filter ] --START--
INFO: Run Behavior\ContentReplaceBehavior [ RunTime:0.000000s ]
INFO: [ template_filter ] --END-- [ RunTime:0.000000s ]
INFO: Run Behavior\ParseTemplateBehavior [ RunTime:0.020000s ]
INFO: [ view_parse ] --END-- [ RunTime:0.020000s ]
INFO: [ view_filter ] --START--
INFO: Run Behavior\WriteHtmlCacheBehavior [ RunTime:0.000000s ]
INFO: [ view_filter ] --END-- [ RunTime:0.000000s ]
INFO: [ app_end ] --START--
INFO: Run Behavior\ShowPageTraceBehavior [ RunTime:0.010000s ]
INFO: [ app_end ] --END-- [ RunTime:0.010000s ]

[ 2017-04-05T23:40:55+08:00 ] 127.0.0.1 /myblog/Home/Index/verifyShow.html
INFO: [ app_init ] --START--
INFO: Run Behavior\BuildLiteBehavior [ RunTime:0.000000s ]
INFO: [ app_init ] --END-- [ RunTime:0.000000s ]
INFO: [ app_begin ] --START--
INFO: Run Behavior\ReadHtmlCacheBehavior [ RunTime:0.000000s ]
INFO: [ app_begin ] --END-- [ RunTime:0.000000s ]
INFO: [ app_end ] --START--
INFO: Run Behavior\ShowPageTraceBehavior [ RunTime:0.000000s ]
INFO: [ app_end ] --END-- [ RunTime:0.000000s ]

