[ 2017-02-19T00:21:52+08:00 ] 127.0.0.1 /myblog/Public/CatImg/
INFO: [ app_init ] --START--
INFO: Run Behavior\BuildLiteBehavior [ RunTime:0.000000s ]
INFO: [ app_init ] --END-- [ RunTime:0.001001s ]
ERR: 无法加载模块:Public

[ 2017-02-19T00:22:05+08:00 ] 127.0.0.1 /myblog/Public/CatImg/
INFO: [ app_init ] --START--
INFO: Run Behavior\BuildLiteBehavior [ RunTime:0.000000s ]
INFO: [ app_init ] --END-- [ RunTime:0.001000s ]
ERR: 无法加载模块:Public

[ 2017-02-19T00:22:22+08:00 ] 127.0.0.1 /myblog/Public/CatImg/
INFO: [ app_init ] --START--
INFO: Run Behavior\BuildLiteBehavior [ RunTime:0.000000s ]
INFO: [ app_init ] --END-- [ RunTime:0.001000s ]
ERR: 无法加载模块:Public

[ 2017-02-19T00:22:37+08:00 ] 127.0.0.1 /myblog/Public/CatImg/
INFO: [ app_init ] --START--
INFO: Run Behavior\BuildLiteBehavior [ RunTime:0.000000s ]
INFO: [ app_init ] --END-- [ RunTime:0.001000s ]
ERR: 无法加载模块:Public

[ 2017-02-19T00:22:51+08:00 ] 127.0.0.1 /myblog/Public/CatImg/CatImg/2017-02-18/linux.jpg
INFO: [ app_init ] --START--
INFO: Run Behavior\BuildLiteBehavior [ RunTime:0.000000s ]
INFO: [ app_init ] --END-- [ RunTime:0.000000s ]

[ 2017-02-19T00:22:51+08:00 ] 127.0.0.1 /myblog/Public/CatImg/CatImg/2017-02-18/test.png
INFO: [ app_init ] --START--
INFO: Run Behavior\BuildLiteBehavior [ RunTime:0.000000s ]
INFO: [ app_init ] --END-- [ RunTime:0.001000s ]

[ 2017-02-19T00:23:16+08:00 ] 127.0.0.1 /myblog/Public/CatImg/2017-02-18/linux.jpg
INFO: [ app_init ] --START--
INFO: Run Behavior\BuildLiteBehavior [ RunTime:0.000000s ]
INFO: [ app_init ] --END-- [ RunTime:0.000000s ]

[ 2017-02-19T00:23:16+08:00 ] 127.0.0.1 /myblog/Public/CatImg/2017-02-18/test.png
INFO: [ app_init ] --START--
INFO: Run Behavior\BuildLiteBehavior [ RunTime:0.000000s ]
INFO: [ app_init ] --END-- [ RunTime:0.001000s ]

[ 2017-02-19T00:23:18+08:00 ] 127.0.0.1 /myblog/Public/CatImg/2017-02-18/test.png
INFO: [ app_init ] --START--
INFO: Run Behavior\BuildLiteBehavior [ RunTime:0.000000s ]
INFO: [ app_init ] --END-- [ RunTime:0.001000s ]

[ 2017-02-19T00:23:18+08:00 ] 127.0.0.1 /myblog/Public/CatImg/2017-02-18/linux.jpg
INFO: [ app_init ] --START--
INFO: Run Behavior\BuildLiteBehavior [ RunTime:0.000000s ]
INFO: [ app_init ] --END-- [ RunTime:0.001000s ]

[ 2017-02-19T00:23:33+08:00 ] 127.0.0.1 /myblog/Admin/CatManage/.Public/CatImg/2017-02-18/linux.jpg
INFO: [ app_init ] --START--
INFO: Run Behavior\BuildLiteBehavior [ RunTime:0.000000s ]
INFO: [ app_init ] --END-- [ RunTime:0.001000s ]

[ 2017-02-19T00:23:33+08:00 ] 127.0.0.1 /myblog/Admin/CatManage/.Public/CatImg/2017-02-18/test.png
INFO: [ app_init ] --START--
INFO: Run Behavior\BuildLiteBehavior [ RunTime:0.000000s ]
INFO: [ app_init ] --END-- [ RunTime:0.000000s ]

[ 2017-02-19T00:25:08+08:00 ] 127.0.0.1 /myblog/Admin/CatManage/CatImg/2017-02-18/linux.jpg
INFO: [ app_init ] --START--
INFO: Run Behavior\BuildLiteBehavior [ RunTime:0.000000s ]
INFO: [ app_init ] --END-- [ RunTime:0.000000s ]

[ 2017-02-19T00:25:08+08:00 ] 127.0.0.1 /myblog/Admin/CatManage/CatImg/2017-02-18/test.png
INFO: [ app_init ] --START--
INFO: Run Behavior\BuildLiteBehavior [ RunTime:0.001001s ]
INFO: [ app_init ] --END-- [ RunTime:0.002001s ]

